{"/home/francischeah/Documents/projects/008_xipos/sources/xi-print-server/src/config.js": {"path":"/home/francischeah/Documents/projects/008_xipos/sources/xi-print-server/src/config.js","statementMap":{"0":{"start":{"line":1,"column":15},"end":{"line":1,"column":32}},"1":{"start":{"line":2,"column":13},"end":{"line":2,"column":28}},"2":{"start":{"line":4,"column":0},"end":{"line":4,"column":60}},"3":{"start":{"line":6,"column":15},"end":{"line":43,"column":1}},"4":{"start":{"line":34,"column":66},"end":{"line":34,"column":79}},"5":{"start":{"line":51,"column":20},"end":{"line":51,"column":72}},"6":{"start":{"line":52,"column":4},"end":{"line":55,"column":5}},"7":{"start":{"line":53,"column":8},"end":{"line":53,"column":97}},"8":{"start":{"line":54,"column":8},"end":{"line":54,"column":21}},"9":{"start":{"line":56,"column":4},"end":{"line":56,"column":16}},"10":{"start":{"line":65,"column":21},"end":{"line":65,"column":76}},"11":{"start":{"line":66,"column":4},"end":{"line":69,"column":5}},"12":{"start":{"line":67,"column":8},"end":{"line":67,"column":101}},"13":{"start":{"line":68,"column":8},"end":{"line":68,"column":21}},"14":{"start":{"line":70,"column":4},"end":{"line":70,"column":16}},"15":{"start":{"line":79,"column":23},"end":{"line":79,"column":30}},"16":{"start":{"line":80,"column":4},"end":{"line":83,"column":5}},"17":{"start":{"line":81,"column":8},"end":{"line":81,"column":153}},"18":{"start":{"line":82,"column":8},"end":{"line":82,"column":21}},"19":{"start":{"line":84,"column":4},"end":{"line":84,"column":16}},"20":{"start":{"line":93,"column":20},"end":{"line":93,"column":45}},"21":{"start":{"line":94,"column":4},"end":{"line":97,"column":5}},"22":{"start":{"line":95,"column":8},"end":{"line":95,"column":99}},"23":{"start":{"line":96,"column":8},"end":{"line":96,"column":21}},"24":{"start":{"line":100,"column":19},"end":{"line":100,"column":32}},"25":{"start":{"line":101,"column":4},"end":{"line":107,"column":5}},"26":{"start":{"line":102,"column":20},"end":{"line":102,"column":39}},"27":{"start":{"line":103,"column":8},"end":{"line":106,"column":9}},"28":{"start":{"line":104,"column":12},"end":{"line":104,"column":109}},"29":{"start":{"line":105,"column":12},"end":{"line":105,"column":25}},"30":{"start":{"line":109,"column":4},"end":{"line":109,"column":16}},"31":{"start":{"line":117,"column":16},"end":{"line":117,"column":20}},"32":{"start":{"line":120,"column":4},"end":{"line":122,"column":5}},"33":{"start":{"line":121,"column":8},"end":{"line":121,"column":22}},"34":{"start":{"line":125,"column":4},"end":{"line":127,"column":5}},"35":{"start":{"line":126,"column":8},"end":{"line":126,"column":22}},"36":{"start":{"line":130,"column":4},"end":{"line":132,"column":5}},"37":{"start":{"line":131,"column":8},"end":{"line":131,"column":22}},"38":{"start":{"line":135,"column":4},"end":{"line":139,"column":5}},"39":{"start":{"line":136,"column":8},"end":{"line":138,"column":9}},"40":{"start":{"line":137,"column":12},"end":{"line":137,"column":26}},"41":{"start":{"line":142,"column":30},"end":{"line":142,"column":88}},"42":{"start":{"line":143,"column":4},"end":{"line":146,"column":5}},"43":{"start":{"line":144,"column":8},"end":{"line":144,"column":101}},"44":{"start":{"line":145,"column":8},"end":{"line":145,"column":22}},"45":{"start":{"line":149,"column":4},"end":{"line":152,"column":5}},"46":{"start":{"line":150,"column":8},"end":{"line":150,"column":102}},"47":{"start":{"line":151,"column":8},"end":{"line":151,"column":24}},"48":{"start":{"line":156,"column":0},"end":{"line":156,"column":17}},"49":{"start":{"line":158,"column":0},"end":{"line":158,"column":28}}},"fnMap":{"0":{"name":"(anonymous_0)","decl":{"start":{"line":34,"column":54},"end":{"line":34,"column":55}},"loc":{"start":{"line":34,"column":66},"end":{"line":34,"column":79}},"line":34},"1":{"name":"validatePort","decl":{"start":{"line":50,"column":9},"end":{"line":50,"column":21}},"loc":{"start":{"line":50,"column":28},"end":{"line":57,"column":1}},"line":50},"2":{"name":"validatePaperWidth","decl":{"start":{"line":64,"column":9},"end":{"line":64,"column":27}},"loc":{"start":{"line":64,"column":35},"end":{"line":71,"column":1}},"line":64},"3":{"name":"validatePrinterType","decl":{"start":{"line":78,"column":9},"end":{"line":78,"column":28}},"loc":{"start":{"line":78,"column":35},"end":{"line":85,"column":1}},"line":78},"4":{"name":"validateIPAddress","decl":{"start":{"line":92,"column":9},"end":{"line":92,"column":26}},"loc":{"start":{"line":92,"column":31},"end":{"line":110,"column":1}},"line":92},"5":{"name":"validateConfig","decl":{"start":{"line":116,"column":9},"end":{"line":116,"column":23}},"loc":{"start":{"line":116,"column":26},"end":{"line":153,"column":1}},"line":116}},"branchMap":{"0":{"loc":{"start":{"line":8,"column":14},"end":{"line":8,"column":38}},"type":"binary-expr","locations":[{"start":{"line":8,"column":14},"end":{"line":8,"column":30}},{"start":{"line":8,"column":34},"end":{"line":8,"column":38}}],"line":8},"1":{"loc":{"start":{"line":9,"column":14},"end":{"line":9,"column":43}},"type":"binary-expr","locations":[{"start":{"line":9,"column":14},"end":{"line":9,"column":30}},{"start":{"line":9,"column":34},"end":{"line":9,"column":43}}],"line":9},"2":{"loc":{"start":{"line":12,"column":16},"end":{"line":12,"column":41}},"type":"binary-expr","locations":[{"start":{"line":12,"column":16},"end":{"line":12,"column":35}},{"start":{"line":12,"column":39},"end":{"line":12,"column":41}}],"line":12},"3":{"loc":{"start":{"line":15,"column":14},"end":{"line":15,"column":47}},"type":"binary-expr","locations":[{"start":{"line":15,"column":14},"end":{"line":15,"column":38}},{"start":{"line":15,"column":42},"end":{"line":15,"column":47}}],"line":15},"4":{"loc":{"start":{"line":17,"column":22},"end":{"line":17,"column":55}},"type":"binary-expr","locations":[{"start":{"line":17,"column":22},"end":{"line":17,"column":47}},{"start":{"line":17,"column":51},"end":{"line":17,"column":55}}],"line":17},"5":{"loc":{"start":{"line":18,"column":23},"end":{"line":18,"column":57}},"type":"binary-expr","locations":[{"start":{"line":18,"column":23},"end":{"line":18,"column":49}},{"start":{"line":18,"column":53},"end":{"line":18,"column":57}}],"line":18},"6":{"loc":{"start":{"line":22,"column":19},"end":{"line":22,"column":58}},"type":"binary-expr","locations":[{"start":{"line":22,"column":19},"end":{"line":22,"column":41}},{"start":{"line":22,"column":45},"end":{"line":22,"column":58}}],"line":22},"7":{"loc":{"start":{"line":23,"column":22},"end":{"line":23,"column":53}},"type":"binary-expr","locations":[{"start":{"line":23,"column":22},"end":{"line":23,"column":47}},{"start":{"line":23,"column":51},"end":{"line":23,"column":53}}],"line":23},"8":{"loc":{"start":{"line":24,"column":20},"end":{"line":24,"column":49}},"type":"binary-expr","locations":[{"start":{"line":24,"column":20},"end":{"line":24,"column":43}},{"start":{"line":24,"column":47},"end":{"line":24,"column":49}}],"line":24},"9":{"loc":{"start":{"line":25,"column":20},"end":{"line":25,"column":50}},"type":"binary-expr","locations":[{"start":{"line":25,"column":20},"end":{"line":25,"column":44}},{"start":{"line":25,"column":48},"end":{"line":25,"column":50}}],"line":25},"10":{"loc":{"start":{"line":26,"column":20},"end":{"line":26,"column":63}},"type":"binary-expr","locations":[{"start":{"line":26,"column":20},"end":{"line":26,"column":57}},{"start":{"line":26,"column":61},"end":{"line":26,"column":63}}],"line":26},"11":{"loc":{"start":{"line":27,"column":24},"end":{"line":27,"column":59}},"type":"binary-expr","locations":[{"start":{"line":27,"column":24},"end":{"line":27,"column":51}},{"start":{"line":27,"column":55},"end":{"line":27,"column":59}}],"line":27},"12":{"loc":{"start":{"line":28,"column":18},"end":{"line":28,"column":59}},"type":"binary-expr","locations":[{"start":{"line":28,"column":18},"end":{"line":28,"column":46}},{"start":{"line":28,"column":50},"end":{"line":28,"column":59}}],"line":28},"13":{"loc":{"start":{"line":29,"column":21},"end":{"line":29,"column":87}},"type":"binary-expr","locations":[{"start":{"line":29,"column":21},"end":{"line":29,"column":53}},{"start":{"line":29,"column":57},"end":{"line":29,"column":87}}],"line":29},"14":{"loc":{"start":{"line":30,"column":21},"end":{"line":30,"column":76}},"type":"binary-expr","locations":[{"start":{"line":30,"column":21},"end":{"line":30,"column":53}},{"start":{"line":30,"column":57},"end":{"line":30,"column":76}}],"line":30},"15":{"loc":{"start":{"line":33,"column":17},"end":{"line":35,"column":64}},"type":"cond-expr","locations":[{"start":{"line":34,"column":14},"end":{"line":34,"column":80}},{"start":{"line":35,"column":14},"end":{"line":35,"column":64}}],"line":33},"16":{"loc":{"start":{"line":38,"column":27},"end":{"line":38,"column":67}},"type":"binary-expr","locations":[{"start":{"line":38,"column":27},"end":{"line":38,"column":56}},{"start":{"line":38,"column":60},"end":{"line":38,"column":67}}],"line":38},"17":{"loc":{"start":{"line":39,"column":27},"end":{"line":39,"column":67}},"type":"binary-expr","locations":[{"start":{"line":39,"column":27},"end":{"line":39,"column":59}},{"start":{"line":39,"column":63},"end":{"line":39,"column":67}}],"line":39},"18":{"loc":{"start":{"line":40,"column":26},"end":{"line":40,"column":64}},"type":"binary-expr","locations":[{"start":{"line":40,"column":26},"end":{"line":40,"column":57}},{"start":{"line":40,"column":61},"end":{"line":40,"column":64}}],"line":40},"19":{"loc":{"start":{"line":51,"column":20},"end":{"line":51,"column":72}},"type":"cond-expr","locations":[{"start":{"line":51,"column":47},"end":{"line":51,"column":65}},{"start":{"line":51,"column":68},"end":{"line":51,"column":72}}],"line":51},"20":{"loc":{"start":{"line":52,"column":4},"end":{"line":55,"column":5}},"type":"if","locations":[{"start":{"line":52,"column":4},"end":{"line":55,"column":5}},{"start":{},"end":{}}],"line":52},"21":{"loc":{"start":{"line":52,"column":8},"end":{"line":52,"column":56}},"type":"binary-expr","locations":[{"start":{"line":52,"column":8},"end":{"line":52,"column":22}},{"start":{"line":52,"column":26},"end":{"line":52,"column":37}},{"start":{"line":52,"column":41},"end":{"line":52,"column":56}}],"line":52},"22":{"loc":{"start":{"line":65,"column":21},"end":{"line":65,"column":76}},"type":"cond-expr","locations":[{"start":{"line":65,"column":49},"end":{"line":65,"column":68}},{"start":{"line":65,"column":71},"end":{"line":65,"column":76}}],"line":65},"23":{"loc":{"start":{"line":66,"column":4},"end":{"line":69,"column":5}},"type":"if","locations":[{"start":{"line":66,"column":4},"end":{"line":69,"column":5}},{"start":{},"end":{}}],"line":66},"24":{"loc":{"start":{"line":66,"column":8},"end":{"line":66,"column":42}},"type":"binary-expr","locations":[{"start":{"line":66,"column":8},"end":{"line":66,"column":23}},{"start":{"line":66,"column":27},"end":{"line":66,"column":42}}],"line":66},"25":{"loc":{"start":{"line":80,"column":4},"end":{"line":83,"column":5}},"type":"if","locations":[{"start":{"line":80,"column":4},"end":{"line":83,"column":5}},{"start":{},"end":{}}],"line":80},"26":{"loc":{"start":{"line":94,"column":4},"end":{"line":97,"column":5}},"type":"if","locations":[{"start":{"line":94,"column":4},"end":{"line":97,"column":5}},{"start":{},"end":{}}],"line":94},"27":{"loc":{"start":{"line":103,"column":8},"end":{"line":106,"column":9}},"type":"if","locations":[{"start":{"line":103,"column":8},"end":{"line":106,"column":9}},{"start":{},"end":{}}],"line":103},"28":{"loc":{"start":{"line":103,"column":12},"end":{"line":103,"column":32}},"type":"binary-expr","locations":[{"start":{"line":103,"column":12},"end":{"line":103,"column":19}},{"start":{"line":103,"column":23},"end":{"line":103,"column":32}}],"line":103},"29":{"loc":{"start":{"line":120,"column":4},"end":{"line":122,"column":5}},"type":"if","locations":[{"start":{"line":120,"column":4},"end":{"line":122,"column":5}},{"start":{},"end":{}}],"line":120},"30":{"loc":{"start":{"line":125,"column":4},"end":{"line":127,"column":5}},"type":"if","locations":[{"start":{"line":125,"column":4},"end":{"line":127,"column":5}},{"start":{},"end":{}}],"line":125},"31":{"loc":{"start":{"line":130,"column":4},"end":{"line":132,"column":5}},"type":"if","locations":[{"start":{"line":130,"column":4},"end":{"line":132,"column":5}},{"start":{},"end":{}}],"line":130},"32":{"loc":{"start":{"line":135,"column":4},"end":{"line":139,"column":5}},"type":"if","locations":[{"start":{"line":135,"column":4},"end":{"line":139,"column":5}},{"start":{},"end":{}}],"line":135},"33":{"loc":{"start":{"line":135,"column":8},"end":{"line":135,"column":96}},"type":"binary-expr","locations":[{"start":{"line":135,"column":8},"end":{"line":135,"column":41}},{"start":{"line":135,"column":45},"end":{"line":135,"column":67}},{"start":{"line":135,"column":71},"end":{"line":135,"column":96}}],"line":135},"34":{"loc":{"start":{"line":136,"column":8},"end":{"line":138,"column":9}},"type":"if","locations":[{"start":{"line":136,"column":8},"end":{"line":138,"column":9}},{"start":{},"end":{}}],"line":136},"35":{"loc":{"start":{"line":143,"column":4},"end":{"line":146,"column":5}},"type":"if","locations":[{"start":{"line":143,"column":4},"end":{"line":146,"column":5}},{"start":{},"end":{}}],"line":143},"36":{"loc":{"start":{"line":143,"column":8},"end":{"line":143,"column":77}},"type":"binary-expr","locations":[{"start":{"line":143,"column":8},"end":{"line":143,"column":27}},{"start":{"line":143,"column":31},"end":{"line":143,"column":77}}],"line":143},"37":{"loc":{"start":{"line":149,"column":4},"end":{"line":152,"column":5}},"type":"if","locations":[{"start":{"line":149,"column":4},"end":{"line":152,"column":5}},{"start":{},"end":{}}],"line":149}},"s":{"0":2,"1":2,"2":2,"3":2,"4":4,"5":2,"6":2,"7":0,"8":0,"9":2,"10":2,"11":2,"12":0,"13":0,"14":2,"15":2,"16":2,"17":0,"18":0,"19":2,"20":0,"21":0,"22":0,"23":0,"24":0,"25":0,"26":0,"27":0,"28":0,"29":0,"30":0,"31":2,"32":2,"33":0,"34":2,"35":0,"36":2,"37":0,"38":2,"39":0,"40":0,"41":2,"42":2,"43":0,"44":0,"45":2,"46":0,"47":0,"48":2,"49":2},"f":{"0":4,"1":2,"2":2,"3":2,"4":0,"5":2},"b":{"0":[2,0],"1":[2,0],"2":[2,0],"3":[2,0],"4":[2,0],"5":[2,0],"6":[2,0],"7":[2,0],"8":[2,0],"9":[2,0],"10":[2,0],"11":[2,2],"12":[2,2],"13":[2,2],"14":[2,2],"15":[2,0],"16":[2,0],"17":[2,0],"18":[2,0],"19":[2,0],"20":[0,2],"21":[2,2,2],"22":[0,2],"23":[0,2],"24":[2,2],"25":[0,2],"26":[0,0],"27":[0,0],"28":[0,0],"29":[0,2],"30":[0,2],"31":[0,2],"32":[0,2],"33":[2,0,0],"34":[0,0],"35":[0,2],"36":[2,2],"37":[0,2]},"_coverageSchema":"1a1c01bbd47fc00a2c39e90264f33305004495a9","hash":"db28ec9391d6ffdc6862760fc97c419251359b46"}
,"/home/francischeah/Documents/projects/008_xipos/sources/xi-print-server/src/constants.js": {"path":"/home/francischeah/Documents/projects/008_xipos/sources/xi-print-server/src/constants.js","statementMap":{"0":{"start":{"line":13,"column":30},"end":{"line":13,"column":34}},"1":{"start":{"line":20,"column":27},"end":{"line":20,"column":32}},"2":{"start":{"line":28,"column":30},"end":{"line":28,"column":35}},"3":{"start":{"line":35,"column":25},"end":{"line":35,"column":29}},"4":{"start":{"line":45,"column":25},"end":{"line":45,"column":29}},"5":{"start":{"line":51,"column":27},"end":{"line":51,"column":28}},"6":{"start":{"line":53,"column":0},"end":{"line":60,"column":2}}},"fnMap":{},"branchMap":{},"s":{"0":0,"1":0,"2":0,"3":0,"4":0,"5":0,"6":0},"f":{},"b":{}}
,"/home/francischeah/Documents/projects/008_xipos/sources/xi-print-server/src/print-handler.js": {"path":"/home/francischeah/Documents/projects/008_xipos/sources/xi-print-server/src/print-handler.js","statementMap":{"0":{"start":{"line":1,"column":20},"end":{"line":1,"column":49}},"1":{"start":{"line":2,"column":51},"end":{"line":2,"column":74}},"2":{"start":{"line":3,"column":26},"end":{"line":3,"column":59}},"3":{"start":{"line":4,"column":19},"end":{"line":4,"column":41}},"4":{"start":{"line":10,"column":4},"end":{"line":10,"column":29}},"5":{"start":{"line":16,"column":1},"end":{"line":16,"column":56}},"6":{"start":{"line":16,"column":31},"end":{"line":16,"column":54}},"7":{"start":{"line":23,"column":17},"end":{"line":23,"column":44}},"8":{"start":{"line":26,"column":27},"end":{"line":34,"column":2}},"9":{"start":{"line":36,"column":1},"end":{"line":36,"column":69}},"10":{"start":{"line":36,"column":42},"end":{"line":36,"column":67}},"11":{"start":{"line":48,"column":1},"end":{"line":85,"column":2}},"12":{"start":{"line":48,"column":20},"end":{"line":48,"column":21}},"13":{"start":{"line":49,"column":2},"end":{"line":84,"column":3}},"14":{"start":{"line":50,"column":3},"end":{"line":60,"column":4}},"15":{"start":{"line":51,"column":18},"end":{"line":51,"column":61}},"16":{"start":{"line":52,"column":4},"end":{"line":52,"column":104}},"17":{"start":{"line":53,"column":4},"end":{"line":53,"column":89}},"18":{"start":{"line":56,"column":4},"end":{"line":56,"column":19}},"19":{"start":{"line":59,"column":4},"end":{"line":59,"column":23}},"20":{"start":{"line":63,"column":18},"end":{"line":63,"column":35}},"21":{"start":{"line":65,"column":3},"end":{"line":67,"column":4}},"22":{"start":{"line":66,"column":4},"end":{"line":66,"column":91}},"23":{"start":{"line":69,"column":3},"end":{"line":69,"column":17}},"24":{"start":{"line":71,"column":3},"end":{"line":71,"column":21}},"25":{"start":{"line":74,"column":3},"end":{"line":77,"column":4}},"26":{"start":{"line":75,"column":4},"end":{"line":75,"column":86}},"27":{"start":{"line":76,"column":4},"end":{"line":76,"column":16}},"28":{"start":{"line":80,"column":3},"end":{"line":83,"column":4}},"29":{"start":{"line":81,"column":4},"end":{"line":81,"column":86}},"30":{"start":{"line":82,"column":4},"end":{"line":82,"column":96}},"31":{"start":{"line":92,"column":15},"end":{"line":92,"column":19}},"32":{"start":{"line":94,"column":1},"end":{"line":172,"column":2}},"33":{"start":{"line":96,"column":2},"end":{"line":96,"column":32}},"34":{"start":{"line":99,"column":23},"end":{"line":99,"column":47}},"35":{"start":{"line":101,"column":2},"end":{"line":104,"column":3}},"36":{"start":{"line":102,"column":3},"end":{"line":102,"column":35}},"37":{"start":{"line":103,"column":3},"end":{"line":103,"column":40}},"38":{"start":{"line":108,"column":25},"end":{"line":113,"column":4}},"39":{"start":{"line":109,"column":3},"end":{"line":112,"column":29}},"40":{"start":{"line":110,"column":4},"end":{"line":110,"column":19}},"41":{"start":{"line":111,"column":4},"end":{"line":111,"column":49}},"42":{"start":{"line":116,"column":25},"end":{"line":162,"column":3}},"43":{"start":{"line":117,"column":3},"end":{"line":161,"column":4}},"44":{"start":{"line":119,"column":4},"end":{"line":119,"column":31}},"45":{"start":{"line":121,"column":20},"end":{"line":124,"column":6}},"46":{"start":{"line":127,"column":4},"end":{"line":140,"column":7}},"47":{"start":{"line":129,"column":5},"end":{"line":139,"column":6}},"48":{"start":{"line":133,"column":6},"end":{"line":133,"column":37}},"49":{"start":{"line":134,"column":12},"end":{"line":139,"column":6}},"50":{"start":{"line":136,"column":6},"end":{"line":136,"column":64}},"51":{"start":{"line":138,"column":6},"end":{"line":138,"column":37}},"52":{"start":{"line":143,"column":4},"end":{"line":146,"column":14}},"53":{"start":{"line":149,"column":4},"end":{"line":149,"column":72}},"54":{"start":{"line":149,"column":33},"end":{"line":149,"column":70}},"55":{"start":{"line":152,"column":4},"end":{"line":152,"column":19}},"56":{"start":{"line":154,"column":4},"end":{"line":157,"column":6}},"57":{"start":{"line":159,"column":4},"end":{"line":159,"column":19}},"58":{"start":{"line":160,"column":4},"end":{"line":160,"column":16}},"59":{"start":{"line":165,"column":2},"end":{"line":168,"column":5}},"60":{"start":{"line":166,"column":34},"end":{"line":166,"column":58}},"61":{"start":{"line":166,"column":59},"end":{"line":166,"column":70}},"62":{"start":{"line":170,"column":2},"end":{"line":170,"column":17}},"63":{"start":{"line":171,"column":2},"end":{"line":171,"column":14}},"64":{"start":{"line":180,"column":1},"end":{"line":184,"column":3}},"65":{"start":{"line":181,"column":8},"end":{"line":181,"column":35}},"66":{"start":{"line":191,"column":18},"end":{"line":215,"column":2}},"67":{"start":{"line":217,"column":1},"end":{"line":217,"column":31}},"68":{"start":{"line":220,"column":0},"end":{"line":223,"column":2}}},"fnMap":{"0":{"name":"sleep","decl":{"start":{"line":15,"column":9},"end":{"line":15,"column":14}},"loc":{"start":{"line":15,"column":19},"end":{"line":17,"column":1}},"line":15},"1":{"name":"(anonymous_1)","decl":{"start":{"line":16,"column":20},"end":{"line":16,"column":21}},"loc":{"start":{"line":16,"column":31},"end":{"line":16,"column":54}},"line":16},"2":{"name":"isTransientError","decl":{"start":{"line":22,"column":9},"end":{"line":22,"column":25}},"loc":{"start":{"line":22,"column":33},"end":{"line":37,"column":1}},"line":22},"3":{"name":"(anonymous_3)","decl":{"start":{"line":36,"column":31},"end":{"line":36,"column":32}},"loc":{"start":{"line":36,"column":42},"end":{"line":36,"column":67}},"line":36},"4":{"name":"retryWithBackoff","decl":{"start":{"line":45,"column":15},"end":{"line":45,"column":31}},"loc":{"start":{"line":45,"column":88},"end":{"line":86,"column":1}},"line":45},"5":{"name":"printReceiptCore","decl":{"start":{"line":91,"column":15},"end":{"line":91,"column":31}},"loc":{"start":{"line":91,"column":43},"end":{"line":173,"column":1}},"line":91},"6":{"name":"(anonymous_6)","decl":{"start":{"line":108,"column":37},"end":{"line":108,"column":38}},"loc":{"start":{"line":108,"column":52},"end":{"line":113,"column":3}},"line":108},"7":{"name":"(anonymous_7)","decl":{"start":{"line":109,"column":26},"end":{"line":109,"column":27}},"loc":{"start":{"line":109,"column":32},"end":{"line":112,"column":4}},"line":109},"8":{"name":"(anonymous_8)","decl":{"start":{"line":116,"column":25},"end":{"line":116,"column":26}},"loc":{"start":{"line":116,"column":37},"end":{"line":162,"column":3}},"line":116},"9":{"name":"(anonymous_9)","decl":{"start":{"line":127,"column":25},"end":{"line":127,"column":26}},"loc":{"start":{"line":127,"column":33},"end":{"line":140,"column":5}},"line":127},"10":{"name":"(anonymous_10)","decl":{"start":{"line":149,"column":22},"end":{"line":149,"column":23}},"loc":{"start":{"line":149,"column":33},"end":{"line":149,"column":70}},"line":149},"11":{"name":"(anonymous_11)","decl":{"start":{"line":166,"column":25},"end":{"line":166,"column":26}},"loc":{"start":{"line":166,"column":32},"end":{"line":166,"column":72}},"line":166},"12":{"name":"printReceipt","decl":{"start":{"line":179,"column":15},"end":{"line":179,"column":27}},"loc":{"start":{"line":179,"column":39},"end":{"line":185,"column":1}},"line":179},"13":{"name":"(anonymous_13)","decl":{"start":{"line":181,"column":2},"end":{"line":181,"column":3}},"loc":{"start":{"line":181,"column":8},"end":{"line":181,"column":35}},"line":181},"14":{"name":"printTest","decl":{"start":{"line":190,"column":15},"end":{"line":190,"column":24}},"loc":{"start":{"line":190,"column":27},"end":{"line":218,"column":1}},"line":190}},"branchMap":{"0":{"loc":{"start":{"line":45,"column":43},"end":{"line":45,"column":57}},"type":"default-arg","locations":[{"start":{"line":45,"column":56},"end":{"line":45,"column":57}}],"line":45},"1":{"loc":{"start":{"line":45,"column":59},"end":{"line":45,"column":86}},"type":"default-arg","locations":[{"start":{"line":45,"column":75},"end":{"line":45,"column":86}}],"line":45},"2":{"loc":{"start":{"line":50,"column":3},"end":{"line":60,"column":4}},"type":"if","locations":[{"start":{"line":50,"column":3},"end":{"line":60,"column":4}},{"start":{},"end":{}}],"line":50},"3":{"loc":{"start":{"line":65,"column":3},"end":{"line":67,"column":4}},"type":"if","locations":[{"start":{"line":65,"column":3},"end":{"line":67,"column":4}},{"start":{},"end":{}}],"line":65},"4":{"loc":{"start":{"line":74,"column":3},"end":{"line":77,"column":4}},"type":"if","locations":[{"start":{"line":74,"column":3},"end":{"line":77,"column":4}},{"start":{},"end":{}}],"line":74},"5":{"loc":{"start":{"line":80,"column":3},"end":{"line":83,"column":4}},"type":"if","locations":[{"start":{"line":80,"column":3},"end":{"line":83,"column":4}},{"start":{},"end":{}}],"line":80},"6":{"loc":{"start":{"line":101,"column":2},"end":{"line":104,"column":3}},"type":"if","locations":[{"start":{"line":101,"column":2},"end":{"line":104,"column":3}},{"start":{},"end":{}}],"line":101},"7":{"loc":{"start":{"line":122,"column":15},"end":{"line":122,"column":52}},"type":"binary-expr","locations":[{"start":{"line":122,"column":15},"end":{"line":122,"column":39}},{"start":{"line":122,"column":43},"end":{"line":122,"column":52}}],"line":122},"8":{"loc":{"start":{"line":129,"column":5},"end":{"line":139,"column":6}},"type":"if","locations":[{"start":{"line":129,"column":5},"end":{"line":139,"column":6}},{"start":{"line":134,"column":12},"end":{"line":139,"column":6}}],"line":129},"9":{"loc":{"start":{"line":129,"column":9},"end":{"line":132,"column":75}},"type":"binary-expr","locations":[{"start":{"line":129,"column":9},"end":{"line":129,"column":38}},{"start":{"line":130,"column":6},"end":{"line":130,"column":32}},{"start":{"line":131,"column":6},"end":{"line":131,"column":34}},{"start":{"line":132,"column":7},"end":{"line":132,"column":31}},{"start":{"line":132,"column":35},"end":{"line":132,"column":74}}],"line":129},"10":{"loc":{"start":{"line":134,"column":12},"end":{"line":139,"column":6}},"type":"if","locations":[{"start":{"line":134,"column":12},"end":{"line":139,"column":6}},{"start":{"line":137,"column":12},"end":{"line":139,"column":6}}],"line":134},"11":{"loc":{"start":{"line":134,"column":16},"end":{"line":134,"column":73}},"type":"binary-expr","locations":[{"start":{"line":134,"column":16},"end":{"line":134,"column":41}},{"start":{"line":134,"column":45},"end":{"line":134,"column":73}}],"line":134}},"s":{"0":0,"1":0,"2":0,"3":0,"4":0,"5":0,"6":0,"7":0,"8":0,"9":0,"10":0,"11":0,"12":0,"13":0,"14":0,"15":0,"16":0,"17":0,"18":0,"19":0,"20":0,"21":0,"22":0,"23":0,"24":0,"25":0,"26":0,"27":0,"28":0,"29":0,"30":0,"31":0,"32":0,"33":0,"34":0,"35":0,"36":0,"37":0,"38":0,"39":0,"40":0,"41":0,"42":0,"43":0,"44":0,"45":0,"46":0,"47":0,"48":0,"49":0,"50":0,"51":0,"52":0,"53":0,"54":0,"55":0,"56":0,"57":0,"58":0,"59":0,"60":0,"61":0,"62":0,"63":0,"64":0,"65":0,"66":0,"67":0,"68":0},"f":{"0":0,"1":0,"2":0,"3":0,"4":0,"5":0,"6":0,"7":0,"8":0,"9":0,"10":0,"11":0,"12":0,"13":0,"14":0},"b":{"0":[0],"1":[0],"2":[0,0],"3":[0,0],"4":[0,0],"5":[0,0],"6":[0,0],"7":[0,0],"8":[0,0],"9":[0,0,0,0,0],"10":[0,0],"11":[0,0]}}
,"/home/francischeah/Documents/projects/008_xipos/sources/xi-print-server/src/printer.js": {"path":"/home/francischeah/Documents/projects/008_xipos/sources/xi-print-server/src/printer.js","statementMap":{"0":{"start":{"line":1,"column":32},"end":{"line":1,"column":61}},"1":{"start":{"line":2,"column":19},"end":{"line":2,"column":41}},"2":{"start":{"line":7,"column":4},"end":{"line":7,"column":29}},"3":{"start":{"line":9,"column":21},"end":{"line":9,"column":25}},"4":{"start":{"line":10,"column":20},"end":{"line":10,"column":25}},"5":{"start":{"line":11,"column":28},"end":{"line":11,"column":32}},"6":{"start":{"line":19,"column":1},"end":{"line":21,"column":2}},"7":{"start":{"line":20,"column":2},"end":{"line":20,"column":24}},"8":{"start":{"line":24,"column":1},"end":{"line":26,"column":2}},"9":{"start":{"line":25,"column":2},"end":{"line":25,"column":31}},"10":{"start":{"line":28,"column":1},"end":{"line":67,"column":6}},"11":{"start":{"line":29,"column":2},"end":{"line":66,"column":3}},"12":{"start":{"line":30,"column":3},"end":{"line":56,"column":4}},"13":{"start":{"line":33,"column":20},"end":{"line":33,"column":44}},"14":{"start":{"line":35,"column":4},"end":{"line":37,"column":5}},"15":{"start":{"line":36,"column":5},"end":{"line":36,"column":45}},"16":{"start":{"line":39,"column":4},"end":{"line":39,"column":48}},"17":{"start":{"line":42,"column":4},"end":{"line":50,"column":5}},"18":{"start":{"line":43,"column":5},"end":{"line":46,"column":7}},"19":{"start":{"line":49,"column":5},"end":{"line":49,"column":39}},"20":{"start":{"line":52,"column":4},"end":{"line":52,"column":25}},"21":{"start":{"line":53,"column":4},"end":{"line":53,"column":53}},"22":{"start":{"line":55,"column":4},"end":{"line":55,"column":153}},"23":{"start":{"line":58,"column":3},"end":{"line":58,"column":25}},"24":{"start":{"line":60,"column":3},"end":{"line":60,"column":65}},"25":{"start":{"line":61,"column":3},"end":{"line":61,"column":25}},"26":{"start":{"line":62,"column":3},"end":{"line":62,"column":25}},"27":{"start":{"line":63,"column":3},"end":{"line":63,"column":15}},"28":{"start":{"line":65,"column":3},"end":{"line":65,"column":32}},"29":{"start":{"line":69,"column":1},"end":{"line":69,"column":30}},"30":{"start":{"line":76,"column":1},"end":{"line":76,"column":23}},"31":{"start":{"line":83,"column":1},"end":{"line":83,"column":48}},"32":{"start":{"line":84,"column":1},"end":{"line":84,"column":23}},"33":{"start":{"line":85,"column":1},"end":{"line":94,"column":2}},"34":{"start":{"line":86,"column":2},"end":{"line":93,"column":3}},"35":{"start":{"line":87,"column":3},"end":{"line":89,"column":6}},"36":{"start":{"line":88,"column":4},"end":{"line":88,"column":46}},"37":{"start":{"line":92,"column":3},"end":{"line":92,"column":65}},"38":{"start":{"line":95,"column":1},"end":{"line":95,"column":23}},"39":{"start":{"line":96,"column":1},"end":{"line":96,"column":30}},"40":{"start":{"line":103,"column":1},"end":{"line":129,"column":2}},"41":{"start":{"line":104,"column":2},"end":{"line":128,"column":3}},"42":{"start":{"line":105,"column":3},"end":{"line":122,"column":6}},"43":{"start":{"line":106,"column":20},"end":{"line":109,"column":29}},"44":{"start":{"line":107,"column":5},"end":{"line":107,"column":57}},"45":{"start":{"line":108,"column":5},"end":{"line":108,"column":15}},"46":{"start":{"line":111,"column":4},"end":{"line":121,"column":5}},"47":{"start":{"line":112,"column":5},"end":{"line":116,"column":8}},"48":{"start":{"line":113,"column":6},"end":{"line":113,"column":28}},"49":{"start":{"line":114,"column":6},"end":{"line":114,"column":49}},"50":{"start":{"line":115,"column":6},"end":{"line":115,"column":16}},"51":{"start":{"line":118,"column":5},"end":{"line":118,"column":27}},"52":{"start":{"line":119,"column":5},"end":{"line":119,"column":58}},"53":{"start":{"line":120,"column":5},"end":{"line":120,"column":15}},"54":{"start":{"line":124,"column":3},"end":{"line":124,"column":58}},"55":{"start":{"line":126,"column":3},"end":{"line":126,"column":25}},"56":{"start":{"line":127,"column":3},"end":{"line":127,"column":25}},"57":{"start":{"line":136,"column":1},"end":{"line":144,"column":4}},"58":{"start":{"line":137,"column":2},"end":{"line":143,"column":5}},"59":{"start":{"line":138,"column":3},"end":{"line":142,"column":4}},"60":{"start":{"line":139,"column":4},"end":{"line":139,"column":66}},"61":{"start":{"line":141,"column":4},"end":{"line":141,"column":14}},"62":{"start":{"line":151,"column":1},"end":{"line":207,"column":2}},"63":{"start":{"line":152,"column":18},"end":{"line":152,"column":37}},"64":{"start":{"line":156,"column":25},"end":{"line":161,"column":4}},"65":{"start":{"line":157,"column":3},"end":{"line":160,"column":26}},"66":{"start":{"line":158,"column":4},"end":{"line":158,"column":19}},"67":{"start":{"line":159,"column":4},"end":{"line":159,"column":51}},"68":{"start":{"line":164,"column":25},"end":{"line":197,"column":3}},"69":{"start":{"line":165,"column":3},"end":{"line":196,"column":4}},"70":{"start":{"line":167,"column":4},"end":{"line":167,"column":31}},"71":{"start":{"line":169,"column":20},"end":{"line":172,"column":6}},"72":{"start":{"line":175,"column":4},"end":{"line":185,"column":14}},"73":{"start":{"line":188,"column":4},"end":{"line":188,"column":72}},"74":{"start":{"line":188,"column":33},"end":{"line":188,"column":70}},"75":{"start":{"line":191,"column":4},"end":{"line":191,"column":19}},"76":{"start":{"line":192,"column":4},"end":{"line":192,"column":16}},"77":{"start":{"line":194,"column":4},"end":{"line":194,"column":19}},"78":{"start":{"line":195,"column":4},"end":{"line":195,"column":16}},"79":{"start":{"line":200,"column":2},"end":{"line":203,"column":5}},"80":{"start":{"line":201,"column":34},"end":{"line":201,"column":58}},"81":{"start":{"line":201,"column":59},"end":{"line":201,"column":70}},"82":{"start":{"line":205,"column":2},"end":{"line":205,"column":17}},"83":{"start":{"line":206,"column":2},"end":{"line":206,"column":59}},"84":{"start":{"line":210,"column":0},"end":{"line":217,"column":2}}},"fnMap":{"0":{"name":"initPrinter","decl":{"start":{"line":17,"column":15},"end":{"line":17,"column":26}},"loc":{"start":{"line":17,"column":29},"end":{"line":70,"column":1}},"line":17},"1":{"name":"(anonymous_1)","decl":{"start":{"line":28,"column":26},"end":{"line":28,"column":27}},"loc":{"start":{"line":28,"column":38},"end":{"line":67,"column":2}},"line":28},"2":{"name":"getPrinter","decl":{"start":{"line":75,"column":9},"end":{"line":75,"column":19}},"loc":{"start":{"line":75,"column":22},"end":{"line":77,"column":1}},"line":75},"3":{"name":"resetPrinter","decl":{"start":{"line":82,"column":9},"end":{"line":82,"column":21}},"loc":{"start":{"line":82,"column":24},"end":{"line":97,"column":1}},"line":82},"4":{"name":"(anonymous_4)","decl":{"start":{"line":87,"column":24},"end":{"line":87,"column":25}},"loc":{"start":{"line":87,"column":30},"end":{"line":89,"column":4}},"line":87},"5":{"name":"closePrinter","decl":{"start":{"line":102,"column":15},"end":{"line":102,"column":27}},"loc":{"start":{"line":102,"column":30},"end":{"line":130,"column":1}},"line":102},"6":{"name":"(anonymous_6)","decl":{"start":{"line":105,"column":21},"end":{"line":105,"column":22}},"loc":{"start":{"line":105,"column":34},"end":{"line":122,"column":4}},"line":105},"7":{"name":"(anonymous_7)","decl":{"start":{"line":106,"column":31},"end":{"line":106,"column":32}},"loc":{"start":{"line":106,"column":37},"end":{"line":109,"column":5}},"line":106},"8":{"name":"(anonymous_8)","decl":{"start":{"line":112,"column":26},"end":{"line":112,"column":27}},"loc":{"start":{"line":112,"column":32},"end":{"line":116,"column":6}},"line":112},"9":{"name":"openAdapter","decl":{"start":{"line":135,"column":9},"end":{"line":135,"column":20}},"loc":{"start":{"line":135,"column":30},"end":{"line":145,"column":1}},"line":135},"10":{"name":"(anonymous_10)","decl":{"start":{"line":136,"column":20},"end":{"line":136,"column":21}},"loc":{"start":{"line":136,"column":41},"end":{"line":144,"column":2}},"line":136},"11":{"name":"(anonymous_11)","decl":{"start":{"line":137,"column":15},"end":{"line":137,"column":16}},"loc":{"start":{"line":137,"column":26},"end":{"line":143,"column":3}},"line":137},"12":{"name":"testPrinter","decl":{"start":{"line":150,"column":15},"end":{"line":150,"column":26}},"loc":{"start":{"line":150,"column":29},"end":{"line":208,"column":1}},"line":150},"13":{"name":"(anonymous_13)","decl":{"start":{"line":156,"column":37},"end":{"line":156,"column":38}},"loc":{"start":{"line":156,"column":52},"end":{"line":161,"column":3}},"line":156},"14":{"name":"(anonymous_14)","decl":{"start":{"line":157,"column":26},"end":{"line":157,"column":27}},"loc":{"start":{"line":157,"column":32},"end":{"line":160,"column":4}},"line":157},"15":{"name":"(anonymous_15)","decl":{"start":{"line":164,"column":25},"end":{"line":164,"column":26}},"loc":{"start":{"line":164,"column":37},"end":{"line":197,"column":3}},"line":164},"16":{"name":"(anonymous_16)","decl":{"start":{"line":188,"column":22},"end":{"line":188,"column":23}},"loc":{"start":{"line":188,"column":33},"end":{"line":188,"column":70}},"line":188},"17":{"name":"(anonymous_17)","decl":{"start":{"line":201,"column":25},"end":{"line":201,"column":26}},"loc":{"start":{"line":201,"column":32},"end":{"line":201,"column":72}},"line":201}},"branchMap":{"0":{"loc":{"start":{"line":19,"column":1},"end":{"line":21,"column":2}},"type":"if","locations":[{"start":{"line":19,"column":1},"end":{"line":21,"column":2}},{"start":{},"end":{}}],"line":19},"1":{"loc":{"start":{"line":19,"column":5},"end":{"line":19,"column":36}},"type":"binary-expr","locations":[{"start":{"line":19,"column":5},"end":{"line":19,"column":18}},{"start":{"line":19,"column":22},"end":{"line":19,"column":36}}],"line":19},"2":{"loc":{"start":{"line":24,"column":1},"end":{"line":26,"column":2}},"type":"if","locations":[{"start":{"line":24,"column":1},"end":{"line":26,"column":2}},{"start":{},"end":{}}],"line":24},"3":{"loc":{"start":{"line":30,"column":3},"end":{"line":56,"column":4}},"type":"if","locations":[{"start":{"line":30,"column":3},"end":{"line":56,"column":4}},{"start":{"line":54,"column":10},"end":{"line":56,"column":4}}],"line":30},"4":{"loc":{"start":{"line":35,"column":4},"end":{"line":37,"column":5}},"type":"if","locations":[{"start":{"line":35,"column":4},"end":{"line":37,"column":5}},{"start":{},"end":{}}],"line":35},"5":{"loc":{"start":{"line":35,"column":8},"end":{"line":35,"column":40}},"type":"binary-expr","locations":[{"start":{"line":35,"column":8},"end":{"line":35,"column":16}},{"start":{"line":35,"column":20},"end":{"line":35,"column":40}}],"line":35},"6":{"loc":{"start":{"line":42,"column":4},"end":{"line":50,"column":5}},"type":"if","locations":[{"start":{"line":42,"column":4},"end":{"line":50,"column":5}},{"start":{"line":47,"column":11},"end":{"line":50,"column":5}}],"line":42},"7":{"loc":{"start":{"line":42,"column":8},"end":{"line":42,"column":67}},"type":"binary-expr","locations":[{"start":{"line":42,"column":8},"end":{"line":42,"column":35}},{"start":{"line":42,"column":39},"end":{"line":42,"column":67}}],"line":42},"8":{"loc":{"start":{"line":85,"column":1},"end":{"line":94,"column":2}},"type":"if","locations":[{"start":{"line":85,"column":1},"end":{"line":94,"column":2}},{"start":{},"end":{}}],"line":85},"9":{"loc":{"start":{"line":103,"column":1},"end":{"line":129,"column":2}},"type":"if","locations":[{"start":{"line":103,"column":1},"end":{"line":129,"column":2}},{"start":{},"end":{}}],"line":103},"10":{"loc":{"start":{"line":138,"column":3},"end":{"line":142,"column":4}},"type":"if","locations":[{"start":{"line":138,"column":3},"end":{"line":142,"column":4}},{"start":{"line":140,"column":10},"end":{"line":142,"column":4}}],"line":138},"11":{"loc":{"start":{"line":170,"column":15},"end":{"line":170,"column":52}},"type":"binary-expr","locations":[{"start":{"line":170,"column":15},"end":{"line":170,"column":39}},{"start":{"line":170,"column":43},"end":{"line":170,"column":52}}],"line":170}},"s":{"0":0,"1":0,"2":0,"3":0,"4":0,"5":0,"6":0,"7":0,"8":0,"9":0,"10":0,"11":0,"12":0,"13":0,"14":0,"15":0,"16":0,"17":0,"18":0,"19":0,"20":0,"21":0,"22":0,"23":0,"24":0,"25":0,"26":0,"27":0,"28":0,"29":0,"30":0,"31":0,"32":0,"33":0,"34":0,"35":0,"36":0,"37":0,"38":0,"39":0,"40":0,"41":0,"42":0,"43":0,"44":0,"45":0,"46":0,"47":0,"48":0,"49":0,"50":0,"51":0,"52":0,"53":0,"54":0,"55":0,"56":0,"57":0,"58":0,"59":0,"60":0,"61":0,"62":0,"63":0,"64":0,"65":0,"66":0,"67":0,"68":0,"69":0,"70":0,"71":0,"72":0,"73":0,"74":0,"75":0,"76":0,"77":0,"78":0,"79":0,"80":0,"81":0,"82":0,"83":0,"84":0},"f":{"0":0,"1":0,"2":0,"3":0,"4":0,"5":0,"6":0,"7":0,"8":0,"9":0,"10":0,"11":0,"12":0,"13":0,"14":0,"15":0,"16":0,"17":0},"b":{"0":[0,0],"1":[0,0],"2":[0,0],"3":[0,0],"4":[0,0],"5":[0,0],"6":[0,0],"7":[0,0],"8":[0,0],"9":[0,0],"10":[0,0],"11":[0,0]}}
,"/home/francischeah/Documents/projects/008_xipos/sources/xi-print-server/src/receipt-formatter.js": {"path":"/home/francischeah/Documents/projects/008_xipos/sources/xi-print-server/src/receipt-formatter.js","statementMap":{"0":{"start":{"line":1,"column":19},"end":{"line":1,"column":41}},"1":{"start":{"line":7,"column":1},"end":{"line":9,"column":2}},"2":{"start":{"line":8,"column":2},"end":{"line":8,"column":34}},"3":{"start":{"line":10,"column":1},"end":{"line":10,"column":13}},"4":{"start":{"line":17,"column":17},"end":{"line":17,"column":67}},"5":{"start":{"line":18,"column":1},"end":{"line":18,"column":35}},"6":{"start":{"line":25,"column":16},"end":{"line":25,"column":50}},"7":{"start":{"line":26,"column":1},"end":{"line":29,"column":2}},"8":{"start":{"line":28,"column":2},"end":{"line":28,"column":63}},"9":{"start":{"line":30,"column":1},"end":{"line":30,"column":42}},"10":{"start":{"line":37,"column":24},"end":{"line":37,"column":62}},"11":{"start":{"line":38,"column":1},"end":{"line":38,"column":61}},"12":{"start":{"line":45,"column":14},"end":{"line":45,"column":60}},"13":{"start":{"line":46,"column":1},"end":{"line":49,"column":3}},"14":{"start":{"line":56,"column":15},"end":{"line":56,"column":40}},"15":{"start":{"line":57,"column":15},"end":{"line":57,"column":17}},"16":{"start":{"line":58,"column":19},"end":{"line":58,"column":36}},"17":{"start":{"line":59,"column":16},"end":{"line":59,"column":33}},"18":{"start":{"line":62,"column":1},"end":{"line":64,"column":2}},"19":{"start":{"line":63,"column":2},"end":{"line":63,"column":72}},"20":{"start":{"line":65,"column":1},"end":{"line":67,"column":2}},"21":{"start":{"line":66,"column":2},"end":{"line":66,"column":61}},"22":{"start":{"line":68,"column":1},"end":{"line":70,"column":2}},"23":{"start":{"line":69,"column":2},"end":{"line":69,"column":59}},"24":{"start":{"line":71,"column":1},"end":{"line":73,"column":2}},"25":{"start":{"line":72,"column":2},"end":{"line":72,"column":72}},"26":{"start":{"line":74,"column":1},"end":{"line":74,"column":23}},"27":{"start":{"line":77,"column":24},"end":{"line":77,"column":60}},"28":{"start":{"line":78,"column":1},"end":{"line":78,"column":96}},"29":{"start":{"line":79,"column":1},"end":{"line":79,"column":46}},"30":{"start":{"line":80,"column":1},"end":{"line":80,"column":46}},"31":{"start":{"line":82,"column":1},"end":{"line":84,"column":2}},"32":{"start":{"line":83,"column":2},"end":{"line":83,"column":68}},"33":{"start":{"line":86,"column":1},"end":{"line":88,"column":2}},"34":{"start":{"line":87,"column":2},"end":{"line":87,"column":70}},"35":{"start":{"line":90,"column":1},"end":{"line":90,"column":23}},"36":{"start":{"line":93,"column":1},"end":{"line":93,"column":22}},"37":{"start":{"line":94,"column":1},"end":{"line":94,"column":20}},"38":{"start":{"line":97,"column":15},"end":{"line":97,"column":36}},"39":{"start":{"line":98,"column":1},"end":{"line":115,"column":4}},"40":{"start":{"line":99,"column":19},"end":{"line":99,"column":88}},"41":{"start":{"line":100,"column":2},"end":{"line":100,"column":23}},"42":{"start":{"line":102,"column":14},"end":{"line":102,"column":49}},"43":{"start":{"line":103,"column":16},"end":{"line":103,"column":53}},"44":{"start":{"line":104,"column":16},"end":{"line":104,"column":27}},"45":{"start":{"line":106,"column":18},"end":{"line":106,"column":53}},"46":{"start":{"line":107,"column":20},"end":{"line":107,"column":41}},"47":{"start":{"line":109,"column":2},"end":{"line":109,"column":52}},"48":{"start":{"line":112,"column":2},"end":{"line":114,"column":3}},"49":{"start":{"line":113,"column":3},"end":{"line":113,"column":18}},"50":{"start":{"line":117,"column":1},"end":{"line":117,"column":20}},"51":{"start":{"line":120,"column":18},"end":{"line":120,"column":79}},"52":{"start":{"line":121,"column":1},"end":{"line":121,"column":70}},"53":{"start":{"line":123,"column":1},"end":{"line":125,"column":2}},"54":{"start":{"line":124,"column":2},"end":{"line":124,"column":71}},"55":{"start":{"line":127,"column":1},"end":{"line":129,"column":2}},"56":{"start":{"line":128,"column":2},"end":{"line":128,"column":81}},"57":{"start":{"line":131,"column":15},"end":{"line":131,"column":61}},"58":{"start":{"line":132,"column":1},"end":{"line":132,"column":23}},"59":{"start":{"line":133,"column":1},"end":{"line":133,"column":64}},"60":{"start":{"line":134,"column":1},"end":{"line":134,"column":23}},"61":{"start":{"line":137,"column":23},"end":{"line":137,"column":56}},"62":{"start":{"line":138,"column":28},"end":{"line":143,"column":2}},"63":{"start":{"line":144,"column":1},"end":{"line":144,"column":95}},"64":{"start":{"line":146,"column":1},"end":{"line":154,"column":2}},"65":{"start":{"line":147,"column":15},"end":{"line":147,"column":51}},"66":{"start":{"line":148,"column":2},"end":{"line":148,"column":63}},"67":{"start":{"line":150,"column":2},"end":{"line":153,"column":3}},"68":{"start":{"line":151,"column":18},"end":{"line":151,"column":30}},"69":{"start":{"line":152,"column":3},"end":{"line":152,"column":68}},"70":{"start":{"line":157,"column":1},"end":{"line":165,"column":2}},"71":{"start":{"line":158,"column":2},"end":{"line":164,"column":3}},"72":{"start":{"line":159,"column":3},"end":{"line":159,"column":22}},"73":{"start":{"line":160,"column":3},"end":{"line":160,"column":63}},"74":{"start":{"line":161,"column":3},"end":{"line":163,"column":4}},"75":{"start":{"line":162,"column":4},"end":{"line":162,"column":62}},"76":{"start":{"line":167,"column":1},"end":{"line":167,"column":23}},"77":{"start":{"line":170,"column":1},"end":{"line":170,"column":16}},"78":{"start":{"line":171,"column":21},"end":{"line":171,"column":82}},"79":{"start":{"line":172,"column":21},"end":{"line":172,"column":71}},"80":{"start":{"line":173,"column":1},"end":{"line":173,"column":44}},"81":{"start":{"line":174,"column":1},"end":{"line":174,"column":44}},"82":{"start":{"line":175,"column":1},"end":{"line":175,"column":16}},"83":{"start":{"line":177,"column":1},"end":{"line":180,"column":2}},"84":{"start":{"line":178,"column":2},"end":{"line":178,"column":58}},"85":{"start":{"line":179,"column":2},"end":{"line":179,"column":17}},"86":{"start":{"line":182,"column":1},"end":{"line":182,"column":14}},"87":{"start":{"line":189,"column":1},"end":{"line":212,"column":4}},"88":{"start":{"line":215,"column":0},"end":{"line":215,"column":54}}},"fnMap":{"0":{"name":"fitText","decl":{"start":{"line":6,"column":9},"end":{"line":6,"column":16}},"loc":{"start":{"line":6,"column":30},"end":{"line":11,"column":1}},"line":6},"1":{"name":"centerText","decl":{"start":{"line":16,"column":9},"end":{"line":16,"column":19}},"loc":{"start":{"line":16,"column":33},"end":{"line":19,"column":1}},"line":16},"2":{"name":"createLine","decl":{"start":{"line":24,"column":9},"end":{"line":24,"column":19}},"loc":{"start":{"line":24,"column":40},"end":{"line":31,"column":1}},"line":24},"3":{"name":"formatCurrency","decl":{"start":{"line":36,"column":9},"end":{"line":36,"column":23}},"loc":{"start":{"line":36,"column":32},"end":{"line":39,"column":1}},"line":36},"4":{"name":"formatDateTime","decl":{"start":{"line":44,"column":9},"end":{"line":44,"column":23}},"loc":{"start":{"line":44,"column":36},"end":{"line":50,"column":1}},"line":44},"5":{"name":"formatReceipt","decl":{"start":{"line":55,"column":9},"end":{"line":55,"column":22}},"loc":{"start":{"line":55,"column":34},"end":{"line":183,"column":1}},"line":55},"6":{"name":"(anonymous_6)","decl":{"start":{"line":98,"column":15},"end":{"line":98,"column":16}},"loc":{"start":{"line":98,"column":32},"end":{"line":115,"column":2}},"line":98},"7":{"name":"createTestReceipt","decl":{"start":{"line":188,"column":9},"end":{"line":188,"column":26}},"loc":{"start":{"line":188,"column":29},"end":{"line":213,"column":1}},"line":188}},"branchMap":{"0":{"loc":{"start":{"line":7,"column":1},"end":{"line":9,"column":2}},"type":"if","locations":[{"start":{"line":7,"column":1},"end":{"line":9,"column":2}},{"start":{},"end":{}}],"line":7},"1":{"loc":{"start":{"line":26,"column":1},"end":{"line":29,"column":2}},"type":"if","locations":[{"start":{"line":26,"column":1},"end":{"line":29,"column":2}},{"start":{},"end":{}}],"line":26},"2":{"loc":{"start":{"line":37,"column":24},"end":{"line":37,"column":62}},"type":"binary-expr","locations":[{"start":{"line":37,"column":24},"end":{"line":37,"column":54}},{"start":{"line":37,"column":58},"end":{"line":37,"column":62}}],"line":37},"3":{"loc":{"start":{"line":45,"column":14},"end":{"line":45,"column":60}},"type":"cond-expr","locations":[{"start":{"line":45,"column":27},"end":{"line":45,"column":47}},{"start":{"line":45,"column":50},"end":{"line":45,"column":60}}],"line":45},"4":{"loc":{"start":{"line":62,"column":1},"end":{"line":64,"column":2}},"type":"if","locations":[{"start":{"line":62,"column":1},"end":{"line":64,"column":2}},{"start":{},"end":{}}],"line":62},"5":{"loc":{"start":{"line":65,"column":1},"end":{"line":67,"column":2}},"type":"if","locations":[{"start":{"line":65,"column":1},"end":{"line":67,"column":2}},{"start":{},"end":{}}],"line":65},"6":{"loc":{"start":{"line":68,"column":1},"end":{"line":70,"column":2}},"type":"if","locations":[{"start":{"line":68,"column":1},"end":{"line":70,"column":2}},{"start":{},"end":{}}],"line":68},"7":{"loc":{"start":{"line":71,"column":1},"end":{"line":73,"column":2}},"type":"if","locations":[{"start":{"line":71,"column":1},"end":{"line":73,"column":2}},{"start":{},"end":{}}],"line":71},"8":{"loc":{"start":{"line":78,"column":37},"end":{"line":78,"column":86}},"type":"binary-expr","locations":[{"start":{"line":78,"column":37},"end":{"line":78,"column":61}},{"start":{"line":78,"column":65},"end":{"line":78,"column":77}},{"start":{"line":78,"column":81},"end":{"line":78,"column":86}}],"line":78},"9":{"loc":{"start":{"line":82,"column":1},"end":{"line":84,"column":2}},"type":"if","locations":[{"start":{"line":82,"column":1},"end":{"line":84,"column":2}},{"start":{},"end":{}}],"line":82},"10":{"loc":{"start":{"line":86,"column":1},"end":{"line":88,"column":2}},"type":"if","locations":[{"start":{"line":86,"column":1},"end":{"line":88,"column":2}},{"start":{},"end":{}}],"line":86},"11":{"loc":{"start":{"line":97,"column":15},"end":{"line":97,"column":36}},"type":"binary-expr","locations":[{"start":{"line":97,"column":15},"end":{"line":97,"column":30}},{"start":{"line":97,"column":34},"end":{"line":97,"column":36}}],"line":97},"12":{"loc":{"start":{"line":99,"column":27},"end":{"line":99,"column":80}},"type":"binary-expr","locations":[{"start":{"line":99,"column":27},"end":{"line":99,"column":44}},{"start":{"line":99,"column":48},"end":{"line":99,"column":57}},{"start":{"line":99,"column":61},"end":{"line":99,"column":80}}],"line":99},"13":{"loc":{"start":{"line":102,"column":14},"end":{"line":102,"column":49}},"type":"binary-expr","locations":[{"start":{"line":102,"column":14},"end":{"line":102,"column":44}},{"start":{"line":102,"column":48},"end":{"line":102,"column":49}}],"line":102},"14":{"loc":{"start":{"line":102,"column":25},"end":{"line":102,"column":43}},"type":"binary-expr","locations":[{"start":{"line":102,"column":25},"end":{"line":102,"column":38}},{"start":{"line":102,"column":42},"end":{"line":102,"column":43}}],"line":102},"15":{"loc":{"start":{"line":103,"column":16},"end":{"line":103,"column":53}},"type":"binary-expr","locations":[{"start":{"line":103,"column":16},"end":{"line":103,"column":48}},{"start":{"line":103,"column":52},"end":{"line":103,"column":53}}],"line":103},"16":{"loc":{"start":{"line":103,"column":27},"end":{"line":103,"column":47}},"type":"binary-expr","locations":[{"start":{"line":103,"column":27},"end":{"line":103,"column":42}},{"start":{"line":103,"column":46},"end":{"line":103,"column":47}}],"line":103},"17":{"loc":{"start":{"line":112,"column":2},"end":{"line":114,"column":3}},"type":"if","locations":[{"start":{"line":112,"column":2},"end":{"line":114,"column":3}},{"start":{},"end":{}}],"line":112},"18":{"loc":{"start":{"line":120,"column":29},"end":{"line":120,"column":78}},"type":"binary-expr","locations":[{"start":{"line":120,"column":29},"end":{"line":120,"column":47}},{"start":{"line":120,"column":51},"end":{"line":120,"column":73}},{"start":{"line":120,"column":77},"end":{"line":120,"column":78}}],"line":120},"19":{"loc":{"start":{"line":123,"column":1},"end":{"line":125,"column":2}},"type":"if","locations":[{"start":{"line":123,"column":1},"end":{"line":125,"column":2}},{"start":{},"end":{}}],"line":123},"20":{"loc":{"start":{"line":123,"column":5},"end":{"line":123,"column":51}},"type":"binary-expr","locations":[{"start":{"line":123,"column":5},"end":{"line":123,"column":18}},{"start":{"line":123,"column":22},"end":{"line":123,"column":51}}],"line":123},"21":{"loc":{"start":{"line":127,"column":1},"end":{"line":129,"column":2}},"type":"if","locations":[{"start":{"line":127,"column":1},"end":{"line":129,"column":2}},{"start":{},"end":{}}],"line":127},"22":{"loc":{"start":{"line":127,"column":5},"end":{"line":127,"column":61}},"type":"binary-expr","locations":[{"start":{"line":127,"column":5},"end":{"line":127,"column":23}},{"start":{"line":127,"column":27},"end":{"line":127,"column":61}}],"line":127},"23":{"loc":{"start":{"line":131,"column":26},"end":{"line":131,"column":60}},"type":"binary-expr","locations":[{"start":{"line":131,"column":26},"end":{"line":131,"column":48}},{"start":{"line":131,"column":52},"end":{"line":131,"column":60}}],"line":131},"24":{"loc":{"start":{"line":137,"column":23},"end":{"line":137,"column":56}},"type":"binary-expr","locations":[{"start":{"line":137,"column":23},"end":{"line":137,"column":47}},{"start":{"line":137,"column":51},"end":{"line":137,"column":56}}],"line":137},"25":{"loc":{"start":{"line":144,"column":35},"end":{"line":144,"column":85}},"type":"binary-expr","locations":[{"start":{"line":144,"column":35},"end":{"line":144,"column":68}},{"start":{"line":144,"column":72},"end":{"line":144,"column":85}}],"line":144},"26":{"loc":{"start":{"line":146,"column":1},"end":{"line":154,"column":2}},"type":"if","locations":[{"start":{"line":146,"column":1},"end":{"line":154,"column":2}},{"start":{},"end":{}}],"line":146},"27":{"loc":{"start":{"line":150,"column":2},"end":{"line":153,"column":3}},"type":"if","locations":[{"start":{"line":150,"column":2},"end":{"line":153,"column":3}},{"start":{},"end":{}}],"line":150},"28":{"loc":{"start":{"line":150,"column":6},"end":{"line":150,"column":46}},"type":"binary-expr","locations":[{"start":{"line":150,"column":6},"end":{"line":150,"column":30}},{"start":{"line":150,"column":34},"end":{"line":150,"column":46}}],"line":150},"29":{"loc":{"start":{"line":157,"column":1},"end":{"line":165,"column":2}},"type":"if","locations":[{"start":{"line":157,"column":1},"end":{"line":165,"column":2}},{"start":{},"end":{}}],"line":157},"30":{"loc":{"start":{"line":158,"column":2},"end":{"line":164,"column":3}},"type":"if","locations":[{"start":{"line":158,"column":2},"end":{"line":164,"column":3}},{"start":{},"end":{}}],"line":158},"31":{"loc":{"start":{"line":161,"column":3},"end":{"line":163,"column":4}},"type":"if","locations":[{"start":{"line":161,"column":3},"end":{"line":163,"column":4}},{"start":{},"end":{}}],"line":161},"32":{"loc":{"start":{"line":171,"column":21},"end":{"line":171,"column":82}},"type":"binary-expr","locations":[{"start":{"line":171,"column":21},"end":{"line":171,"column":48}},{"start":{"line":171,"column":52},"end":{"line":171,"column":82}}],"line":171},"33":{"loc":{"start":{"line":172,"column":21},"end":{"line":172,"column":71}},"type":"binary-expr","locations":[{"start":{"line":172,"column":21},"end":{"line":172,"column":48}},{"start":{"line":172,"column":52},"end":{"line":172,"column":71}}],"line":172},"34":{"loc":{"start":{"line":177,"column":1},"end":{"line":180,"column":2}},"type":"if","locations":[{"start":{"line":177,"column":1},"end":{"line":180,"column":2}},{"start":{},"end":{}}],"line":177}},"s":{"0":1,"1":36,"2":2,"3":34,"4":169,"5":169,"6":219,"7":219,"8":0,"9":219,"10":140,"11":140,"12":28,"13":28,"14":28,"15":28,"16":28,"17":28,"18":28,"19":28,"20":28,"21":28,"22":28,"23":28,"24":28,"25":28,"26":28,"27":28,"28":28,"29":28,"30":28,"31":28,"32":2,"33":28,"34":1,"35":28,"36":28,"37":28,"38":28,"39":28,"40":36,"41":36,"42":36,"43":36,"44":36,"45":36,"46":36,"47":36,"48":36,"49":9,"50":28,"51":28,"52":28,"53":28,"54":1,"55":28,"56":1,"57":28,"58":28,"59":28,"60":28,"61":28,"62":28,"63":28,"64":28,"65":8,"66":8,"67":8,"68":2,"69":2,"70":28,"71":1,"72":1,"73":1,"74":1,"75":1,"76":28,"77":28,"78":28,"79":28,"80":28,"81":28,"82":28,"83":28,"84":1,"85":1,"86":28,"87":1,"88":1},"f":{"0":36,"1":169,"2":219,"3":140,"4":28,"5":28,"6":36,"7":1},"b":{"0":[2,34],"1":[0,219],"2":[140,0],"3":[27,1],"4":[28,0],"5":[28,0],"6":[28,0],"7":[28,0],"8":[28,1,0],"9":[2,26],"10":[1,27],"11":[28,0],"12":[36,1,1],"13":[36,0],"14":[36,2],"15":[36,2],"16":[36,2],"17":[9,27],"18":[28,2,2],"19":[1,27],"20":[28,1],"21":[1,27],"22":[28,1],"23":[28,2],"24":[28,0],"25":[28,0],"26":[8,20],"27":[2,6],"28":[8,4],"29":[1,27],"30":[1,0],"31":[1,0],"32":[28,0],"33":[28,0],"34":[1,27]},"_coverageSchema":"1a1c01bbd47fc00a2c39e90264f33305004495a9","hash":"06b8a533c9d4cdc42ef1e7ba44e2679578141b71"}
,"/home/francischeah/Documents/projects/008_xipos/sources/xi-print-server/src/server.js": {"path":"/home/francischeah/Documents/projects/008_xipos/sources/xi-print-server/src/server.js","statementMap":{"0":{"start":{"line":1,"column":16},"end":{"line":1,"column":34}},"1":{"start":{"line":2,"column":15},"end":{"line":2,"column":32}},"2":{"start":{"line":3,"column":13},"end":{"line":3,"column":28}},"3":{"start":{"line":4,"column":18},"end":{"line":4,"column":47}},"4":{"start":{"line":5,"column":19},"end":{"line":5,"column":41}},"5":{"start":{"line":6,"column":36},"end":{"line":6,"column":65}},"6":{"start":{"line":7,"column":38},"end":{"line":7,"column":61}},"7":{"start":{"line":10,"column":21},"end":{"line":10,"column":25}},"8":{"start":{"line":12,"column":0},"end":{"line":35,"column":3}},"9":{"start":{"line":13,"column":1},"end":{"line":13,"column":31}},"10":{"start":{"line":14,"column":1},"end":{"line":14,"column":44}},"11":{"start":{"line":15,"column":1},"end":{"line":15,"column":31}},"12":{"start":{"line":16,"column":1},"end":{"line":16,"column":22}},"13":{"start":{"line":17,"column":1},"end":{"line":17,"column":31}},"14":{"start":{"line":18,"column":1},"end":{"line":18,"column":50}},"15":{"start":{"line":21,"column":1},"end":{"line":28,"column":2}},"16":{"start":{"line":22,"column":2},"end":{"line":25,"column":5}},"17":{"start":{"line":23,"column":3},"end":{"line":23,"column":39}},"18":{"start":{"line":24,"column":3},"end":{"line":24,"column":19}},"19":{"start":{"line":27,"column":2},"end":{"line":27,"column":18}},"20":{"start":{"line":31,"column":1},"end":{"line":34,"column":10}},"21":{"start":{"line":32,"column":2},"end":{"line":32,"column":60}},"22":{"start":{"line":33,"column":2},"end":{"line":33,"column":18}},"23":{"start":{"line":37,"column":0},"end":{"line":61,"column":3}},"24":{"start":{"line":38,"column":1},"end":{"line":38,"column":31}},"25":{"start":{"line":39,"column":1},"end":{"line":39,"column":53}},"26":{"start":{"line":40,"column":1},"end":{"line":40,"column":31}},"27":{"start":{"line":41,"column":1},"end":{"line":41,"column":36}},"28":{"start":{"line":42,"column":1},"end":{"line":42,"column":34}},"29":{"start":{"line":43,"column":1},"end":{"line":43,"column":31}},"30":{"start":{"line":44,"column":1},"end":{"line":44,"column":50}},"31":{"start":{"line":47,"column":1},"end":{"line":54,"column":2}},"32":{"start":{"line":48,"column":2},"end":{"line":51,"column":5}},"33":{"start":{"line":49,"column":3},"end":{"line":49,"column":39}},"34":{"start":{"line":50,"column":3},"end":{"line":50,"column":19}},"35":{"start":{"line":53,"column":2},"end":{"line":53,"column":18}},"36":{"start":{"line":57,"column":1},"end":{"line":60,"column":10}},"37":{"start":{"line":58,"column":2},"end":{"line":58,"column":60}},"38":{"start":{"line":59,"column":2},"end":{"line":59,"column":18}},"39":{"start":{"line":63,"column":12},"end":{"line":63,"column":21}},"40":{"start":{"line":66,"column":0},"end":{"line":69,"column":4}},"41":{"start":{"line":70,"column":0},"end":{"line":73,"column":4}},"42":{"start":{"line":74,"column":0},"end":{"line":74,"column":40}},"43":{"start":{"line":77,"column":0},"end":{"line":80,"column":3}},"44":{"start":{"line":78,"column":1},"end":{"line":78,"column":72}},"45":{"start":{"line":79,"column":1},"end":{"line":79,"column":8}},"46":{"start":{"line":83,"column":27},"end":{"line":95,"column":1}},"47":{"start":{"line":84,"column":16},"end":{"line":84,"column":40}},"48":{"start":{"line":86,"column":1},"end":{"line":92,"column":2}},"49":{"start":{"line":87,"column":2},"end":{"line":87,"column":96}},"50":{"start":{"line":88,"column":2},"end":{"line":91,"column":5}},"51":{"start":{"line":94,"column":1},"end":{"line":94,"column":8}},"52":{"start":{"line":98,"column":24},"end":{"line":98,"column":49}},"53":{"start":{"line":101,"column":21},"end":{"line":120,"column":2}},"54":{"start":{"line":111,"column":21},"end":{"line":111,"column":54}},"55":{"start":{"line":112,"column":2},"end":{"line":118,"column":6}},"56":{"start":{"line":123,"column":20},"end":{"line":142,"column":2}},"57":{"start":{"line":133,"column":21},"end":{"line":133,"column":54}},"58":{"start":{"line":134,"column":2},"end":{"line":140,"column":6}},"59":{"start":{"line":145,"column":0},"end":{"line":150,"column":3}},"60":{"start":{"line":146,"column":1},"end":{"line":149,"column":4}},"61":{"start":{"line":153,"column":0},"end":{"line":168,"column":3}},"62":{"start":{"line":154,"column":1},"end":{"line":167,"column":2}},"63":{"start":{"line":155,"column":2},"end":{"line":155,"column":22}},"64":{"start":{"line":156,"column":2},"end":{"line":159,"column":5}},"65":{"start":{"line":161,"column":2},"end":{"line":161,"column":45}},"66":{"start":{"line":162,"column":2},"end":{"line":166,"column":5}},"67":{"start":{"line":171,"column":0},"end":{"line":183,"column":3}},"68":{"start":{"line":172,"column":1},"end":{"line":182,"column":2}},"69":{"start":{"line":173,"column":17},"end":{"line":173,"column":34}},"70":{"start":{"line":174,"column":2},"end":{"line":174,"column":19}},"71":{"start":{"line":176,"column":2},"end":{"line":176,"column":47}},"72":{"start":{"line":177,"column":2},"end":{"line":181,"column":5}},"73":{"start":{"line":186,"column":0},"end":{"line":252,"column":3}},"74":{"start":{"line":187,"column":1},"end":{"line":251,"column":2}},"75":{"start":{"line":188,"column":20},"end":{"line":188,"column":28}},"76":{"start":{"line":191,"column":2},"end":{"line":196,"column":3}},"77":{"start":{"line":192,"column":3},"end":{"line":195,"column":6}},"78":{"start":{"line":199,"column":2},"end":{"line":204,"column":3}},"79":{"start":{"line":200,"column":3},"end":{"line":203,"column":6}},"80":{"start":{"line":207,"column":2},"end":{"line":212,"column":3}},"81":{"start":{"line":208,"column":3},"end":{"line":211,"column":6}},"82":{"start":{"line":215,"column":2},"end":{"line":236,"column":3}},"83":{"start":{"line":215,"column":15},"end":{"line":215,"column":16}},"84":{"start":{"line":216,"column":16},"end":{"line":216,"column":34}},"85":{"start":{"line":217,"column":3},"end":{"line":222,"column":4}},"86":{"start":{"line":218,"column":4},"end":{"line":221,"column":7}},"87":{"start":{"line":223,"column":3},"end":{"line":228,"column":4}},"88":{"start":{"line":224,"column":4},"end":{"line":227,"column":7}},"89":{"start":{"line":229,"column":21},"end":{"line":229,"column":81}},"90":{"start":{"line":230,"column":3},"end":{"line":235,"column":4}},"91":{"start":{"line":231,"column":4},"end":{"line":234,"column":7}},"92":{"start":{"line":238,"column":2},"end":{"line":240,"column":3}},"93":{"start":{"line":239,"column":3},"end":{"line":239,"column":78}},"94":{"start":{"line":242,"column":17},"end":{"line":242,"column":46}},"95":{"start":{"line":243,"column":2},"end":{"line":243,"column":19}},"96":{"start":{"line":245,"column":2},"end":{"line":245,"column":40}},"97":{"start":{"line":246,"column":2},"end":{"line":250,"column":5}},"98":{"start":{"line":255,"column":0},"end":{"line":270,"column":3}},"99":{"start":{"line":257,"column":1},"end":{"line":263,"column":2}},"100":{"start":{"line":258,"column":2},"end":{"line":258,"column":53}},"101":{"start":{"line":259,"column":2},"end":{"line":262,"column":5}},"102":{"start":{"line":265,"column":1},"end":{"line":265,"column":39}},"103":{"start":{"line":266,"column":1},"end":{"line":269,"column":4}},"104":{"start":{"line":273,"column":15},"end":{"line":287,"column":2}},"105":{"start":{"line":274,"column":1},"end":{"line":274,"column":36}},"106":{"start":{"line":275,"column":1},"end":{"line":275,"column":40}},"107":{"start":{"line":276,"column":1},"end":{"line":276,"column":29}},"108":{"start":{"line":277,"column":1},"end":{"line":277,"column":85}},"109":{"start":{"line":278,"column":1},"end":{"line":278,"column":53}},"110":{"start":{"line":279,"column":1},"end":{"line":279,"column":69}},"111":{"start":{"line":280,"column":1},"end":{"line":280,"column":29}},"112":{"start":{"line":281,"column":1},"end":{"line":281,"column":29}},"113":{"start":{"line":282,"column":1},"end":{"line":282,"column":53}},"114":{"start":{"line":283,"column":1},"end":{"line":283,"column":64}},"115":{"start":{"line":284,"column":1},"end":{"line":284,"column":59}},"116":{"start":{"line":285,"column":1},"end":{"line":285,"column":54}},"117":{"start":{"line":286,"column":1},"end":{"line":286,"column":36}},"118":{"start":{"line":290,"column":25},"end":{"line":302,"column":1}},"119":{"start":{"line":291,"column":1},"end":{"line":291,"column":64}},"120":{"start":{"line":292,"column":1},"end":{"line":297,"column":2}},"121":{"start":{"line":293,"column":2},"end":{"line":293,"column":23}},"122":{"start":{"line":294,"column":2},"end":{"line":294,"column":43}},"123":{"start":{"line":296,"column":2},"end":{"line":296,"column":55}},"124":{"start":{"line":298,"column":1},"end":{"line":301,"column":4}},"125":{"start":{"line":299,"column":2},"end":{"line":299,"column":31}},"126":{"start":{"line":300,"column":2},"end":{"line":300,"column":18}},"127":{"start":{"line":304,"column":0},"end":{"line":304,"column":57}},"128":{"start":{"line":304,"column":28},"end":{"line":304,"column":55}},"129":{"start":{"line":305,"column":0},"end":{"line":305,"column":57}},"130":{"start":{"line":305,"column":27},"end":{"line":305,"column":55}}},"fnMap":{"0":{"name":"(anonymous_0)","decl":{"start":{"line":12,"column":32},"end":{"line":12,"column":33}},"loc":{"start":{"line":12,"column":43},"end":{"line":35,"column":1}},"line":12},"1":{"name":"(anonymous_1)","decl":{"start":{"line":22,"column":23},"end":{"line":22,"column":24}},"loc":{"start":{"line":22,"column":29},"end":{"line":25,"column":3}},"line":22},"2":{"name":"(anonymous_2)","decl":{"start":{"line":31,"column":12},"end":{"line":31,"column":13}},"loc":{"start":{"line":31,"column":18},"end":{"line":34,"column":2}},"line":31},"3":{"name":"(anonymous_3)","decl":{"start":{"line":37,"column":33},"end":{"line":37,"column":34}},"loc":{"start":{"line":37,"column":54},"end":{"line":61,"column":1}},"line":37},"4":{"name":"(anonymous_4)","decl":{"start":{"line":48,"column":23},"end":{"line":48,"column":24}},"loc":{"start":{"line":48,"column":29},"end":{"line":51,"column":3}},"line":48},"5":{"name":"(anonymous_5)","decl":{"start":{"line":57,"column":12},"end":{"line":57,"column":13}},"loc":{"start":{"line":57,"column":18},"end":{"line":60,"column":2}},"line":57},"6":{"name":"(anonymous_6)","decl":{"start":{"line":77,"column":8},"end":{"line":77,"column":9}},"loc":{"start":{"line":77,"column":28},"end":{"line":80,"column":1}},"line":77},"7":{"name":"(anonymous_7)","decl":{"start":{"line":83,"column":27},"end":{"line":83,"column":28}},"loc":{"start":{"line":83,"column":47},"end":{"line":95,"column":1}},"line":83},"8":{"name":"(anonymous_8)","decl":{"start":{"line":110,"column":10},"end":{"line":110,"column":11}},"loc":{"start":{"line":110,"column":24},"end":{"line":119,"column":2}},"line":110},"9":{"name":"(anonymous_9)","decl":{"start":{"line":132,"column":10},"end":{"line":132,"column":11}},"loc":{"start":{"line":132,"column":24},"end":{"line":141,"column":2}},"line":132},"10":{"name":"(anonymous_10)","decl":{"start":{"line":145,"column":19},"end":{"line":145,"column":20}},"loc":{"start":{"line":145,"column":33},"end":{"line":150,"column":1}},"line":145},"11":{"name":"(anonymous_11)","decl":{"start":{"line":153,"column":50},"end":{"line":153,"column":51}},"loc":{"start":{"line":153,"column":70},"end":{"line":168,"column":1}},"line":153},"12":{"name":"(anonymous_12)","decl":{"start":{"line":171,"column":59},"end":{"line":171,"column":60}},"loc":{"start":{"line":171,"column":79},"end":{"line":183,"column":1}},"line":171},"13":{"name":"(anonymous_13)","decl":{"start":{"line":186,"column":53},"end":{"line":186,"column":54}},"loc":{"start":{"line":186,"column":73},"end":{"line":252,"column":1}},"line":186},"14":{"name":"(anonymous_14)","decl":{"start":{"line":255,"column":8},"end":{"line":255,"column":9}},"loc":{"start":{"line":255,"column":36},"end":{"line":270,"column":1}},"line":255},"15":{"name":"(anonymous_15)","decl":{"start":{"line":273,"column":83},"end":{"line":273,"column":84}},"loc":{"start":{"line":273,"column":89},"end":{"line":287,"column":1}},"line":273},"16":{"name":"(anonymous_16)","decl":{"start":{"line":290,"column":25},"end":{"line":290,"column":26}},"loc":{"start":{"line":290,"column":43},"end":{"line":302,"column":1}},"line":290},"17":{"name":"(anonymous_17)","decl":{"start":{"line":298,"column":14},"end":{"line":298,"column":15}},"loc":{"start":{"line":298,"column":20},"end":{"line":301,"column":2}},"line":298},"18":{"name":"(anonymous_18)","decl":{"start":{"line":304,"column":22},"end":{"line":304,"column":23}},"loc":{"start":{"line":304,"column":28},"end":{"line":304,"column":55}},"line":304},"19":{"name":"(anonymous_19)","decl":{"start":{"line":305,"column":21},"end":{"line":305,"column":22}},"loc":{"start":{"line":305,"column":27},"end":{"line":305,"column":55}},"line":305}},"branchMap":{"0":{"loc":{"start":{"line":21,"column":1},"end":{"line":28,"column":2}},"type":"if","locations":[{"start":{"line":21,"column":1},"end":{"line":28,"column":2}},{"start":{"line":26,"column":8},"end":{"line":28,"column":2}}],"line":21},"1":{"loc":{"start":{"line":47,"column":1},"end":{"line":54,"column":2}},"type":"if","locations":[{"start":{"line":47,"column":1},"end":{"line":54,"column":2}},{"start":{"line":52,"column":8},"end":{"line":54,"column":2}}],"line":47},"2":{"loc":{"start":{"line":86,"column":1},"end":{"line":92,"column":2}},"type":"if","locations":[{"start":{"line":86,"column":1},"end":{"line":92,"column":2}},{"start":{},"end":{}}],"line":86},"3":{"loc":{"start":{"line":86,"column":5},"end":{"line":86,"column":45}},"type":"binary-expr","locations":[{"start":{"line":86,"column":5},"end":{"line":86,"column":12}},{"start":{"line":86,"column":16},"end":{"line":86,"column":45}}],"line":86},"4":{"loc":{"start":{"line":165,"column":11},"end":{"line":165,"column":79}},"type":"cond-expr","locations":[{"start":{"line":165,"column":27},"end":{"line":165,"column":59}},{"start":{"line":165,"column":63},"end":{"line":165,"column":79}}],"line":165},"5":{"loc":{"start":{"line":165,"column":27},"end":{"line":165,"column":59}},"type":"binary-expr","locations":[{"start":{"line":165,"column":27},"end":{"line":165,"column":40}},{"start":{"line":165,"column":44},"end":{"line":165,"column":59}}],"line":165},"6":{"loc":{"start":{"line":180,"column":11},"end":{"line":180,"column":79}},"type":"cond-expr","locations":[{"start":{"line":180,"column":27},"end":{"line":180,"column":59}},{"start":{"line":180,"column":63},"end":{"line":180,"column":79}}],"line":180},"7":{"loc":{"start":{"line":180,"column":27},"end":{"line":180,"column":59}},"type":"binary-expr","locations":[{"start":{"line":180,"column":27},"end":{"line":180,"column":40}},{"start":{"line":180,"column":44},"end":{"line":180,"column":59}}],"line":180},"8":{"loc":{"start":{"line":191,"column":2},"end":{"line":196,"column":3}},"type":"if","locations":[{"start":{"line":191,"column":2},"end":{"line":196,"column":3}},{"start":{},"end":{}}],"line":191},"9":{"loc":{"start":{"line":191,"column":6},"end":{"line":191,"column":49}},"type":"binary-expr","locations":[{"start":{"line":191,"column":6},"end":{"line":191,"column":16}},{"start":{"line":191,"column":20},"end":{"line":191,"column":49}}],"line":191},"10":{"loc":{"start":{"line":199,"column":2},"end":{"line":204,"column":3}},"type":"if","locations":[{"start":{"line":199,"column":2},"end":{"line":204,"column":3}},{"start":{},"end":{}}],"line":199},"11":{"loc":{"start":{"line":199,"column":6},"end":{"line":199,"column":89}},"type":"binary-expr","locations":[{"start":{"line":199,"column":6},"end":{"line":199,"column":22}},{"start":{"line":199,"column":26},"end":{"line":199,"column":57}},{"start":{"line":199,"column":61},"end":{"line":199,"column":89}}],"line":199},"12":{"loc":{"start":{"line":207,"column":2},"end":{"line":212,"column":3}},"type":"if","locations":[{"start":{"line":207,"column":2},"end":{"line":212,"column":3}},{"start":{},"end":{}}],"line":207},"13":{"loc":{"start":{"line":217,"column":3},"end":{"line":222,"column":4}},"type":"if","locations":[{"start":{"line":217,"column":3},"end":{"line":222,"column":4}},{"start":{},"end":{}}],"line":217},"14":{"loc":{"start":{"line":217,"column":7},"end":{"line":217,"column":40}},"type":"binary-expr","locations":[{"start":{"line":217,"column":7},"end":{"line":217,"column":12}},{"start":{"line":217,"column":16},"end":{"line":217,"column":40}}],"line":217},"15":{"loc":{"start":{"line":223,"column":3},"end":{"line":228,"column":4}},"type":"if","locations":[{"start":{"line":223,"column":3},"end":{"line":228,"column":4}},{"start":{},"end":{}}],"line":223},"16":{"loc":{"start":{"line":223,"column":7},"end":{"line":223,"column":103}},"type":"binary-expr","locations":[{"start":{"line":223,"column":7},"end":{"line":223,"column":43}},{"start":{"line":223,"column":48},"end":{"line":223,"column":81}},{"start":{"line":223,"column":85},"end":{"line":223,"column":102}}],"line":223},"17":{"loc":{"start":{"line":229,"column":21},"end":{"line":229,"column":81}},"type":"cond-expr","locations":[{"start":{"line":229,"column":53},"end":{"line":229,"column":68}},{"start":{"line":229,"column":71},"end":{"line":229,"column":81}}],"line":229},"18":{"loc":{"start":{"line":230,"column":3},"end":{"line":235,"column":4}},"type":"if","locations":[{"start":{"line":230,"column":3},"end":{"line":235,"column":4}},{"start":{},"end":{}}],"line":230},"19":{"loc":{"start":{"line":230,"column":7},"end":{"line":230,"column":82}},"type":"binary-expr","locations":[{"start":{"line":230,"column":7},"end":{"line":230,"column":30}},{"start":{"line":230,"column":35},"end":{"line":230,"column":64}},{"start":{"line":230,"column":68},"end":{"line":230,"column":81}}],"line":230},"20":{"loc":{"start":{"line":238,"column":2},"end":{"line":240,"column":3}},"type":"if","locations":[{"start":{"line":238,"column":2},"end":{"line":240,"column":3}},{"start":{},"end":{}}],"line":238},"21":{"loc":{"start":{"line":249,"column":11},"end":{"line":249,"column":79}},"type":"cond-expr","locations":[{"start":{"line":249,"column":27},"end":{"line":249,"column":59}},{"start":{"line":249,"column":63},"end":{"line":249,"column":79}}],"line":249},"22":{"loc":{"start":{"line":249,"column":27},"end":{"line":249,"column":59}},"type":"binary-expr","locations":[{"start":{"line":249,"column":27},"end":{"line":249,"column":40}},{"start":{"line":249,"column":44},"end":{"line":249,"column":59}}],"line":249},"23":{"loc":{"start":{"line":257,"column":1},"end":{"line":263,"column":2}},"type":"if","locations":[{"start":{"line":257,"column":1},"end":{"line":263,"column":2}},{"start":{},"end":{}}],"line":257}},"s":{"0":0,"1":0,"2":0,"3":0,"4":0,"5":0,"6":0,"7":0,"8":0,"9":0,"10":0,"11":0,"12":0,"13":0,"14":0,"15":0,"16":0,"17":0,"18":0,"19":0,"20":0,"21":0,"22":0,"23":0,"24":0,"25":0,"26":0,"27":0,"28":0,"29":0,"30":0,"31":0,"32":0,"33":0,"34":0,"35":0,"36":0,"37":0,"38":0,"39":0,"40":0,"41":0,"42":0,"43":0,"44":0,"45":0,"46":0,"47":0,"48":0,"49":0,"50":0,"51":0,"52":0,"53":0,"54":0,"55":0,"56":0,"57":0,"58":0,"59":0,"60":0,"61":0,"62":0,"63":0,"64":0,"65":0,"66":0,"67":0,"68":0,"69":0,"70":0,"71":0,"72":0,"73":0,"74":0,"75":0,"76":0,"77":0,"78":0,"79":0,"80":0,"81":0,"82":0,"83":0,"84":0,"85":0,"86":0,"87":0,"88":0,"89":0,"90":0,"91":0,"92":0,"93":0,"94":0,"95":0,"96":0,"97":0,"98":0,"99":0,"100":0,"101":0,"102":0,"103":0,"104":0,"105":0,"106":0,"107":0,"108":0,"109":0,"110":0,"111":0,"112":0,"113":0,"114":0,"115":0,"116":0,"117":0,"118":0,"119":0,"120":0,"121":0,"122":0,"123":0,"124":0,"125":0,"126":0,"127":0,"128":0,"129":0,"130":0},"f":{"0":0,"1":0,"2":0,"3":0,"4":0,"5":0,"6":0,"7":0,"8":0,"9":0,"10":0,"11":0,"12":0,"13":0,"14":0,"15":0,"16":0,"17":0,"18":0,"19":0},"b":{"0":[0,0],"1":[0,0],"2":[0,0],"3":[0,0],"4":[0,0],"5":[0,0],"6":[0,0],"7":[0,0],"8":[0,0],"9":[0,0],"10":[0,0],"11":[0,0,0],"12":[0,0],"13":[0,0],"14":[0,0],"15":[0,0],"16":[0,0,0],"17":[0,0],"18":[0,0],"19":[0,0,0],"20":[0,0],"21":[0,0],"22":[0,0],"23":[0,0]}}
}
