{"/home/francischeah/Documents/projects/008_xipos/sources/xi-print-server/src/config.js": {"path":"/home/francischeah/Documents/projects/008_xipos/sources/xi-print-server/src/config.js","statementMap":{"0":{"start":{"line":1,"column":15},"end":{"line":1,"column":32}},"1":{"start":{"line":2,"column":13},"end":{"line":2,"column":28}},"2":{"start":{"line":4,"column":0},"end":{"line":4,"column":60}},"3":{"start":{"line":6,"column":15},"end":{"line":43,"column":1}},"4":{"start":{"line":34,"column":66},"end":{"line":34,"column":79}},"5":{"start":{"line":51,"column":20},"end":{"line":51,"column":72}},"6":{"start":{"line":52,"column":4},"end":{"line":55,"column":5}},"7":{"start":{"line":53,"column":8},"end":{"line":53,"column":97}},"8":{"start":{"line":54,"column":8},"end":{"line":54,"column":21}},"9":{"start":{"line":56,"column":4},"end":{"line":56,"column":16}},"10":{"start":{"line":65,"column":21},"end":{"line":65,"column":76}},"11":{"start":{"line":66,"column":4},"end":{"line":69,"column":5}},"12":{"start":{"line":67,"column":8},"end":{"line":67,"column":101}},"13":{"start":{"line":68,"column":8},"end":{"line":68,"column":21}},"14":{"start":{"line":70,"column":4},"end":{"line":70,"column":16}},"15":{"start":{"line":79,"column":23},"end":{"line":79,"column":30}},"16":{"start":{"line":80,"column":4},"end":{"line":83,"column":5}},"17":{"start":{"line":81,"column":8},"end":{"line":81,"column":153}},"18":{"start":{"line":82,"column":8},"end":{"line":82,"column":21}},"19":{"start":{"line":84,"column":4},"end":{"line":84,"column":16}},"20":{"start":{"line":93,"column":20},"end":{"line":93,"column":45}},"21":{"start":{"line":94,"column":4},"end":{"line":97,"column":5}},"22":{"start":{"line":95,"column":8},"end":{"line":95,"column":99}},"23":{"start":{"line":96,"column":8},"end":{"line":96,"column":21}},"24":{"start":{"line":100,"column":19},"end":{"line":100,"column":32}},"25":{"start":{"line":101,"column":4},"end":{"line":107,"column":5}},"26":{"start":{"line":102,"column":20},"end":{"line":102,"column":39}},"27":{"start":{"line":103,"column":8},"end":{"line":106,"column":9}},"28":{"start":{"line":104,"column":12},"end":{"line":104,"column":109}},"29":{"start":{"line":105,"column":12},"end":{"line":105,"column":25}},"30":{"start":{"line":109,"column":4},"end":{"line":109,"column":16}},"31":{"start":{"line":117,"column":16},"end":{"line":117,"column":20}},"32":{"start":{"line":120,"column":4},"end":{"line":122,"column":5}},"33":{"start":{"line":121,"column":8},"end":{"line":121,"column":22}},"34":{"start":{"line":125,"column":4},"end":{"line":127,"column":5}},"35":{"start":{"line":126,"column":8},"end":{"line":126,"column":22}},"36":{"start":{"line":130,"column":4},"end":{"line":132,"column":5}},"37":{"start":{"line":131,"column":8},"end":{"line":131,"column":22}},"38":{"start":{"line":135,"column":4},"end":{"line":139,"column":5}},"39":{"start":{"line":136,"column":8},"end":{"line":138,"column":9}},"40":{"start":{"line":137,"column":12},"end":{"line":137,"column":26}},"41":{"start":{"line":142,"column":30},"end":{"line":142,"column":88}},"42":{"start":{"line":143,"column":4},"end":{"line":146,"column":5}},"43":{"start":{"line":144,"column":8},"end":{"line":144,"column":101}},"44":{"start":{"line":145,"column":8},"end":{"line":145,"column":22}},"45":{"start":{"line":149,"column":4},"end":{"line":152,"column":5}},"46":{"start":{"line":150,"column":8},"end":{"line":150,"column":102}},"47":{"start":{"line":151,"column":8},"end":{"line":151,"column":24}},"48":{"start":{"line":156,"column":0},"end":{"line":156,"column":17}},"49":{"start":{"line":158,"column":0},"end":{"line":158,"column":28}}},"fnMap":{"0":{"name":"(anonymous_0)","decl":{"start":{"line":34,"column":54},"end":{"line":34,"column":55}},"loc":{"start":{"line":34,"column":66},"end":{"line":34,"column":79}},"line":34},"1":{"name":"validatePort","decl":{"start":{"line":50,"column":9},"end":{"line":50,"column":21}},"loc":{"start":{"line":50,"column":28},"end":{"line":57,"column":1}},"line":50},"2":{"name":"validatePaperWidth","decl":{"start":{"line":64,"column":9},"end":{"line":64,"column":27}},"loc":{"start":{"line":64,"column":35},"end":{"line":71,"column":1}},"line":64},"3":{"name":"validatePrinterType","decl":{"start":{"line":78,"column":9},"end":{"line":78,"column":28}},"loc":{"start":{"line":78,"column":35},"end":{"line":85,"column":1}},"line":78},"4":{"name":"validateIPAddress","decl":{"start":{"line":92,"column":9},"end":{"line":92,"column":26}},"loc":{"start":{"line":92,"column":31},"end":{"line":110,"column":1}},"line":92},"5":{"name":"validateConfig","decl":{"start":{"line":116,"column":9},"end":{"line":116,"column":23}},"loc":{"start":{"line":116,"column":26},"end":{"line":153,"column":1}},"line":116}},"branchMap":{"0":{"loc":{"start":{"line":8,"column":14},"end":{"line":8,"column":38}},"type":"binary-expr","locations":[{"start":{"line":8,"column":14},"end":{"line":8,"column":30}},{"start":{"line":8,"column":34},"end":{"line":8,"column":38}}],"line":8},"1":{"loc":{"start":{"line":9,"column":14},"end":{"line":9,"column":43}},"type":"binary-expr","locations":[{"start":{"line":9,"column":14},"end":{"line":9,"column":30}},{"start":{"line":9,"column":34},"end":{"line":9,"column":43}}],"line":9},"2":{"loc":{"start":{"line":12,"column":17},"end":{"line":12,"column":42}},"type":"binary-expr","locations":[{"start":{"line":12,"column":17},"end":{"line":12,"column":36}},{"start":{"line":12,"column":40},"end":{"line":12,"column":42}}],"line":12},"3":{"loc":{"start":{"line":15,"column":14},"end":{"line":15,"column":47}},"type":"binary-expr","locations":[{"start":{"line":15,"column":14},"end":{"line":15,"column":38}},{"start":{"line":15,"column":42},"end":{"line":15,"column":47}}],"line":15},"4":{"loc":{"start":{"line":17,"column":22},"end":{"line":17,"column":55}},"type":"binary-expr","locations":[{"start":{"line":17,"column":22},"end":{"line":17,"column":47}},{"start":{"line":17,"column":51},"end":{"line":17,"column":55}}],"line":17},"5":{"loc":{"start":{"line":18,"column":23},"end":{"line":18,"column":57}},"type":"binary-expr","locations":[{"start":{"line":18,"column":23},"end":{"line":18,"column":49}},{"start":{"line":18,"column":53},"end":{"line":18,"column":57}}],"line":18},"6":{"loc":{"start":{"line":22,"column":19},"end":{"line":22,"column":58}},"type":"binary-expr","locations":[{"start":{"line":22,"column":19},"end":{"line":22,"column":41}},{"start":{"line":22,"column":45},"end":{"line":22,"column":58}}],"line":22},"7":{"loc":{"start":{"line":23,"column":22},"end":{"line":23,"column":53}},"type":"binary-expr","locations":[{"start":{"line":23,"column":22},"end":{"line":23,"column":47}},{"start":{"line":23,"column":51},"end":{"line":23,"column":53}}],"line":23},"8":{"loc":{"start":{"line":24,"column":20},"end":{"line":24,"column":49}},"type":"binary-expr","locations":[{"start":{"line":24,"column":20},"end":{"line":24,"column":43}},{"start":{"line":24,"column":47},"end":{"line":24,"column":49}}],"line":24},"9":{"loc":{"start":{"line":25,"column":20},"end":{"line":25,"column":50}},"type":"binary-expr","locations":[{"start":{"line":25,"column":20},"end":{"line":25,"column":44}},{"start":{"line":25,"column":48},"end":{"line":25,"column":50}}],"line":25},"10":{"loc":{"start":{"line":26,"column":20},"end":{"line":26,"column":63}},"type":"binary-expr","locations":[{"start":{"line":26,"column":20},"end":{"line":26,"column":57}},{"start":{"line":26,"column":61},"end":{"line":26,"column":63}}],"line":26},"11":{"loc":{"start":{"line":27,"column":24},"end":{"line":27,"column":59}},"type":"binary-expr","locations":[{"start":{"line":27,"column":24},"end":{"line":27,"column":51}},{"start":{"line":27,"column":55},"end":{"line":27,"column":59}}],"line":27},"12":{"loc":{"start":{"line":28,"column":18},"end":{"line":28,"column":59}},"type":"binary-expr","locations":[{"start":{"line":28,"column":18},"end":{"line":28,"column":46}},{"start":{"line":28,"column":50},"end":{"line":28,"column":59}}],"line":28},"13":{"loc":{"start":{"line":29,"column":21},"end":{"line":29,"column":87}},"type":"binary-expr","locations":[{"start":{"line":29,"column":21},"end":{"line":29,"column":53}},{"start":{"line":29,"column":57},"end":{"line":29,"column":87}}],"line":29},"14":{"loc":{"start":{"line":30,"column":21},"end":{"line":30,"column":76}},"type":"binary-expr","locations":[{"start":{"line":30,"column":21},"end":{"line":30,"column":53}},{"start":{"line":30,"column":57},"end":{"line":30,"column":76}}],"line":30},"15":{"loc":{"start":{"line":33,"column":17},"end":{"line":35,"column":64}},"type":"cond-expr","locations":[{"start":{"line":34,"column":14},"end":{"line":34,"column":80}},{"start":{"line":35,"column":14},"end":{"line":35,"column":64}}],"line":33},"16":{"loc":{"start":{"line":38,"column":27},"end":{"line":38,"column":67}},"type":"binary-expr","locations":[{"start":{"line":38,"column":27},"end":{"line":38,"column":56}},{"start":{"line":38,"column":60},"end":{"line":38,"column":67}}],"line":38},"17":{"loc":{"start":{"line":39,"column":27},"end":{"line":39,"column":67}},"type":"binary-expr","locations":[{"start":{"line":39,"column":27},"end":{"line":39,"column":59}},{"start":{"line":39,"column":63},"end":{"line":39,"column":67}}],"line":39},"18":{"loc":{"start":{"line":40,"column":26},"end":{"line":40,"column":64}},"type":"binary-expr","locations":[{"start":{"line":40,"column":26},"end":{"line":40,"column":57}},{"start":{"line":40,"column":61},"end":{"line":40,"column":64}}],"line":40},"19":{"loc":{"start":{"line":51,"column":20},"end":{"line":51,"column":72}},"type":"cond-expr","locations":[{"start":{"line":51,"column":47},"end":{"line":51,"column":65}},{"start":{"line":51,"column":68},"end":{"line":51,"column":72}}],"line":51},"20":{"loc":{"start":{"line":52,"column":4},"end":{"line":55,"column":5}},"type":"if","locations":[{"start":{"line":52,"column":4},"end":{"line":55,"column":5}},{"start":{},"end":{}}],"line":52},"21":{"loc":{"start":{"line":52,"column":8},"end":{"line":52,"column":56}},"type":"binary-expr","locations":[{"start":{"line":52,"column":8},"end":{"line":52,"column":22}},{"start":{"line":52,"column":26},"end":{"line":52,"column":37}},{"start":{"line":52,"column":41},"end":{"line":52,"column":56}}],"line":52},"22":{"loc":{"start":{"line":65,"column":21},"end":{"line":65,"column":76}},"type":"cond-expr","locations":[{"start":{"line":65,"column":49},"end":{"line":65,"column":68}},{"start":{"line":65,"column":71},"end":{"line":65,"column":76}}],"line":65},"23":{"loc":{"start":{"line":66,"column":4},"end":{"line":69,"column":5}},"type":"if","locations":[{"start":{"line":66,"column":4},"end":{"line":69,"column":5}},{"start":{},"end":{}}],"line":66},"24":{"loc":{"start":{"line":66,"column":8},"end":{"line":66,"column":42}},"type":"binary-expr","locations":[{"start":{"line":66,"column":8},"end":{"line":66,"column":23}},{"start":{"line":66,"column":27},"end":{"line":66,"column":42}}],"line":66},"25":{"loc":{"start":{"line":80,"column":4},"end":{"line":83,"column":5}},"type":"if","locations":[{"start":{"line":80,"column":4},"end":{"line":83,"column":5}},{"start":{},"end":{}}],"line":80},"26":{"loc":{"start":{"line":94,"column":4},"end":{"line":97,"column":5}},"type":"if","locations":[{"start":{"line":94,"column":4},"end":{"line":97,"column":5}},{"start":{},"end":{}}],"line":94},"27":{"loc":{"start":{"line":103,"column":8},"end":{"line":106,"column":9}},"type":"if","locations":[{"start":{"line":103,"column":8},"end":{"line":106,"column":9}},{"start":{},"end":{}}],"line":103},"28":{"loc":{"start":{"line":103,"column":12},"end":{"line":103,"column":32}},"type":"binary-expr","locations":[{"start":{"line":103,"column":12},"end":{"line":103,"column":19}},{"start":{"line":103,"column":23},"end":{"line":103,"column":32}}],"line":103},"29":{"loc":{"start":{"line":120,"column":4},"end":{"line":122,"column":5}},"type":"if","locations":[{"start":{"line":120,"column":4},"end":{"line":122,"column":5}},{"start":{},"end":{}}],"line":120},"30":{"loc":{"start":{"line":125,"column":4},"end":{"line":127,"column":5}},"type":"if","locations":[{"start":{"line":125,"column":4},"end":{"line":127,"column":5}},{"start":{},"end":{}}],"line":125},"31":{"loc":{"start":{"line":130,"column":4},"end":{"line":132,"column":5}},"type":"if","locations":[{"start":{"line":130,"column":4},"end":{"line":132,"column":5}},{"start":{},"end":{}}],"line":130},"32":{"loc":{"start":{"line":135,"column":4},"end":{"line":139,"column":5}},"type":"if","locations":[{"start":{"line":135,"column":4},"end":{"line":139,"column":5}},{"start":{},"end":{}}],"line":135},"33":{"loc":{"start":{"line":135,"column":8},"end":{"line":135,"column":96}},"type":"binary-expr","locations":[{"start":{"line":135,"column":8},"end":{"line":135,"column":41}},{"start":{"line":135,"column":45},"end":{"line":135,"column":67}},{"start":{"line":135,"column":71},"end":{"line":135,"column":96}}],"line":135},"34":{"loc":{"start":{"line":136,"column":8},"end":{"line":138,"column":9}},"type":"if","locations":[{"start":{"line":136,"column":8},"end":{"line":138,"column":9}},{"start":{},"end":{}}],"line":136},"35":{"loc":{"start":{"line":143,"column":4},"end":{"line":146,"column":5}},"type":"if","locations":[{"start":{"line":143,"column":4},"end":{"line":146,"column":5}},{"start":{},"end":{}}],"line":143},"36":{"loc":{"start":{"line":143,"column":8},"end":{"line":143,"column":77}},"type":"binary-expr","locations":[{"start":{"line":143,"column":8},"end":{"line":143,"column":27}},{"start":{"line":143,"column":31},"end":{"line":143,"column":77}}],"line":143},"37":{"loc":{"start":{"line":149,"column":4},"end":{"line":152,"column":5}},"type":"if","locations":[{"start":{"line":149,"column":4},"end":{"line":152,"column":5}},{"start":{},"end":{}}],"line":149}},"s":{"0":2,"1":2,"2":2,"3":2,"4":4,"5":2,"6":2,"7":0,"8":0,"9":2,"10":2,"11":2,"12":0,"13":0,"14":2,"15":2,"16":2,"17":0,"18":0,"19":2,"20":0,"21":0,"22":0,"23":0,"24":0,"25":0,"26":0,"27":0,"28":0,"29":0,"30":0,"31":2,"32":2,"33":0,"34":2,"35":0,"36":2,"37":0,"38":2,"39":0,"40":0,"41":2,"42":2,"43":0,"44":0,"45":2,"46":0,"47":0,"48":2,"49":2},"f":{"0":4,"1":2,"2":2,"3":2,"4":0,"5":2},"b":{"0":[2,0],"1":[2,0],"2":[2,0],"3":[2,0],"4":[2,0],"5":[2,0],"6":[2,0],"7":[2,0],"8":[2,0],"9":[2,0],"10":[2,0],"11":[2,2],"12":[2,2],"13":[2,2],"14":[2,2],"15":[2,0],"16":[2,0],"17":[2,0],"18":[2,0],"19":[2,0],"20":[0,2],"21":[2,2,2],"22":[0,2],"23":[0,2],"24":[2,2],"25":[0,2],"26":[0,0],"27":[0,0],"28":[0,0],"29":[0,2],"30":[0,2],"31":[0,2],"32":[0,2],"33":[2,0,0],"34":[0,0],"35":[0,2],"36":[2,2],"37":[0,2]},"_coverageSchema":"1a1c01bbd47fc00a2c39e90264f33305004495a9","hash":"e13f62f7226c201b4560386b830de118e208ae3e"}
,"/home/francischeah/Documents/projects/008_xipos/sources/xi-print-server/src/constants.js": {"path":"/home/francischeah/Documents/projects/008_xipos/sources/xi-print-server/src/constants.js","statementMap":{"0":{"start":{"line":13,"column":30},"end":{"line":13,"column":34}},"1":{"start":{"line":20,"column":27},"end":{"line":20,"column":32}},"2":{"start":{"line":28,"column":30},"end":{"line":28,"column":35}},"3":{"start":{"line":35,"column":25},"end":{"line":35,"column":29}},"4":{"start":{"line":45,"column":25},"end":{"line":45,"column":29}},"5":{"start":{"line":51,"column":27},"end":{"line":51,"column":28}},"6":{"start":{"line":53,"column":0},"end":{"line":60,"column":2}}},"fnMap":{},"branchMap":{},"s":{"0":0,"1":0,"2":0,"3":0,"4":0,"5":0,"6":0},"f":{},"b":{}}
,"/home/francischeah/Documents/projects/008_xipos/sources/xi-print-server/src/print-handler.js": {"path":"/home/francischeah/Documents/projects/008_xipos/sources/xi-print-server/src/print-handler.js","statementMap":{"0":{"start":{"line":1,"column":20},"end":{"line":1,"column":49}},"1":{"start":{"line":2,"column":51},"end":{"line":2,"column":74}},"2":{"start":{"line":3,"column":26},"end":{"line":3,"column":59}},"3":{"start":{"line":4,"column":19},"end":{"line":4,"column":41}},"4":{"start":{"line":10,"column":4},"end":{"line":10,"column":29}},"5":{"start":{"line":16,"column":1},"end":{"line":16,"column":56}},"6":{"start":{"line":16,"column":31},"end":{"line":16,"column":54}},"7":{"start":{"line":23,"column":17},"end":{"line":23,"column":44}},"8":{"start":{"line":26,"column":27},"end":{"line":34,"column":2}},"9":{"start":{"line":36,"column":1},"end":{"line":36,"column":69}},"10":{"start":{"line":36,"column":42},"end":{"line":36,"column":67}},"11":{"start":{"line":48,"column":1},"end":{"line":85,"column":2}},"12":{"start":{"line":48,"column":20},"end":{"line":48,"column":21}},"13":{"start":{"line":49,"column":2},"end":{"line":84,"column":3}},"14":{"start":{"line":50,"column":3},"end":{"line":60,"column":4}},"15":{"start":{"line":51,"column":18},"end":{"line":51,"column":61}},"16":{"start":{"line":52,"column":4},"end":{"line":52,"column":104}},"17":{"start":{"line":53,"column":4},"end":{"line":53,"column":89}},"18":{"start":{"line":56,"column":4},"end":{"line":56,"column":19}},"19":{"start":{"line":59,"column":4},"end":{"line":59,"column":23}},"20":{"start":{"line":63,"column":18},"end":{"line":63,"column":35}},"21":{"start":{"line":65,"column":3},"end":{"line":67,"column":4}},"22":{"start":{"line":66,"column":4},"end":{"line":66,"column":91}},"23":{"start":{"line":69,"column":3},"end":{"line":69,"column":17}},"24":{"start":{"line":71,"column":3},"end":{"line":71,"column":21}},"25":{"start":{"line":74,"column":3},"end":{"line":77,"column":4}},"26":{"start":{"line":75,"column":4},"end":{"line":75,"column":86}},"27":{"start":{"line":76,"column":4},"end":{"line":76,"column":16}},"28":{"start":{"line":80,"column":3},"end":{"line":83,"column":4}},"29":{"start":{"line":81,"column":4},"end":{"line":81,"column":86}},"30":{"start":{"line":82,"column":4},"end":{"line":82,"column":96}},"31":{"start":{"line":92,"column":15},"end":{"line":92,"column":19}},"32":{"start":{"line":94,"column":1},"end":{"line":172,"column":2}},"33":{"start":{"line":96,"column":2},"end":{"line":96,"column":32}},"34":{"start":{"line":99,"column":23},"end":{"line":99,"column":47}},"35":{"start":{"line":101,"column":2},"end":{"line":104,"column":3}},"36":{"start":{"line":102,"column":3},"end":{"line":102,"column":35}},"37":{"start":{"line":103,"column":3},"end":{"line":103,"column":40}},"38":{"start":{"line":108,"column":25},"end":{"line":113,"column":4}},"39":{"start":{"line":109,"column":3},"end":{"line":112,"column":29}},"40":{"start":{"line":110,"column":4},"end":{"line":110,"column":19}},"41":{"start":{"line":111,"column":4},"end":{"line":111,"column":49}},"42":{"start":{"line":116,"column":25},"end":{"line":162,"column":3}},"43":{"start":{"line":117,"column":3},"end":{"line":161,"column":4}},"44":{"start":{"line":119,"column":4},"end":{"line":119,"column":31}},"45":{"start":{"line":121,"column":20},"end":{"line":124,"column":6}},"46":{"start":{"line":127,"column":4},"end":{"line":140,"column":7}},"47":{"start":{"line":129,"column":5},"end":{"line":139,"column":6}},"48":{"start":{"line":133,"column":6},"end":{"line":133,"column":37}},"49":{"start":{"line":134,"column":12},"end":{"line":139,"column":6}},"50":{"start":{"line":136,"column":6},"end":{"line":136,"column":64}},"51":{"start":{"line":138,"column":6},"end":{"line":138,"column":37}},"52":{"start":{"line":143,"column":4},"end":{"line":146,"column":14}},"53":{"start":{"line":149,"column":4},"end":{"line":149,"column":72}},"54":{"start":{"line":149,"column":33},"end":{"line":149,"column":70}},"55":{"start":{"line":152,"column":4},"end":{"line":152,"column":19}},"56":{"start":{"line":154,"column":4},"end":{"line":157,"column":6}},"57":{"start":{"line":159,"column":4},"end":{"line":159,"column":19}},"58":{"start":{"line":160,"column":4},"end":{"line":160,"column":16}},"59":{"start":{"line":165,"column":2},"end":{"line":168,"column":5}},"60":{"start":{"line":166,"column":34},"end":{"line":166,"column":58}},"61":{"start":{"line":166,"column":59},"end":{"line":166,"column":70}},"62":{"start":{"line":170,"column":2},"end":{"line":170,"column":17}},"63":{"start":{"line":171,"column":2},"end":{"line":171,"column":14}},"64":{"start":{"line":180,"column":1},"end":{"line":184,"column":3}},"65":{"start":{"line":181,"column":8},"end":{"line":181,"column":35}},"66":{"start":{"line":191,"column":18},"end":{"line":215,"column":2}},"67":{"start":{"line":217,"column":1},"end":{"line":217,"column":31}},"68":{"start":{"line":220,"column":0},"end":{"line":223,"column":2}}},"fnMap":{"0":{"name":"sleep","decl":{"start":{"line":15,"column":9},"end":{"line":15,"column":14}},"loc":{"start":{"line":15,"column":19},"end":{"line":17,"column":1}},"line":15},"1":{"name":"(anonymous_1)","decl":{"start":{"line":16,"column":20},"end":{"line":16,"column":21}},"loc":{"start":{"line":16,"column":31},"end":{"line":16,"column":54}},"line":16},"2":{"name":"isTransientError","decl":{"start":{"line":22,"column":9},"end":{"line":22,"column":25}},"loc":{"start":{"line":22,"column":33},"end":{"line":37,"column":1}},"line":22},"3":{"name":"(anonymous_3)","decl":{"start":{"line":36,"column":31},"end":{"line":36,"column":32}},"loc":{"start":{"line":36,"column":42},"end":{"line":36,"column":67}},"line":36},"4":{"name":"retryWithBackoff","decl":{"start":{"line":45,"column":15},"end":{"line":45,"column":31}},"loc":{"start":{"line":45,"column":88},"end":{"line":86,"column":1}},"line":45},"5":{"name":"printReceiptCore","decl":{"start":{"line":91,"column":15},"end":{"line":91,"column":31}},"loc":{"start":{"line":91,"column":43},"end":{"line":173,"column":1}},"line":91},"6":{"name":"(anonymous_6)","decl":{"start":{"line":108,"column":37},"end":{"line":108,"column":38}},"loc":{"start":{"line":108,"column":52},"end":{"line":113,"column":3}},"line":108},"7":{"name":"(anonymous_7)","decl":{"start":{"line":109,"column":26},"end":{"line":109,"column":27}},"loc":{"start":{"line":109,"column":32},"end":{"line":112,"column":4}},"line":109},"8":{"name":"(anonymous_8)","decl":{"start":{"line":116,"column":25},"end":{"line":116,"column":26}},"loc":{"start":{"line":116,"column":37},"end":{"line":162,"column":3}},"line":116},"9":{"name":"(anonymous_9)","decl":{"start":{"line":127,"column":25},"end":{"line":127,"column":26}},"loc":{"start":{"line":127,"column":33},"end":{"line":140,"column":5}},"line":127},"10":{"name":"(anonymous_10)","decl":{"start":{"line":149,"column":22},"end":{"line":149,"column":23}},"loc":{"start":{"line":149,"column":33},"end":{"line":149,"column":70}},"line":149},"11":{"name":"(anonymous_11)","decl":{"start":{"line":166,"column":25},"end":{"line":166,"column":26}},"loc":{"start":{"line":166,"column":32},"end":{"line":166,"column":72}},"line":166},"12":{"name":"printReceipt","decl":{"start":{"line":179,"column":15},"end":{"line":179,"column":27}},"loc":{"start":{"line":179,"column":39},"end":{"line":185,"column":1}},"line":179},"13":{"name":"(anonymous_13)","decl":{"start":{"line":181,"column":2},"end":{"line":181,"column":3}},"loc":{"start":{"line":181,"column":8},"end":{"line":181,"column":35}},"line":181},"14":{"name":"printTest","decl":{"start":{"line":190,"column":15},"end":{"line":190,"column":24}},"loc":{"start":{"line":190,"column":27},"end":{"line":218,"column":1}},"line":190}},"branchMap":{"0":{"loc":{"start":{"line":45,"column":43},"end":{"line":45,"column":57}},"type":"default-arg","locations":[{"start":{"line":45,"column":56},"end":{"line":45,"column":57}}],"line":45},"1":{"loc":{"start":{"line":45,"column":59},"end":{"line":45,"column":86}},"type":"default-arg","locations":[{"start":{"line":45,"column":75},"end":{"line":45,"column":86}}],"line":45},"2":{"loc":{"start":{"line":50,"column":3},"end":{"line":60,"column":4}},"type":"if","locations":[{"start":{"line":50,"column":3},"end":{"line":60,"column":4}},{"start":{},"end":{}}],"line":50},"3":{"loc":{"start":{"line":65,"column":3},"end":{"line":67,"column":4}},"type":"if","locations":[{"start":{"line":65,"column":3},"end":{"line":67,"column":4}},{"start":{},"end":{}}],"line":65},"4":{"loc":{"start":{"line":74,"column":3},"end":{"line":77,"column":4}},"type":"if","locations":[{"start":{"line":74,"column":3},"end":{"line":77,"column":4}},{"start":{},"end":{}}],"line":74},"5":{"loc":{"start":{"line":80,"column":3},"end":{"line":83,"column":4}},"type":"if","locations":[{"start":{"line":80,"column":3},"end":{"line":83,"column":4}},{"start":{},"end":{}}],"line":80},"6":{"loc":{"start":{"line":101,"column":2},"end":{"line":104,"column":3}},"type":"if","locations":[{"start":{"line":101,"column":2},"end":{"line":104,"column":3}},{"start":{},"end":{}}],"line":101},"7":{"loc":{"start":{"line":122,"column":15},"end":{"line":122,"column":52}},"type":"binary-expr","locations":[{"start":{"line":122,"column":15},"end":{"line":122,"column":39}},{"start":{"line":122,"column":43},"end":{"line":122,"column":52}}],"line":122},"8":{"loc":{"start":{"line":129,"column":5},"end":{"line":139,"column":6}},"type":"if","locations":[{"start":{"line":129,"column":5},"end":{"line":139,"column":6}},{"start":{"line":134,"column":12},"end":{"line":139,"column":6}}],"line":129},"9":{"loc":{"start":{"line":129,"column":9},"end":{"line":132,"column":75}},"type":"binary-expr","locations":[{"start":{"line":129,"column":9},"end":{"line":129,"column":38}},{"start":{"line":130,"column":6},"end":{"line":130,"column":32}},{"start":{"line":131,"column":6},"end":{"line":131,"column":34}},{"start":{"line":132,"column":7},"end":{"line":132,"column":31}},{"start":{"line":132,"column":35},"end":{"line":132,"column":74}}],"line":129},"10":{"loc":{"start":{"line":134,"column":12},"end":{"line":139,"column":6}},"type":"if","locations":[{"start":{"line":134,"column":12},"end":{"line":139,"column":6}},{"start":{"line":137,"column":12},"end":{"line":139,"column":6}}],"line":134},"11":{"loc":{"start":{"line":134,"column":16},"end":{"line":134,"column":73}},"type":"binary-expr","locations":[{"start":{"line":134,"column":16},"end":{"line":134,"column":41}},{"start":{"line":134,"column":45},"end":{"line":134,"column":73}}],"line":134}},"s":{"0":0,"1":0,"2":0,"3":0,"4":0,"5":0,"6":0,"7":0,"8":0,"9":0,"10":0,"11":0,"12":0,"13":0,"14":0,"15":0,"16":0,"17":0,"18":0,"19":0,"20":0,"21":0,"22":0,"23":0,"24":0,"25":0,"26":0,"27":0,"28":0,"29":0,"30":0,"31":0,"32":0,"33":0,"34":0,"35":0,"36":0,"37":0,"38":0,"39":0,"40":0,"41":0,"42":0,"43":0,"44":0,"45":0,"46":0,"47":0,"48":0,"49":0,"50":0,"51":0,"52":0,"53":0,"54":0,"55":0,"56":0,"57":0,"58":0,"59":0,"60":0,"61":0,"62":0,"63":0,"64":0,"65":0,"66":0,"67":0,"68":0},"f":{"0":0,"1":0,"2":0,"3":0,"4":0,"5":0,"6":0,"7":0,"8":0,"9":0,"10":0,"11":0,"12":0,"13":0,"14":0},"b":{"0":[0],"1":[0],"2":[0,0],"3":[0,0],"4":[0,0],"5":[0,0],"6":[0,0],"7":[0,0],"8":[0,0],"9":[0,0,0,0,0],"10":[0,0],"11":[0,0]}}
,"/home/francischeah/Documents/projects/008_xipos/sources/xi-print-server/src/printer.js": {"path":"/home/francischeah/Documents/projects/008_xipos/sources/xi-print-server/src/printer.js","statementMap":{"0":{"start":{"line":1,"column":32},"end":{"line":1,"column":61}},"1":{"start":{"line":2,"column":19},"end":{"line":2,"column":41}},"2":{"start":{"line":7,"column":4},"end":{"line":7,"column":29}},"3":{"start":{"line":9,"column":21},"end":{"line":9,"column":25}},"4":{"start":{"line":10,"column":20},"end":{"line":10,"column":25}},"5":{"start":{"line":11,"column":28},"end":{"line":11,"column":32}},"6":{"start":{"line":19,"column":1},"end":{"line":21,"column":2}},"7":{"start":{"line":20,"column":2},"end":{"line":20,"column":24}},"8":{"start":{"line":24,"column":1},"end":{"line":26,"column":2}},"9":{"start":{"line":25,"column":2},"end":{"line":25,"column":31}},"10":{"start":{"line":28,"column":1},"end":{"line":67,"column":6}},"11":{"start":{"line":29,"column":2},"end":{"line":66,"column":3}},"12":{"start":{"line":30,"column":3},"end":{"line":56,"column":4}},"13":{"start":{"line":33,"column":20},"end":{"line":33,"column":44}},"14":{"start":{"line":35,"column":4},"end":{"line":37,"column":5}},"15":{"start":{"line":36,"column":5},"end":{"line":36,"column":45}},"16":{"start":{"line":39,"column":4},"end":{"line":39,"column":48}},"17":{"start":{"line":42,"column":4},"end":{"line":50,"column":5}},"18":{"start":{"line":43,"column":5},"end":{"line":46,"column":7}},"19":{"start":{"line":49,"column":5},"end":{"line":49,"column":39}},"20":{"start":{"line":52,"column":4},"end":{"line":52,"column":25}},"21":{"start":{"line":53,"column":4},"end":{"line":53,"column":53}},"22":{"start":{"line":55,"column":4},"end":{"line":55,"column":153}},"23":{"start":{"line":58,"column":3},"end":{"line":58,"column":25}},"24":{"start":{"line":60,"column":3},"end":{"line":60,"column":65}},"25":{"start":{"line":61,"column":3},"end":{"line":61,"column":25}},"26":{"start":{"line":62,"column":3},"end":{"line":62,"column":25}},"27":{"start":{"line":63,"column":3},"end":{"line":63,"column":15}},"28":{"start":{"line":65,"column":3},"end":{"line":65,"column":32}},"29":{"start":{"line":69,"column":1},"end":{"line":69,"column":30}},"30":{"start":{"line":76,"column":1},"end":{"line":76,"column":23}},"31":{"start":{"line":83,"column":1},"end":{"line":83,"column":48}},"32":{"start":{"line":84,"column":1},"end":{"line":84,"column":23}},"33":{"start":{"line":85,"column":1},"end":{"line":94,"column":2}},"34":{"start":{"line":86,"column":2},"end":{"line":93,"column":3}},"35":{"start":{"line":87,"column":3},"end":{"line":89,"column":6}},"36":{"start":{"line":88,"column":4},"end":{"line":88,"column":46}},"37":{"start":{"line":92,"column":3},"end":{"line":92,"column":65}},"38":{"start":{"line":95,"column":1},"end":{"line":95,"column":23}},"39":{"start":{"line":96,"column":1},"end":{"line":96,"column":30}},"40":{"start":{"line":103,"column":1},"end":{"line":129,"column":2}},"41":{"start":{"line":104,"column":2},"end":{"line":128,"column":3}},"42":{"start":{"line":105,"column":3},"end":{"line":122,"column":6}},"43":{"start":{"line":106,"column":20},"end":{"line":109,"column":29}},"44":{"start":{"line":107,"column":5},"end":{"line":107,"column":57}},"45":{"start":{"line":108,"column":5},"end":{"line":108,"column":15}},"46":{"start":{"line":111,"column":4},"end":{"line":121,"column":5}},"47":{"start":{"line":112,"column":5},"end":{"line":116,"column":8}},"48":{"start":{"line":113,"column":6},"end":{"line":113,"column":28}},"49":{"start":{"line":114,"column":6},"end":{"line":114,"column":49}},"50":{"start":{"line":115,"column":6},"end":{"line":115,"column":16}},"51":{"start":{"line":118,"column":5},"end":{"line":118,"column":27}},"52":{"start":{"line":119,"column":5},"end":{"line":119,"column":58}},"53":{"start":{"line":120,"column":5},"end":{"line":120,"column":15}},"54":{"start":{"line":124,"column":3},"end":{"line":124,"column":58}},"55":{"start":{"line":126,"column":3},"end":{"line":126,"column":25}},"56":{"start":{"line":127,"column":3},"end":{"line":127,"column":25}},"57":{"start":{"line":136,"column":1},"end":{"line":144,"column":4}},"58":{"start":{"line":137,"column":2},"end":{"line":143,"column":5}},"59":{"start":{"line":138,"column":3},"end":{"line":142,"column":4}},"60":{"start":{"line":139,"column":4},"end":{"line":139,"column":66}},"61":{"start":{"line":141,"column":4},"end":{"line":141,"column":14}},"62":{"start":{"line":151,"column":1},"end":{"line":207,"column":2}},"63":{"start":{"line":152,"column":18},"end":{"line":152,"column":37}},"64":{"start":{"line":156,"column":25},"end":{"line":161,"column":4}},"65":{"start":{"line":157,"column":3},"end":{"line":160,"column":26}},"66":{"start":{"line":158,"column":4},"end":{"line":158,"column":19}},"67":{"start":{"line":159,"column":4},"end":{"line":159,"column":51}},"68":{"start":{"line":164,"column":25},"end":{"line":197,"column":3}},"69":{"start":{"line":165,"column":3},"end":{"line":196,"column":4}},"70":{"start":{"line":167,"column":4},"end":{"line":167,"column":31}},"71":{"start":{"line":169,"column":20},"end":{"line":172,"column":6}},"72":{"start":{"line":175,"column":4},"end":{"line":185,"column":14}},"73":{"start":{"line":188,"column":4},"end":{"line":188,"column":72}},"74":{"start":{"line":188,"column":33},"end":{"line":188,"column":70}},"75":{"start":{"line":191,"column":4},"end":{"line":191,"column":19}},"76":{"start":{"line":192,"column":4},"end":{"line":192,"column":16}},"77":{"start":{"line":194,"column":4},"end":{"line":194,"column":19}},"78":{"start":{"line":195,"column":4},"end":{"line":195,"column":16}},"79":{"start":{"line":200,"column":2},"end":{"line":203,"column":5}},"80":{"start":{"line":201,"column":34},"end":{"line":201,"column":58}},"81":{"start":{"line":201,"column":59},"end":{"line":201,"column":70}},"82":{"start":{"line":205,"column":2},"end":{"line":205,"column":17}},"83":{"start":{"line":206,"column":2},"end":{"line":206,"column":59}},"84":{"start":{"line":210,"column":0},"end":{"line":217,"column":2}}},"fnMap":{"0":{"name":"initPrinter","decl":{"start":{"line":17,"column":15},"end":{"line":17,"column":26}},"loc":{"start":{"line":17,"column":29},"end":{"line":70,"column":1}},"line":17},"1":{"name":"(anonymous_1)","decl":{"start":{"line":28,"column":26},"end":{"line":28,"column":27}},"loc":{"start":{"line":28,"column":38},"end":{"line":67,"column":2}},"line":28},"2":{"name":"getPrinter","decl":{"start":{"line":75,"column":9},"end":{"line":75,"column":19}},"loc":{"start":{"line":75,"column":22},"end":{"line":77,"column":1}},"line":75},"3":{"name":"resetPrinter","decl":{"start":{"line":82,"column":9},"end":{"line":82,"column":21}},"loc":{"start":{"line":82,"column":24},"end":{"line":97,"column":1}},"line":82},"4":{"name":"(anonymous_4)","decl":{"start":{"line":87,"column":24},"end":{"line":87,"column":25}},"loc":{"start":{"line":87,"column":30},"end":{"line":89,"column":4}},"line":87},"5":{"name":"closePrinter","decl":{"start":{"line":102,"column":15},"end":{"line":102,"column":27}},"loc":{"start":{"line":102,"column":30},"end":{"line":130,"column":1}},"line":102},"6":{"name":"(anonymous_6)","decl":{"start":{"line":105,"column":21},"end":{"line":105,"column":22}},"loc":{"start":{"line":105,"column":34},"end":{"line":122,"column":4}},"line":105},"7":{"name":"(anonymous_7)","decl":{"start":{"line":106,"column":31},"end":{"line":106,"column":32}},"loc":{"start":{"line":106,"column":37},"end":{"line":109,"column":5}},"line":106},"8":{"name":"(anonymous_8)","decl":{"start":{"line":112,"column":26},"end":{"line":112,"column":27}},"loc":{"start":{"line":112,"column":32},"end":{"line":116,"column":6}},"line":112},"9":{"name":"openAdapter","decl":{"start":{"line":135,"column":9},"end":{"line":135,"column":20}},"loc":{"start":{"line":135,"column":30},"end":{"line":145,"column":1}},"line":135},"10":{"name":"(anonymous_10)","decl":{"start":{"line":136,"column":20},"end":{"line":136,"column":21}},"loc":{"start":{"line":136,"column":41},"end":{"line":144,"column":2}},"line":136},"11":{"name":"(anonymous_11)","decl":{"start":{"line":137,"column":15},"end":{"line":137,"column":16}},"loc":{"start":{"line":137,"column":26},"end":{"line":143,"column":3}},"line":137},"12":{"name":"testPrinter","decl":{"start":{"line":150,"column":15},"end":{"line":150,"column":26}},"loc":{"start":{"line":150,"column":29},"end":{"line":208,"column":1}},"line":150},"13":{"name":"(anonymous_13)","decl":{"start":{"line":156,"column":37},"end":{"line":156,"column":38}},"loc":{"start":{"line":156,"column":52},"end":{"line":161,"column":3}},"line":156},"14":{"name":"(anonymous_14)","decl":{"start":{"line":157,"column":26},"end":{"line":157,"column":27}},"loc":{"start":{"line":157,"column":32},"end":{"line":160,"column":4}},"line":157},"15":{"name":"(anonymous_15)","decl":{"start":{"line":164,"column":25},"end":{"line":164,"column":26}},"loc":{"start":{"line":164,"column":37},"end":{"line":197,"column":3}},"line":164},"16":{"name":"(anonymous_16)","decl":{"start":{"line":188,"column":22},"end":{"line":188,"column":23}},"loc":{"start":{"line":188,"column":33},"end":{"line":188,"column":70}},"line":188},"17":{"name":"(anonymous_17)","decl":{"start":{"line":201,"column":25},"end":{"line":201,"column":26}},"loc":{"start":{"line":201,"column":32},"end":{"line":201,"column":72}},"line":201}},"branchMap":{"0":{"loc":{"start":{"line":19,"column":1},"end":{"line":21,"column":2}},"type":"if","locations":[{"start":{"line":19,"column":1},"end":{"line":21,"column":2}},{"start":{},"end":{}}],"line":19},"1":{"loc":{"start":{"line":19,"column":5},"end":{"line":19,"column":36}},"type":"binary-expr","locations":[{"start":{"line":19,"column":5},"end":{"line":19,"column":18}},{"start":{"line":19,"column":22},"end":{"line":19,"column":36}}],"line":19},"2":{"loc":{"start":{"line":24,"column":1},"end":{"line":26,"column":2}},"type":"if","locations":[{"start":{"line":24,"column":1},"end":{"line":26,"column":2}},{"start":{},"end":{}}],"line":24},"3":{"loc":{"start":{"line":30,"column":3},"end":{"line":56,"column":4}},"type":"if","locations":[{"start":{"line":30,"column":3},"end":{"line":56,"column":4}},{"start":{"line":54,"column":10},"end":{"line":56,"column":4}}],"line":30},"4":{"loc":{"start":{"line":35,"column":4},"end":{"line":37,"column":5}},"type":"if","locations":[{"start":{"line":35,"column":4},"end":{"line":37,"column":5}},{"start":{},"end":{}}],"line":35},"5":{"loc":{"start":{"line":35,"column":8},"end":{"line":35,"column":40}},"type":"binary-expr","locations":[{"start":{"line":35,"column":8},"end":{"line":35,"column":16}},{"start":{"line":35,"column":20},"end":{"line":35,"column":40}}],"line":35},"6":{"loc":{"start":{"line":42,"column":4},"end":{"line":50,"column":5}},"type":"if","locations":[{"start":{"line":42,"column":4},"end":{"line":50,"column":5}},{"start":{"line":47,"column":11},"end":{"line":50,"column":5}}],"line":42},"7":{"loc":{"start":{"line":42,"column":8},"end":{"line":42,"column":67}},"type":"binary-expr","locations":[{"start":{"line":42,"column":8},"end":{"line":42,"column":35}},{"start":{"line":42,"column":39},"end":{"line":42,"column":67}}],"line":42},"8":{"loc":{"start":{"line":85,"column":1},"end":{"line":94,"column":2}},"type":"if","locations":[{"start":{"line":85,"column":1},"end":{"line":94,"column":2}},{"start":{},"end":{}}],"line":85},"9":{"loc":{"start":{"line":103,"column":1},"end":{"line":129,"column":2}},"type":"if","locations":[{"start":{"line":103,"column":1},"end":{"line":129,"column":2}},{"start":{},"end":{}}],"line":103},"10":{"loc":{"start":{"line":138,"column":3},"end":{"line":142,"column":4}},"type":"if","locations":[{"start":{"line":138,"column":3},"end":{"line":142,"column":4}},{"start":{"line":140,"column":10},"end":{"line":142,"column":4}}],"line":138},"11":{"loc":{"start":{"line":170,"column":15},"end":{"line":170,"column":52}},"type":"binary-expr","locations":[{"start":{"line":170,"column":15},"end":{"line":170,"column":39}},{"start":{"line":170,"column":43},"end":{"line":170,"column":52}}],"line":170}},"s":{"0":0,"1":0,"2":0,"3":0,"4":0,"5":0,"6":0,"7":0,"8":0,"9":0,"10":0,"11":0,"12":0,"13":0,"14":0,"15":0,"16":0,"17":0,"18":0,"19":0,"20":0,"21":0,"22":0,"23":0,"24":0,"25":0,"26":0,"27":0,"28":0,"29":0,"30":0,"31":0,"32":0,"33":0,"34":0,"35":0,"36":0,"37":0,"38":0,"39":0,"40":0,"41":0,"42":0,"43":0,"44":0,"45":0,"46":0,"47":0,"48":0,"49":0,"50":0,"51":0,"52":0,"53":0,"54":0,"55":0,"56":0,"57":0,"58":0,"59":0,"60":0,"61":0,"62":0,"63":0,"64":0,"65":0,"66":0,"67":0,"68":0,"69":0,"70":0,"71":0,"72":0,"73":0,"74":0,"75":0,"76":0,"77":0,"78":0,"79":0,"80":0,"81":0,"82":0,"83":0,"84":0},"f":{"0":0,"1":0,"2":0,"3":0,"4":0,"5":0,"6":0,"7":0,"8":0,"9":0,"10":0,"11":0,"12":0,"13":0,"14":0,"15":0,"16":0,"17":0},"b":{"0":[0,0],"1":[0,0],"2":[0,0],"3":[0,0],"4":[0,0],"5":[0,0],"6":[0,0],"7":[0,0],"8":[0,0],"9":[0,0],"10":[0,0],"11":[0,0]}}
,"/home/francischeah/Documents/projects/008_xipos/sources/xi-print-server/src/receipt-formatter.js": {"path":"/home/francischeah/Documents/projects/008_xipos/sources/xi-print-server/src/receipt-formatter.js","statementMap":{"0":{"start":{"line":1,"column":19},"end":{"line":1,"column":41}},"1":{"start":{"line":7,"column":1},"end":{"line":9,"column":2}},"2":{"start":{"line":8,"column":2},"end":{"line":8,"column":34}},"3":{"start":{"line":10,"column":1},"end":{"line":10,"column":13}},"4":{"start":{"line":17,"column":17},"end":{"line":17,"column":67}},"5":{"start":{"line":18,"column":1},"end":{"line":18,"column":35}},"6":{"start":{"line":25,"column":16},"end":{"line":25,"column":50}},"7":{"start":{"line":26,"column":1},"end":{"line":29,"column":2}},"8":{"start":{"line":28,"column":2},"end":{"line":28,"column":63}},"9":{"start":{"line":30,"column":1},"end":{"line":30,"column":42}},"10":{"start":{"line":37,"column":24},"end":{"line":37,"column":62}},"11":{"start":{"line":38,"column":1},"end":{"line":40,"column":2}},"12":{"start":{"line":39,"column":2},"end":{"line":39,"column":34}},"13":{"start":{"line":41,"column":1},"end":{"line":41,"column":61}},"14":{"start":{"line":48,"column":14},"end":{"line":48,"column":60}},"15":{"start":{"line":49,"column":1},"end":{"line":52,"column":3}},"16":{"start":{"line":59,"column":15},"end":{"line":59,"column":40}},"17":{"start":{"line":60,"column":15},"end":{"line":60,"column":17}},"18":{"start":{"line":61,"column":19},"end":{"line":61,"column":36}},"19":{"start":{"line":62,"column":16},"end":{"line":62,"column":33}},"20":{"start":{"line":65,"column":1},"end":{"line":67,"column":2}},"21":{"start":{"line":66,"column":2},"end":{"line":66,"column":72}},"22":{"start":{"line":68,"column":1},"end":{"line":70,"column":2}},"23":{"start":{"line":69,"column":2},"end":{"line":69,"column":61}},"24":{"start":{"line":71,"column":1},"end":{"line":73,"column":2}},"25":{"start":{"line":72,"column":2},"end":{"line":72,"column":59}},"26":{"start":{"line":74,"column":1},"end":{"line":76,"column":2}},"27":{"start":{"line":75,"column":2},"end":{"line":75,"column":72}},"28":{"start":{"line":77,"column":1},"end":{"line":77,"column":23}},"29":{"start":{"line":80,"column":24},"end":{"line":80,"column":60}},"30":{"start":{"line":81,"column":1},"end":{"line":81,"column":96}},"31":{"start":{"line":82,"column":1},"end":{"line":82,"column":46}},"32":{"start":{"line":83,"column":1},"end":{"line":83,"column":46}},"33":{"start":{"line":85,"column":1},"end":{"line":87,"column":2}},"34":{"start":{"line":86,"column":2},"end":{"line":86,"column":68}},"35":{"start":{"line":89,"column":1},"end":{"line":91,"column":2}},"36":{"start":{"line":90,"column":2},"end":{"line":90,"column":70}},"37":{"start":{"line":93,"column":1},"end":{"line":93,"column":23}},"38":{"start":{"line":96,"column":1},"end":{"line":96,"column":22}},"39":{"start":{"line":97,"column":1},"end":{"line":97,"column":20}},"40":{"start":{"line":100,"column":15},"end":{"line":100,"column":36}},"41":{"start":{"line":101,"column":1},"end":{"line":118,"column":4}},"42":{"start":{"line":102,"column":19},"end":{"line":102,"column":88}},"43":{"start":{"line":103,"column":2},"end":{"line":103,"column":23}},"44":{"start":{"line":105,"column":14},"end":{"line":105,"column":49}},"45":{"start":{"line":106,"column":16},"end":{"line":106,"column":53}},"46":{"start":{"line":107,"column":16},"end":{"line":107,"column":27}},"47":{"start":{"line":109,"column":18},"end":{"line":109,"column":53}},"48":{"start":{"line":110,"column":20},"end":{"line":110,"column":41}},"49":{"start":{"line":112,"column":2},"end":{"line":112,"column":52}},"50":{"start":{"line":115,"column":2},"end":{"line":117,"column":3}},"51":{"start":{"line":116,"column":3},"end":{"line":116,"column":18}},"52":{"start":{"line":120,"column":1},"end":{"line":120,"column":20}},"53":{"start":{"line":123,"column":18},"end":{"line":123,"column":79}},"54":{"start":{"line":124,"column":1},"end":{"line":124,"column":70}},"55":{"start":{"line":126,"column":1},"end":{"line":128,"column":2}},"56":{"start":{"line":127,"column":2},"end":{"line":127,"column":71}},"57":{"start":{"line":130,"column":1},"end":{"line":132,"column":2}},"58":{"start":{"line":131,"column":2},"end":{"line":131,"column":81}},"59":{"start":{"line":134,"column":15},"end":{"line":134,"column":61}},"60":{"start":{"line":135,"column":1},"end":{"line":135,"column":23}},"61":{"start":{"line":136,"column":1},"end":{"line":136,"column":64}},"62":{"start":{"line":137,"column":1},"end":{"line":137,"column":23}},"63":{"start":{"line":140,"column":23},"end":{"line":140,"column":56}},"64":{"start":{"line":141,"column":28},"end":{"line":146,"column":2}},"65":{"start":{"line":147,"column":1},"end":{"line":147,"column":95}},"66":{"start":{"line":149,"column":1},"end":{"line":157,"column":2}},"67":{"start":{"line":150,"column":15},"end":{"line":150,"column":51}},"68":{"start":{"line":151,"column":2},"end":{"line":151,"column":63}},"69":{"start":{"line":153,"column":2},"end":{"line":156,"column":3}},"70":{"start":{"line":154,"column":18},"end":{"line":154,"column":30}},"71":{"start":{"line":155,"column":3},"end":{"line":155,"column":68}},"72":{"start":{"line":160,"column":1},"end":{"line":168,"column":2}},"73":{"start":{"line":161,"column":2},"end":{"line":167,"column":3}},"74":{"start":{"line":162,"column":3},"end":{"line":162,"column":22}},"75":{"start":{"line":163,"column":3},"end":{"line":163,"column":63}},"76":{"start":{"line":164,"column":3},"end":{"line":166,"column":4}},"77":{"start":{"line":165,"column":4},"end":{"line":165,"column":62}},"78":{"start":{"line":170,"column":1},"end":{"line":170,"column":23}},"79":{"start":{"line":173,"column":1},"end":{"line":173,"column":16}},"80":{"start":{"line":174,"column":21},"end":{"line":174,"column":82}},"81":{"start":{"line":175,"column":21},"end":{"line":175,"column":71}},"82":{"start":{"line":176,"column":1},"end":{"line":176,"column":44}},"83":{"start":{"line":177,"column":1},"end":{"line":177,"column":44}},"84":{"start":{"line":178,"column":1},"end":{"line":178,"column":16}},"85":{"start":{"line":180,"column":1},"end":{"line":183,"column":2}},"86":{"start":{"line":181,"column":2},"end":{"line":181,"column":58}},"87":{"start":{"line":182,"column":2},"end":{"line":182,"column":17}},"88":{"start":{"line":185,"column":1},"end":{"line":185,"column":14}},"89":{"start":{"line":192,"column":1},"end":{"line":215,"column":4}},"90":{"start":{"line":218,"column":0},"end":{"line":218,"column":54}}},"fnMap":{"0":{"name":"fitText","decl":{"start":{"line":6,"column":9},"end":{"line":6,"column":16}},"loc":{"start":{"line":6,"column":30},"end":{"line":11,"column":1}},"line":6},"1":{"name":"centerText","decl":{"start":{"line":16,"column":9},"end":{"line":16,"column":19}},"loc":{"start":{"line":16,"column":33},"end":{"line":19,"column":1}},"line":16},"2":{"name":"createLine","decl":{"start":{"line":24,"column":9},"end":{"line":24,"column":19}},"loc":{"start":{"line":24,"column":40},"end":{"line":31,"column":1}},"line":24},"3":{"name":"formatCurrency","decl":{"start":{"line":36,"column":9},"end":{"line":36,"column":23}},"loc":{"start":{"line":36,"column":32},"end":{"line":42,"column":1}},"line":36},"4":{"name":"formatDateTime","decl":{"start":{"line":47,"column":9},"end":{"line":47,"column":23}},"loc":{"start":{"line":47,"column":36},"end":{"line":53,"column":1}},"line":47},"5":{"name":"formatReceipt","decl":{"start":{"line":58,"column":9},"end":{"line":58,"column":22}},"loc":{"start":{"line":58,"column":34},"end":{"line":186,"column":1}},"line":58},"6":{"name":"(anonymous_6)","decl":{"start":{"line":101,"column":15},"end":{"line":101,"column":16}},"loc":{"start":{"line":101,"column":32},"end":{"line":118,"column":2}},"line":101},"7":{"name":"createTestReceipt","decl":{"start":{"line":191,"column":9},"end":{"line":191,"column":26}},"loc":{"start":{"line":191,"column":29},"end":{"line":216,"column":1}},"line":191}},"branchMap":{"0":{"loc":{"start":{"line":7,"column":1},"end":{"line":9,"column":2}},"type":"if","locations":[{"start":{"line":7,"column":1},"end":{"line":9,"column":2}},{"start":{},"end":{}}],"line":7},"1":{"loc":{"start":{"line":26,"column":1},"end":{"line":29,"column":2}},"type":"if","locations":[{"start":{"line":26,"column":1},"end":{"line":29,"column":2}},{"start":{},"end":{}}],"line":26},"2":{"loc":{"start":{"line":37,"column":24},"end":{"line":37,"column":62}},"type":"binary-expr","locations":[{"start":{"line":37,"column":24},"end":{"line":37,"column":54}},{"start":{"line":37,"column":58},"end":{"line":37,"column":62}}],"line":37},"3":{"loc":{"start":{"line":38,"column":1},"end":{"line":40,"column":2}},"type":"if","locations":[{"start":{"line":38,"column":1},"end":{"line":40,"column":2}},{"start":{},"end":{}}],"line":38},"4":{"loc":{"start":{"line":38,"column":5},"end":{"line":38,"column":69}},"type":"binary-expr","locations":[{"start":{"line":38,"column":5},"end":{"line":38,"column":20}},{"start":{"line":38,"column":24},"end":{"line":38,"column":44}},{"start":{"line":38,"column":48},"end":{"line":38,"column":69}}],"line":38},"5":{"loc":{"start":{"line":48,"column":14},"end":{"line":48,"column":60}},"type":"cond-expr","locations":[{"start":{"line":48,"column":27},"end":{"line":48,"column":47}},{"start":{"line":48,"column":50},"end":{"line":48,"column":60}}],"line":48},"6":{"loc":{"start":{"line":65,"column":1},"end":{"line":67,"column":2}},"type":"if","locations":[{"start":{"line":65,"column":1},"end":{"line":67,"column":2}},{"start":{},"end":{}}],"line":65},"7":{"loc":{"start":{"line":68,"column":1},"end":{"line":70,"column":2}},"type":"if","locations":[{"start":{"line":68,"column":1},"end":{"line":70,"column":2}},{"start":{},"end":{}}],"line":68},"8":{"loc":{"start":{"line":71,"column":1},"end":{"line":73,"column":2}},"type":"if","locations":[{"start":{"line":71,"column":1},"end":{"line":73,"column":2}},{"start":{},"end":{}}],"line":71},"9":{"loc":{"start":{"line":74,"column":1},"end":{"line":76,"column":2}},"type":"if","locations":[{"start":{"line":74,"column":1},"end":{"line":76,"column":2}},{"start":{},"end":{}}],"line":74},"10":{"loc":{"start":{"line":81,"column":37},"end":{"line":81,"column":86}},"type":"binary-expr","locations":[{"start":{"line":81,"column":37},"end":{"line":81,"column":61}},{"start":{"line":81,"column":65},"end":{"line":81,"column":77}},{"start":{"line":81,"column":81},"end":{"line":81,"column":86}}],"line":81},"11":{"loc":{"start":{"line":85,"column":1},"end":{"line":87,"column":2}},"type":"if","locations":[{"start":{"line":85,"column":1},"end":{"line":87,"column":2}},{"start":{},"end":{}}],"line":85},"12":{"loc":{"start":{"line":89,"column":1},"end":{"line":91,"column":2}},"type":"if","locations":[{"start":{"line":89,"column":1},"end":{"line":91,"column":2}},{"start":{},"end":{}}],"line":89},"13":{"loc":{"start":{"line":100,"column":15},"end":{"line":100,"column":36}},"type":"binary-expr","locations":[{"start":{"line":100,"column":15},"end":{"line":100,"column":30}},{"start":{"line":100,"column":34},"end":{"line":100,"column":36}}],"line":100},"14":{"loc":{"start":{"line":102,"column":27},"end":{"line":102,"column":80}},"type":"binary-expr","locations":[{"start":{"line":102,"column":27},"end":{"line":102,"column":44}},{"start":{"line":102,"column":48},"end":{"line":102,"column":57}},{"start":{"line":102,"column":61},"end":{"line":102,"column":80}}],"line":102},"15":{"loc":{"start":{"line":105,"column":14},"end":{"line":105,"column":49}},"type":"binary-expr","locations":[{"start":{"line":105,"column":14},"end":{"line":105,"column":44}},{"start":{"line":105,"column":48},"end":{"line":105,"column":49}}],"line":105},"16":{"loc":{"start":{"line":105,"column":25},"end":{"line":105,"column":43}},"type":"binary-expr","locations":[{"start":{"line":105,"column":25},"end":{"line":105,"column":38}},{"start":{"line":105,"column":42},"end":{"line":105,"column":43}}],"line":105},"17":{"loc":{"start":{"line":106,"column":16},"end":{"line":106,"column":53}},"type":"binary-expr","locations":[{"start":{"line":106,"column":16},"end":{"line":106,"column":48}},{"start":{"line":106,"column":52},"end":{"line":106,"column":53}}],"line":106},"18":{"loc":{"start":{"line":106,"column":27},"end":{"line":106,"column":47}},"type":"binary-expr","locations":[{"start":{"line":106,"column":27},"end":{"line":106,"column":42}},{"start":{"line":106,"column":46},"end":{"line":106,"column":47}}],"line":106},"19":{"loc":{"start":{"line":115,"column":2},"end":{"line":117,"column":3}},"type":"if","locations":[{"start":{"line":115,"column":2},"end":{"line":117,"column":3}},{"start":{},"end":{}}],"line":115},"20":{"loc":{"start":{"line":123,"column":29},"end":{"line":123,"column":78}},"type":"binary-expr","locations":[{"start":{"line":123,"column":29},"end":{"line":123,"column":47}},{"start":{"line":123,"column":51},"end":{"line":123,"column":73}},{"start":{"line":123,"column":77},"end":{"line":123,"column":78}}],"line":123},"21":{"loc":{"start":{"line":126,"column":1},"end":{"line":128,"column":2}},"type":"if","locations":[{"start":{"line":126,"column":1},"end":{"line":128,"column":2}},{"start":{},"end":{}}],"line":126},"22":{"loc":{"start":{"line":126,"column":5},"end":{"line":126,"column":51}},"type":"binary-expr","locations":[{"start":{"line":126,"column":5},"end":{"line":126,"column":18}},{"start":{"line":126,"column":22},"end":{"line":126,"column":51}}],"line":126},"23":{"loc":{"start":{"line":130,"column":1},"end":{"line":132,"column":2}},"type":"if","locations":[{"start":{"line":130,"column":1},"end":{"line":132,"column":2}},{"start":{},"end":{}}],"line":130},"24":{"loc":{"start":{"line":130,"column":5},"end":{"line":130,"column":61}},"type":"binary-expr","locations":[{"start":{"line":130,"column":5},"end":{"line":130,"column":23}},{"start":{"line":130,"column":27},"end":{"line":130,"column":61}}],"line":130},"25":{"loc":{"start":{"line":134,"column":26},"end":{"line":134,"column":60}},"type":"binary-expr","locations":[{"start":{"line":134,"column":26},"end":{"line":134,"column":48}},{"start":{"line":134,"column":52},"end":{"line":134,"column":60}}],"line":134},"26":{"loc":{"start":{"line":140,"column":23},"end":{"line":140,"column":56}},"type":"binary-expr","locations":[{"start":{"line":140,"column":23},"end":{"line":140,"column":47}},{"start":{"line":140,"column":51},"end":{"line":140,"column":56}}],"line":140},"27":{"loc":{"start":{"line":147,"column":35},"end":{"line":147,"column":85}},"type":"binary-expr","locations":[{"start":{"line":147,"column":35},"end":{"line":147,"column":68}},{"start":{"line":147,"column":72},"end":{"line":147,"column":85}}],"line":147},"28":{"loc":{"start":{"line":149,"column":1},"end":{"line":157,"column":2}},"type":"if","locations":[{"start":{"line":149,"column":1},"end":{"line":157,"column":2}},{"start":{},"end":{}}],"line":149},"29":{"loc":{"start":{"line":153,"column":2},"end":{"line":156,"column":3}},"type":"if","locations":[{"start":{"line":153,"column":2},"end":{"line":156,"column":3}},{"start":{},"end":{}}],"line":153},"30":{"loc":{"start":{"line":153,"column":6},"end":{"line":153,"column":46}},"type":"binary-expr","locations":[{"start":{"line":153,"column":6},"end":{"line":153,"column":30}},{"start":{"line":153,"column":34},"end":{"line":153,"column":46}}],"line":153},"31":{"loc":{"start":{"line":160,"column":1},"end":{"line":168,"column":2}},"type":"if","locations":[{"start":{"line":160,"column":1},"end":{"line":168,"column":2}},{"start":{},"end":{}}],"line":160},"32":{"loc":{"start":{"line":161,"column":2},"end":{"line":167,"column":3}},"type":"if","locations":[{"start":{"line":161,"column":2},"end":{"line":167,"column":3}},{"start":{},"end":{}}],"line":161},"33":{"loc":{"start":{"line":164,"column":3},"end":{"line":166,"column":4}},"type":"if","locations":[{"start":{"line":164,"column":3},"end":{"line":166,"column":4}},{"start":{},"end":{}}],"line":164},"34":{"loc":{"start":{"line":174,"column":21},"end":{"line":174,"column":82}},"type":"binary-expr","locations":[{"start":{"line":174,"column":21},"end":{"line":174,"column":48}},{"start":{"line":174,"column":52},"end":{"line":174,"column":82}}],"line":174},"35":{"loc":{"start":{"line":175,"column":21},"end":{"line":175,"column":71}},"type":"binary-expr","locations":[{"start":{"line":175,"column":21},"end":{"line":175,"column":48}},{"start":{"line":175,"column":52},"end":{"line":175,"column":71}}],"line":175},"36":{"loc":{"start":{"line":180,"column":1},"end":{"line":183,"column":2}},"type":"if","locations":[{"start":{"line":180,"column":1},"end":{"line":183,"column":2}},{"start":{},"end":{}}],"line":180}},"s":{"0":1,"1":36,"2":2,"3":34,"4":169,"5":169,"6":219,"7":219,"8":0,"9":219,"10":140,"11":140,"12":0,"13":140,"14":28,"15":28,"16":28,"17":28,"18":28,"19":28,"20":28,"21":28,"22":28,"23":28,"24":28,"25":28,"26":28,"27":28,"28":28,"29":28,"30":28,"31":28,"32":28,"33":28,"34":2,"35":28,"36":1,"37":28,"38":28,"39":28,"40":28,"41":28,"42":36,"43":36,"44":36,"45":36,"46":36,"47":36,"48":36,"49":36,"50":36,"51":9,"52":28,"53":28,"54":28,"55":28,"56":1,"57":28,"58":1,"59":28,"60":28,"61":28,"62":28,"63":28,"64":28,"65":28,"66":28,"67":8,"68":8,"69":8,"70":2,"71":2,"72":28,"73":1,"74":1,"75":1,"76":1,"77":1,"78":28,"79":28,"80":28,"81":28,"82":28,"83":28,"84":28,"85":28,"86":1,"87":1,"88":28,"89":1,"90":1},"f":{"0":36,"1":169,"2":219,"3":140,"4":28,"5":28,"6":36,"7":1},"b":{"0":[2,34],"1":[0,219],"2":[140,0],"3":[0,140],"4":[140,140,140],"5":[27,1],"6":[28,0],"7":[28,0],"8":[28,0],"9":[28,0],"10":[28,1,0],"11":[2,26],"12":[1,27],"13":[28,0],"14":[36,1,1],"15":[36,0],"16":[36,2],"17":[36,2],"18":[36,2],"19":[9,27],"20":[28,2,2],"21":[1,27],"22":[28,1],"23":[1,27],"24":[28,1],"25":[28,2],"26":[28,0],"27":[28,0],"28":[8,20],"29":[2,6],"30":[8,4],"31":[1,27],"32":[1,0],"33":[1,0],"34":[28,0],"35":[28,0],"36":[1,27]},"_coverageSchema":"1a1c01bbd47fc00a2c39e90264f33305004495a9","hash":"e424b4cabf59e0446b9db0d5dff89a8f2e6a71de"}
,"/home/francischeah/Documents/projects/008_xipos/sources/xi-print-server/src/server.js": {"path":"/home/francischeah/Documents/projects/008_xipos/sources/xi-print-server/src/server.js","statementMap":{"0":{"start":{"line":1,"column":16},"end":{"line":1,"column":34}},"1":{"start":{"line":2,"column":15},"end":{"line":2,"column":32}},"2":{"start":{"line":3,"column":13},"end":{"line":3,"column":28}},"3":{"start":{"line":4,"column":18},"end":{"line":4,"column":47}},"4":{"start":{"line":5,"column":19},"end":{"line":5,"column":41}},"5":{"start":{"line":6,"column":36},"end":{"line":6,"column":65}},"6":{"start":{"line":7,"column":50},"end":{"line":7,"column":73}},"7":{"start":{"line":10,"column":21},"end":{"line":10,"column":25}},"8":{"start":{"line":12,"column":0},"end":{"line":35,"column":3}},"9":{"start":{"line":13,"column":1},"end":{"line":13,"column":31}},"10":{"start":{"line":14,"column":1},"end":{"line":14,"column":44}},"11":{"start":{"line":15,"column":1},"end":{"line":15,"column":31}},"12":{"start":{"line":16,"column":1},"end":{"line":16,"column":22}},"13":{"start":{"line":17,"column":1},"end":{"line":17,"column":31}},"14":{"start":{"line":18,"column":1},"end":{"line":18,"column":50}},"15":{"start":{"line":21,"column":1},"end":{"line":28,"column":2}},"16":{"start":{"line":22,"column":2},"end":{"line":25,"column":5}},"17":{"start":{"line":23,"column":3},"end":{"line":23,"column":39}},"18":{"start":{"line":24,"column":3},"end":{"line":24,"column":19}},"19":{"start":{"line":27,"column":2},"end":{"line":27,"column":18}},"20":{"start":{"line":31,"column":1},"end":{"line":34,"column":10}},"21":{"start":{"line":32,"column":2},"end":{"line":32,"column":60}},"22":{"start":{"line":33,"column":2},"end":{"line":33,"column":18}},"23":{"start":{"line":37,"column":0},"end":{"line":61,"column":3}},"24":{"start":{"line":38,"column":1},"end":{"line":38,"column":31}},"25":{"start":{"line":39,"column":1},"end":{"line":39,"column":53}},"26":{"start":{"line":40,"column":1},"end":{"line":40,"column":31}},"27":{"start":{"line":41,"column":1},"end":{"line":41,"column":36}},"28":{"start":{"line":42,"column":1},"end":{"line":42,"column":34}},"29":{"start":{"line":43,"column":1},"end":{"line":43,"column":31}},"30":{"start":{"line":44,"column":1},"end":{"line":44,"column":50}},"31":{"start":{"line":47,"column":1},"end":{"line":54,"column":2}},"32":{"start":{"line":48,"column":2},"end":{"line":51,"column":5}},"33":{"start":{"line":49,"column":3},"end":{"line":49,"column":39}},"34":{"start":{"line":50,"column":3},"end":{"line":50,"column":19}},"35":{"start":{"line":53,"column":2},"end":{"line":53,"column":18}},"36":{"start":{"line":57,"column":1},"end":{"line":60,"column":10}},"37":{"start":{"line":58,"column":2},"end":{"line":58,"column":60}},"38":{"start":{"line":59,"column":2},"end":{"line":59,"column":18}},"39":{"start":{"line":63,"column":12},"end":{"line":63,"column":21}},"40":{"start":{"line":66,"column":0},"end":{"line":77,"column":4}},"41":{"start":{"line":78,"column":0},"end":{"line":81,"column":4}},"42":{"start":{"line":82,"column":0},"end":{"line":82,"column":40}},"43":{"start":{"line":85,"column":0},"end":{"line":88,"column":3}},"44":{"start":{"line":86,"column":1},"end":{"line":86,"column":72}},"45":{"start":{"line":87,"column":1},"end":{"line":87,"column":8}},"46":{"start":{"line":91,"column":27},"end":{"line":103,"column":1}},"47":{"start":{"line":92,"column":16},"end":{"line":92,"column":40}},"48":{"start":{"line":94,"column":1},"end":{"line":100,"column":2}},"49":{"start":{"line":95,"column":2},"end":{"line":95,"column":96}},"50":{"start":{"line":96,"column":2},"end":{"line":99,"column":5}},"51":{"start":{"line":102,"column":1},"end":{"line":102,"column":8}},"52":{"start":{"line":106,"column":24},"end":{"line":106,"column":49}},"53":{"start":{"line":109,"column":21},"end":{"line":128,"column":2}},"54":{"start":{"line":119,"column":21},"end":{"line":119,"column":54}},"55":{"start":{"line":120,"column":2},"end":{"line":126,"column":6}},"56":{"start":{"line":131,"column":20},"end":{"line":150,"column":2}},"57":{"start":{"line":141,"column":21},"end":{"line":141,"column":54}},"58":{"start":{"line":142,"column":2},"end":{"line":148,"column":6}},"59":{"start":{"line":153,"column":0},"end":{"line":165,"column":3}},"60":{"start":{"line":154,"column":26},"end":{"line":154,"column":40}},"61":{"start":{"line":155,"column":21},"end":{"line":155,"column":50}},"62":{"start":{"line":157,"column":1},"end":{"line":164,"column":4}},"63":{"start":{"line":168,"column":0},"end":{"line":183,"column":3}},"64":{"start":{"line":169,"column":1},"end":{"line":182,"column":2}},"65":{"start":{"line":170,"column":2},"end":{"line":170,"column":22}},"66":{"start":{"line":171,"column":2},"end":{"line":174,"column":5}},"67":{"start":{"line":176,"column":2},"end":{"line":176,"column":45}},"68":{"start":{"line":177,"column":2},"end":{"line":181,"column":5}},"69":{"start":{"line":186,"column":0},"end":{"line":198,"column":3}},"70":{"start":{"line":187,"column":1},"end":{"line":197,"column":2}},"71":{"start":{"line":188,"column":17},"end":{"line":188,"column":34}},"72":{"start":{"line":189,"column":2},"end":{"line":189,"column":19}},"73":{"start":{"line":191,"column":2},"end":{"line":191,"column":47}},"74":{"start":{"line":192,"column":2},"end":{"line":196,"column":5}},"75":{"start":{"line":201,"column":0},"end":{"line":267,"column":3}},"76":{"start":{"line":202,"column":1},"end":{"line":266,"column":2}},"77":{"start":{"line":203,"column":20},"end":{"line":203,"column":28}},"78":{"start":{"line":206,"column":2},"end":{"line":211,"column":3}},"79":{"start":{"line":207,"column":3},"end":{"line":210,"column":6}},"80":{"start":{"line":214,"column":2},"end":{"line":219,"column":3}},"81":{"start":{"line":215,"column":3},"end":{"line":218,"column":6}},"82":{"start":{"line":222,"column":2},"end":{"line":227,"column":3}},"83":{"start":{"line":223,"column":3},"end":{"line":226,"column":6}},"84":{"start":{"line":230,"column":2},"end":{"line":251,"column":3}},"85":{"start":{"line":230,"column":15},"end":{"line":230,"column":16}},"86":{"start":{"line":231,"column":16},"end":{"line":231,"column":34}},"87":{"start":{"line":232,"column":3},"end":{"line":237,"column":4}},"88":{"start":{"line":233,"column":4},"end":{"line":236,"column":7}},"89":{"start":{"line":238,"column":3},"end":{"line":243,"column":4}},"90":{"start":{"line":239,"column":4},"end":{"line":242,"column":7}},"91":{"start":{"line":244,"column":21},"end":{"line":244,"column":81}},"92":{"start":{"line":245,"column":3},"end":{"line":250,"column":4}},"93":{"start":{"line":246,"column":4},"end":{"line":249,"column":7}},"94":{"start":{"line":253,"column":2},"end":{"line":255,"column":3}},"95":{"start":{"line":254,"column":3},"end":{"line":254,"column":78}},"96":{"start":{"line":257,"column":17},"end":{"line":257,"column":46}},"97":{"start":{"line":258,"column":2},"end":{"line":258,"column":19}},"98":{"start":{"line":260,"column":2},"end":{"line":260,"column":40}},"99":{"start":{"line":261,"column":2},"end":{"line":265,"column":5}},"100":{"start":{"line":270,"column":0},"end":{"line":285,"column":3}},"101":{"start":{"line":272,"column":1},"end":{"line":278,"column":2}},"102":{"start":{"line":273,"column":2},"end":{"line":273,"column":53}},"103":{"start":{"line":274,"column":2},"end":{"line":277,"column":5}},"104":{"start":{"line":280,"column":1},"end":{"line":280,"column":39}},"105":{"start":{"line":281,"column":1},"end":{"line":284,"column":4}},"106":{"start":{"line":288,"column":15},"end":{"line":302,"column":2}},"107":{"start":{"line":289,"column":1},"end":{"line":289,"column":36}},"108":{"start":{"line":290,"column":1},"end":{"line":290,"column":40}},"109":{"start":{"line":291,"column":1},"end":{"line":291,"column":29}},"110":{"start":{"line":292,"column":1},"end":{"line":292,"column":85}},"111":{"start":{"line":293,"column":1},"end":{"line":293,"column":53}},"112":{"start":{"line":294,"column":1},"end":{"line":294,"column":69}},"113":{"start":{"line":295,"column":1},"end":{"line":295,"column":29}},"114":{"start":{"line":296,"column":1},"end":{"line":296,"column":29}},"115":{"start":{"line":297,"column":1},"end":{"line":297,"column":53}},"116":{"start":{"line":298,"column":1},"end":{"line":298,"column":64}},"117":{"start":{"line":299,"column":1},"end":{"line":299,"column":59}},"118":{"start":{"line":300,"column":1},"end":{"line":300,"column":54}},"119":{"start":{"line":301,"column":1},"end":{"line":301,"column":36}},"120":{"start":{"line":305,"column":25},"end":{"line":317,"column":1}},"121":{"start":{"line":306,"column":1},"end":{"line":306,"column":64}},"122":{"start":{"line":307,"column":1},"end":{"line":312,"column":2}},"123":{"start":{"line":308,"column":2},"end":{"line":308,"column":23}},"124":{"start":{"line":309,"column":2},"end":{"line":309,"column":43}},"125":{"start":{"line":311,"column":2},"end":{"line":311,"column":55}},"126":{"start":{"line":313,"column":1},"end":{"line":316,"column":4}},"127":{"start":{"line":314,"column":2},"end":{"line":314,"column":31}},"128":{"start":{"line":315,"column":2},"end":{"line":315,"column":18}},"129":{"start":{"line":319,"column":0},"end":{"line":319,"column":57}},"130":{"start":{"line":319,"column":28},"end":{"line":319,"column":55}},"131":{"start":{"line":320,"column":0},"end":{"line":320,"column":57}},"132":{"start":{"line":320,"column":27},"end":{"line":320,"column":55}}},"fnMap":{"0":{"name":"(anonymous_0)","decl":{"start":{"line":12,"column":32},"end":{"line":12,"column":33}},"loc":{"start":{"line":12,"column":43},"end":{"line":35,"column":1}},"line":12},"1":{"name":"(anonymous_1)","decl":{"start":{"line":22,"column":23},"end":{"line":22,"column":24}},"loc":{"start":{"line":22,"column":29},"end":{"line":25,"column":3}},"line":22},"2":{"name":"(anonymous_2)","decl":{"start":{"line":31,"column":12},"end":{"line":31,"column":13}},"loc":{"start":{"line":31,"column":18},"end":{"line":34,"column":2}},"line":31},"3":{"name":"(anonymous_3)","decl":{"start":{"line":37,"column":33},"end":{"line":37,"column":34}},"loc":{"start":{"line":37,"column":54},"end":{"line":61,"column":1}},"line":37},"4":{"name":"(anonymous_4)","decl":{"start":{"line":48,"column":23},"end":{"line":48,"column":24}},"loc":{"start":{"line":48,"column":29},"end":{"line":51,"column":3}},"line":48},"5":{"name":"(anonymous_5)","decl":{"start":{"line":57,"column":12},"end":{"line":57,"column":13}},"loc":{"start":{"line":57,"column":18},"end":{"line":60,"column":2}},"line":57},"6":{"name":"(anonymous_6)","decl":{"start":{"line":85,"column":8},"end":{"line":85,"column":9}},"loc":{"start":{"line":85,"column":28},"end":{"line":88,"column":1}},"line":85},"7":{"name":"(anonymous_7)","decl":{"start":{"line":91,"column":27},"end":{"line":91,"column":28}},"loc":{"start":{"line":91,"column":47},"end":{"line":103,"column":1}},"line":91},"8":{"name":"(anonymous_8)","decl":{"start":{"line":118,"column":10},"end":{"line":118,"column":11}},"loc":{"start":{"line":118,"column":24},"end":{"line":127,"column":2}},"line":118},"9":{"name":"(anonymous_9)","decl":{"start":{"line":140,"column":10},"end":{"line":140,"column":11}},"loc":{"start":{"line":140,"column":24},"end":{"line":149,"column":2}},"line":140},"10":{"name":"(anonymous_10)","decl":{"start":{"line":153,"column":19},"end":{"line":153,"column":20}},"loc":{"start":{"line":153,"column":33},"end":{"line":165,"column":1}},"line":153},"11":{"name":"(anonymous_11)","decl":{"start":{"line":168,"column":50},"end":{"line":168,"column":51}},"loc":{"start":{"line":168,"column":70},"end":{"line":183,"column":1}},"line":168},"12":{"name":"(anonymous_12)","decl":{"start":{"line":186,"column":59},"end":{"line":186,"column":60}},"loc":{"start":{"line":186,"column":79},"end":{"line":198,"column":1}},"line":186},"13":{"name":"(anonymous_13)","decl":{"start":{"line":201,"column":53},"end":{"line":201,"column":54}},"loc":{"start":{"line":201,"column":73},"end":{"line":267,"column":1}},"line":201},"14":{"name":"(anonymous_14)","decl":{"start":{"line":270,"column":8},"end":{"line":270,"column":9}},"loc":{"start":{"line":270,"column":36},"end":{"line":285,"column":1}},"line":270},"15":{"name":"(anonymous_15)","decl":{"start":{"line":288,"column":83},"end":{"line":288,"column":84}},"loc":{"start":{"line":288,"column":89},"end":{"line":302,"column":1}},"line":288},"16":{"name":"(anonymous_16)","decl":{"start":{"line":305,"column":25},"end":{"line":305,"column":26}},"loc":{"start":{"line":305,"column":43},"end":{"line":317,"column":1}},"line":305},"17":{"name":"(anonymous_17)","decl":{"start":{"line":313,"column":14},"end":{"line":313,"column":15}},"loc":{"start":{"line":313,"column":20},"end":{"line":316,"column":2}},"line":313},"18":{"name":"(anonymous_18)","decl":{"start":{"line":319,"column":22},"end":{"line":319,"column":23}},"loc":{"start":{"line":319,"column":28},"end":{"line":319,"column":55}},"line":319},"19":{"name":"(anonymous_19)","decl":{"start":{"line":320,"column":21},"end":{"line":320,"column":22}},"loc":{"start":{"line":320,"column":27},"end":{"line":320,"column":55}},"line":320}},"branchMap":{"0":{"loc":{"start":{"line":21,"column":1},"end":{"line":28,"column":2}},"type":"if","locations":[{"start":{"line":21,"column":1},"end":{"line":28,"column":2}},{"start":{"line":26,"column":8},"end":{"line":28,"column":2}}],"line":21},"1":{"loc":{"start":{"line":47,"column":1},"end":{"line":54,"column":2}},"type":"if","locations":[{"start":{"line":47,"column":1},"end":{"line":54,"column":2}},{"start":{"line":52,"column":8},"end":{"line":54,"column":2}}],"line":47},"2":{"loc":{"start":{"line":94,"column":1},"end":{"line":100,"column":2}},"type":"if","locations":[{"start":{"line":94,"column":1},"end":{"line":100,"column":2}},{"start":{},"end":{}}],"line":94},"3":{"loc":{"start":{"line":94,"column":5},"end":{"line":94,"column":45}},"type":"binary-expr","locations":[{"start":{"line":94,"column":5},"end":{"line":94,"column":12}},{"start":{"line":94,"column":16},"end":{"line":94,"column":45}}],"line":94},"4":{"loc":{"start":{"line":155,"column":21},"end":{"line":155,"column":50}},"type":"binary-expr","locations":[{"start":{"line":155,"column":21},"end":{"line":155,"column":40}},{"start":{"line":155,"column":44},"end":{"line":155,"column":50}}],"line":155},"5":{"loc":{"start":{"line":158,"column":10},"end":{"line":158,"column":46}},"type":"cond-expr","locations":[{"start":{"line":158,"column":29},"end":{"line":158,"column":33}},{"start":{"line":158,"column":36},"end":{"line":158,"column":46}}],"line":158},"6":{"loc":{"start":{"line":180,"column":11},"end":{"line":180,"column":79}},"type":"cond-expr","locations":[{"start":{"line":180,"column":27},"end":{"line":180,"column":59}},{"start":{"line":180,"column":63},"end":{"line":180,"column":79}}],"line":180},"7":{"loc":{"start":{"line":180,"column":27},"end":{"line":180,"column":59}},"type":"binary-expr","locations":[{"start":{"line":180,"column":27},"end":{"line":180,"column":40}},{"start":{"line":180,"column":44},"end":{"line":180,"column":59}}],"line":180},"8":{"loc":{"start":{"line":195,"column":11},"end":{"line":195,"column":79}},"type":"cond-expr","locations":[{"start":{"line":195,"column":27},"end":{"line":195,"column":59}},{"start":{"line":195,"column":63},"end":{"line":195,"column":79}}],"line":195},"9":{"loc":{"start":{"line":195,"column":27},"end":{"line":195,"column":59}},"type":"binary-expr","locations":[{"start":{"line":195,"column":27},"end":{"line":195,"column":40}},{"start":{"line":195,"column":44},"end":{"line":195,"column":59}}],"line":195},"10":{"loc":{"start":{"line":206,"column":2},"end":{"line":211,"column":3}},"type":"if","locations":[{"start":{"line":206,"column":2},"end":{"line":211,"column":3}},{"start":{},"end":{}}],"line":206},"11":{"loc":{"start":{"line":206,"column":6},"end":{"line":206,"column":49}},"type":"binary-expr","locations":[{"start":{"line":206,"column":6},"end":{"line":206,"column":16}},{"start":{"line":206,"column":20},"end":{"line":206,"column":49}}],"line":206},"12":{"loc":{"start":{"line":214,"column":2},"end":{"line":219,"column":3}},"type":"if","locations":[{"start":{"line":214,"column":2},"end":{"line":219,"column":3}},{"start":{},"end":{}}],"line":214},"13":{"loc":{"start":{"line":214,"column":6},"end":{"line":214,"column":89}},"type":"binary-expr","locations":[{"start":{"line":214,"column":6},"end":{"line":214,"column":22}},{"start":{"line":214,"column":26},"end":{"line":214,"column":57}},{"start":{"line":214,"column":61},"end":{"line":214,"column":89}}],"line":214},"14":{"loc":{"start":{"line":222,"column":2},"end":{"line":227,"column":3}},"type":"if","locations":[{"start":{"line":222,"column":2},"end":{"line":227,"column":3}},{"start":{},"end":{}}],"line":222},"15":{"loc":{"start":{"line":232,"column":3},"end":{"line":237,"column":4}},"type":"if","locations":[{"start":{"line":232,"column":3},"end":{"line":237,"column":4}},{"start":{},"end":{}}],"line":232},"16":{"loc":{"start":{"line":232,"column":7},"end":{"line":232,"column":40}},"type":"binary-expr","locations":[{"start":{"line":232,"column":7},"end":{"line":232,"column":12}},{"start":{"line":232,"column":16},"end":{"line":232,"column":40}}],"line":232},"17":{"loc":{"start":{"line":238,"column":3},"end":{"line":243,"column":4}},"type":"if","locations":[{"start":{"line":238,"column":3},"end":{"line":243,"column":4}},{"start":{},"end":{}}],"line":238},"18":{"loc":{"start":{"line":238,"column":7},"end":{"line":238,"column":103}},"type":"binary-expr","locations":[{"start":{"line":238,"column":7},"end":{"line":238,"column":43}},{"start":{"line":238,"column":48},"end":{"line":238,"column":81}},{"start":{"line":238,"column":85},"end":{"line":238,"column":102}}],"line":238},"19":{"loc":{"start":{"line":244,"column":21},"end":{"line":244,"column":81}},"type":"cond-expr","locations":[{"start":{"line":244,"column":53},"end":{"line":244,"column":68}},{"start":{"line":244,"column":71},"end":{"line":244,"column":81}}],"line":244},"20":{"loc":{"start":{"line":245,"column":3},"end":{"line":250,"column":4}},"type":"if","locations":[{"start":{"line":245,"column":3},"end":{"line":250,"column":4}},{"start":{},"end":{}}],"line":245},"21":{"loc":{"start":{"line":245,"column":7},"end":{"line":245,"column":82}},"type":"binary-expr","locations":[{"start":{"line":245,"column":7},"end":{"line":245,"column":30}},{"start":{"line":245,"column":35},"end":{"line":245,"column":64}},{"start":{"line":245,"column":68},"end":{"line":245,"column":81}}],"line":245},"22":{"loc":{"start":{"line":253,"column":2},"end":{"line":255,"column":3}},"type":"if","locations":[{"start":{"line":253,"column":2},"end":{"line":255,"column":3}},{"start":{},"end":{}}],"line":253},"23":{"loc":{"start":{"line":264,"column":11},"end":{"line":264,"column":79}},"type":"cond-expr","locations":[{"start":{"line":264,"column":27},"end":{"line":264,"column":59}},{"start":{"line":264,"column":63},"end":{"line":264,"column":79}}],"line":264},"24":{"loc":{"start":{"line":264,"column":27},"end":{"line":264,"column":59}},"type":"binary-expr","locations":[{"start":{"line":264,"column":27},"end":{"line":264,"column":40}},{"start":{"line":264,"column":44},"end":{"line":264,"column":59}}],"line":264},"25":{"loc":{"start":{"line":272,"column":1},"end":{"line":278,"column":2}},"type":"if","locations":[{"start":{"line":272,"column":1},"end":{"line":278,"column":2}},{"start":{},"end":{}}],"line":272}},"s":{"0":0,"1":0,"2":0,"3":0,"4":0,"5":0,"6":0,"7":0,"8":0,"9":0,"10":0,"11":0,"12":0,"13":0,"14":0,"15":0,"16":0,"17":0,"18":0,"19":0,"20":0,"21":0,"22":0,"23":0,"24":0,"25":0,"26":0,"27":0,"28":0,"29":0,"30":0,"31":0,"32":0,"33":0,"34":0,"35":0,"36":0,"37":0,"38":0,"39":0,"40":0,"41":0,"42":0,"43":0,"44":0,"45":0,"46":0,"47":0,"48":0,"49":0,"50":0,"51":0,"52":0,"53":0,"54":0,"55":0,"56":0,"57":0,"58":0,"59":0,"60":0,"61":0,"62":0,"63":0,"64":0,"65":0,"66":0,"67":0,"68":0,"69":0,"70":0,"71":0,"72":0,"73":0,"74":0,"75":0,"76":0,"77":0,"78":0,"79":0,"80":0,"81":0,"82":0,"83":0,"84":0,"85":0,"86":0,"87":0,"88":0,"89":0,"90":0,"91":0,"92":0,"93":0,"94":0,"95":0,"96":0,"97":0,"98":0,"99":0,"100":0,"101":0,"102":0,"103":0,"104":0,"105":0,"106":0,"107":0,"108":0,"109":0,"110":0,"111":0,"112":0,"113":0,"114":0,"115":0,"116":0,"117":0,"118":0,"119":0,"120":0,"121":0,"122":0,"123":0,"124":0,"125":0,"126":0,"127":0,"128":0,"129":0,"130":0,"131":0,"132":0},"f":{"0":0,"1":0,"2":0,"3":0,"4":0,"5":0,"6":0,"7":0,"8":0,"9":0,"10":0,"11":0,"12":0,"13":0,"14":0,"15":0,"16":0,"17":0,"18":0,"19":0},"b":{"0":[0,0],"1":[0,0],"2":[0,0],"3":[0,0],"4":[0,0],"5":[0,0],"6":[0,0],"7":[0,0],"8":[0,0],"9":[0,0],"10":[0,0],"11":[0,0],"12":[0,0],"13":[0,0,0],"14":[0,0],"15":[0,0],"16":[0,0],"17":[0,0],"18":[0,0,0],"19":[0,0],"20":[0,0],"21":[0,0,0],"22":[0,0],"23":[0,0],"24":[0,0],"25":[0,0]}}
}
