TN:
SF:src/config.js
FN:34,(anonymous_0)
FN:50,validatePort
FN:64,validatePaperWidth
FN:78,validatePrinterType
FN:92,validateIPAddress
FN:116,validateConfig
FNF:6
FNH:5
FNDA:4,(anonymous_0)
FNDA:2,validatePort
FNDA:2,validatePaperWidth
FNDA:2,validatePrinterType
FNDA:0,validateIPAddress
FNDA:2,validateConfig
DA:1,2
DA:2,2
DA:4,2
DA:6,2
DA:34,4
DA:51,2
DA:52,2
DA:53,0
DA:54,0
DA:56,2
DA:65,2
DA:66,2
DA:67,0
DA:68,0
DA:70,2
DA:79,2
DA:80,2
DA:81,0
DA:82,0
DA:84,2
DA:93,0
DA:94,0
DA:95,0
DA:96,0
DA:100,0
DA:101,0
DA:102,0
DA:103,0
DA:104,0
DA:105,0
DA:109,0
DA:117,2
DA:120,2
DA:121,0
DA:125,2
DA:126,0
DA:130,2
DA:131,0
DA:135,2
DA:136,0
DA:137,0
DA:142,2
DA:143,2
DA:144,0
DA:145,0
DA:149,2
DA:150,0
DA:151,0
DA:156,2
DA:158,2
LF:50
LH:24
BRDA:8,0,0,2
BRDA:8,0,1,0
BRDA:9,1,0,2
BRDA:9,1,1,0
BRDA:12,2,0,2
BRDA:12,2,1,0
BRDA:15,3,0,2
BRDA:15,3,1,0
BRDA:17,4,0,2
BRDA:17,4,1,0
BRDA:18,5,0,2
BRDA:18,5,1,0
BRDA:22,6,0,2
BRDA:22,6,1,0
BRDA:23,7,0,2
BRDA:23,7,1,0
BRDA:24,8,0,2
BRDA:24,8,1,0
BRDA:25,9,0,2
BRDA:25,9,1,0
BRDA:26,10,0,2
BRDA:26,10,1,0
BRDA:27,11,0,2
BRDA:27,11,1,2
BRDA:28,12,0,2
BRDA:28,12,1,2
BRDA:29,13,0,2
BRDA:29,13,1,2
BRDA:30,14,0,2
BRDA:30,14,1,2
BRDA:33,15,0,2
BRDA:33,15,1,0
BRDA:38,16,0,2
BRDA:38,16,1,0
BRDA:39,17,0,2
BRDA:39,17,1,0
BRDA:40,18,0,2
BRDA:40,18,1,0
BRDA:51,19,0,2
BRDA:51,19,1,0
BRDA:52,20,0,0
BRDA:52,20,1,2
BRDA:52,21,0,2
BRDA:52,21,1,2
BRDA:52,21,2,2
BRDA:65,22,0,0
BRDA:65,22,1,2
BRDA:66,23,0,0
BRDA:66,23,1,2
BRDA:66,24,0,2
BRDA:66,24,1,2
BRDA:80,25,0,0
BRDA:80,25,1,2
BRDA:94,26,0,0
BRDA:94,26,1,0
BRDA:103,27,0,0
BRDA:103,27,1,0
BRDA:103,28,0,0
BRDA:103,28,1,0
BRDA:120,29,0,0
BRDA:120,29,1,2
BRDA:125,30,0,0
BRDA:125,30,1,2
BRDA:130,31,0,0
BRDA:130,31,1,2
BRDA:135,32,0,0
BRDA:135,32,1,2
BRDA:135,33,0,2
BRDA:135,33,1,0
BRDA:135,33,2,0
BRDA:136,34,0,0
BRDA:136,34,1,0
BRDA:143,35,0,0
BRDA:143,35,1,2
BRDA:143,36,0,2
BRDA:143,36,1,2
BRDA:149,37,0,0
BRDA:149,37,1,2
BRF:78
BRH:42
end_of_record
TN:
SF:src/constants.js
FNF:0
FNH:0
DA:13,0
DA:20,0
DA:28,0
DA:35,0
DA:45,0
DA:51,0
DA:53,0
LF:7
LH:0
BRF:0
BRH:0
end_of_record
TN:
SF:src/print-handler.js
FN:15,sleep
FN:16,(anonymous_1)
FN:22,isTransientError
FN:36,(anonymous_3)
FN:45,retryWithBackoff
FN:91,printReceiptCore
FN:108,(anonymous_6)
FN:109,(anonymous_7)
FN:116,(anonymous_8)
FN:127,(anonymous_9)
FN:149,(anonymous_10)
FN:166,(anonymous_11)
FN:179,printReceipt
FN:181,(anonymous_13)
FN:190,printTest
FNF:15
FNH:0
FNDA:0,sleep
FNDA:0,(anonymous_1)
FNDA:0,isTransientError
FNDA:0,(anonymous_3)
FNDA:0,retryWithBackoff
FNDA:0,printReceiptCore
FNDA:0,(anonymous_6)
FNDA:0,(anonymous_7)
FNDA:0,(anonymous_8)
FNDA:0,(anonymous_9)
FNDA:0,(anonymous_10)
FNDA:0,(anonymous_11)
FNDA:0,printReceipt
FNDA:0,(anonymous_13)
FNDA:0,printTest
DA:1,0
DA:2,0
DA:3,0
DA:4,0
DA:10,0
DA:16,0
DA:23,0
DA:26,0
DA:36,0
DA:48,0
DA:49,0
DA:50,0
DA:51,0
DA:52,0
DA:53,0
DA:56,0
DA:59,0
DA:63,0
DA:65,0
DA:66,0
DA:69,0
DA:71,0
DA:74,0
DA:75,0
DA:76,0
DA:80,0
DA:81,0
DA:82,0
DA:92,0
DA:94,0
DA:96,0
DA:99,0
DA:101,0
DA:102,0
DA:103,0
DA:108,0
DA:109,0
DA:110,0
DA:111,0
DA:116,0
DA:117,0
DA:119,0
DA:121,0
DA:127,0
DA:129,0
DA:133,0
DA:134,0
DA:136,0
DA:138,0
DA:143,0
DA:149,0
DA:152,0
DA:154,0
DA:159,0
DA:160,0
DA:165,0
DA:166,0
DA:170,0
DA:171,0
DA:180,0
DA:181,0
DA:191,0
DA:217,0
DA:220,0
LF:64
LH:0
BRDA:45,0,0,0
BRDA:45,1,0,0
BRDA:50,2,0,0
BRDA:50,2,1,0
BRDA:65,3,0,0
BRDA:65,3,1,0
BRDA:74,4,0,0
BRDA:74,4,1,0
BRDA:80,5,0,0
BRDA:80,5,1,0
BRDA:101,6,0,0
BRDA:101,6,1,0
BRDA:122,7,0,0
BRDA:122,7,1,0
BRDA:129,8,0,0
BRDA:129,8,1,0
BRDA:129,9,0,0
BRDA:129,9,1,0
BRDA:129,9,2,0
BRDA:129,9,3,0
BRDA:129,9,4,0
BRDA:134,10,0,0
BRDA:134,10,1,0
BRDA:134,11,0,0
BRDA:134,11,1,0
BRF:25
BRH:0
end_of_record
TN:
SF:src/printer.js
FN:17,initPrinter
FN:28,(anonymous_1)
FN:75,getPrinter
FN:82,resetPrinter
FN:87,(anonymous_4)
FN:102,closePrinter
FN:105,(anonymous_6)
FN:106,(anonymous_7)
FN:112,(anonymous_8)
FN:135,openAdapter
FN:136,(anonymous_10)
FN:137,(anonymous_11)
FN:150,testPrinter
FN:156,(anonymous_13)
FN:157,(anonymous_14)
FN:164,(anonymous_15)
FN:188,(anonymous_16)
FN:201,(anonymous_17)
FNF:18
FNH:0
FNDA:0,initPrinter
FNDA:0,(anonymous_1)
FNDA:0,getPrinter
FNDA:0,resetPrinter
FNDA:0,(anonymous_4)
FNDA:0,closePrinter
FNDA:0,(anonymous_6)
FNDA:0,(anonymous_7)
FNDA:0,(anonymous_8)
FNDA:0,openAdapter
FNDA:0,(anonymous_10)
FNDA:0,(anonymous_11)
FNDA:0,testPrinter
FNDA:0,(anonymous_13)
FNDA:0,(anonymous_14)
FNDA:0,(anonymous_15)
FNDA:0,(anonymous_16)
FNDA:0,(anonymous_17)
DA:1,0
DA:2,0
DA:7,0
DA:9,0
DA:10,0
DA:11,0
DA:19,0
DA:20,0
DA:24,0
DA:25,0
DA:28,0
DA:29,0
DA:30,0
DA:33,0
DA:35,0
DA:36,0
DA:39,0
DA:42,0
DA:43,0
DA:49,0
DA:52,0
DA:53,0
DA:55,0
DA:58,0
DA:60,0
DA:61,0
DA:62,0
DA:63,0
DA:65,0
DA:69,0
DA:76,0
DA:83,0
DA:84,0
DA:85,0
DA:86,0
DA:87,0
DA:88,0
DA:92,0
DA:95,0
DA:96,0
DA:103,0
DA:104,0
DA:105,0
DA:106,0
DA:107,0
DA:108,0
DA:111,0
DA:112,0
DA:113,0
DA:114,0
DA:115,0
DA:118,0
DA:119,0
DA:120,0
DA:124,0
DA:126,0
DA:127,0
DA:136,0
DA:137,0
DA:138,0
DA:139,0
DA:141,0
DA:151,0
DA:152,0
DA:156,0
DA:157,0
DA:158,0
DA:159,0
DA:164,0
DA:165,0
DA:167,0
DA:169,0
DA:175,0
DA:188,0
DA:191,0
DA:192,0
DA:194,0
DA:195,0
DA:200,0
DA:201,0
DA:205,0
DA:206,0
DA:210,0
LF:83
LH:0
BRDA:19,0,0,0
BRDA:19,0,1,0
BRDA:19,1,0,0
BRDA:19,1,1,0
BRDA:24,2,0,0
BRDA:24,2,1,0
BRDA:30,3,0,0
BRDA:30,3,1,0
BRDA:35,4,0,0
BRDA:35,4,1,0
BRDA:35,5,0,0
BRDA:35,5,1,0
BRDA:42,6,0,0
BRDA:42,6,1,0
BRDA:42,7,0,0
BRDA:42,7,1,0
BRDA:85,8,0,0
BRDA:85,8,1,0
BRDA:103,9,0,0
BRDA:103,9,1,0
BRDA:138,10,0,0
BRDA:138,10,1,0
BRDA:170,11,0,0
BRDA:170,11,1,0
BRF:24
BRH:0
end_of_record
TN:
SF:src/receipt-formatter.js
FN:6,fitText
FN:16,centerText
FN:24,createLine
FN:36,formatCurrency
FN:44,formatDateTime
FN:55,formatReceipt
FN:98,(anonymous_6)
FN:188,createTestReceipt
FNF:8
FNH:8
FNDA:36,fitText
FNDA:169,centerText
FNDA:219,createLine
FNDA:140,formatCurrency
FNDA:28,formatDateTime
FNDA:28,formatReceipt
FNDA:36,(anonymous_6)
FNDA:1,createTestReceipt
DA:1,1
DA:7,36
DA:8,2
DA:10,34
DA:17,169
DA:18,169
DA:25,219
DA:26,219
DA:28,0
DA:30,219
DA:37,140
DA:38,140
DA:45,28
DA:46,28
DA:56,28
DA:57,28
DA:58,28
DA:59,28
DA:62,28
DA:63,28
DA:65,28
DA:66,28
DA:68,28
DA:69,28
DA:71,28
DA:72,28
DA:74,28
DA:77,28
DA:78,28
DA:79,28
DA:80,28
DA:82,28
DA:83,2
DA:86,28
DA:87,1
DA:90,28
DA:93,28
DA:94,28
DA:97,28
DA:98,28
DA:99,36
DA:100,36
DA:102,36
DA:103,36
DA:104,36
DA:106,36
DA:107,36
DA:109,36
DA:112,36
DA:113,9
DA:117,28
DA:120,28
DA:121,28
DA:123,28
DA:124,1
DA:127,28
DA:128,1
DA:131,28
DA:132,28
DA:133,28
DA:134,28
DA:137,28
DA:138,28
DA:144,28
DA:146,28
DA:147,8
DA:148,8
DA:150,8
DA:151,2
DA:152,2
DA:157,28
DA:158,1
DA:159,1
DA:160,1
DA:161,1
DA:162,1
DA:167,28
DA:170,28
DA:171,28
DA:172,28
DA:173,28
DA:174,28
DA:175,28
DA:177,28
DA:178,1
DA:179,1
DA:182,28
DA:189,1
DA:215,1
LF:89
LH:88
BRDA:7,0,0,2
BRDA:7,0,1,34
BRDA:26,1,0,0
BRDA:26,1,1,219
BRDA:37,2,0,140
BRDA:37,2,1,0
BRDA:45,3,0,27
BRDA:45,3,1,1
BRDA:62,4,0,28
BRDA:62,4,1,0
BRDA:65,5,0,28
BRDA:65,5,1,0
BRDA:68,6,0,28
BRDA:68,6,1,0
BRDA:71,7,0,28
BRDA:71,7,1,0
BRDA:78,8,0,28
BRDA:78,8,1,1
BRDA:78,8,2,0
BRDA:82,9,0,2
BRDA:82,9,1,26
BRDA:86,10,0,1
BRDA:86,10,1,27
BRDA:97,11,0,28
BRDA:97,11,1,0
BRDA:99,12,0,36
BRDA:99,12,1,1
BRDA:99,12,2,1
BRDA:102,13,0,36
BRDA:102,13,1,0
BRDA:102,14,0,36
BRDA:102,14,1,2
BRDA:103,15,0,36
BRDA:103,15,1,2
BRDA:103,16,0,36
BRDA:103,16,1,2
BRDA:112,17,0,9
BRDA:112,17,1,27
BRDA:120,18,0,28
BRDA:120,18,1,2
BRDA:120,18,2,2
BRDA:123,19,0,1
BRDA:123,19,1,27
BRDA:123,20,0,28
BRDA:123,20,1,1
BRDA:127,21,0,1
BRDA:127,21,1,27
BRDA:127,22,0,28
BRDA:127,22,1,1
BRDA:131,23,0,28
BRDA:131,23,1,2
BRDA:137,24,0,28
BRDA:137,24,1,0
BRDA:144,25,0,28
BRDA:144,25,1,0
BRDA:146,26,0,8
BRDA:146,26,1,20
BRDA:150,27,0,2
BRDA:150,27,1,6
BRDA:150,28,0,8
BRDA:150,28,1,4
BRDA:157,29,0,1
BRDA:157,29,1,27
BRDA:158,30,0,1
BRDA:158,30,1,0
BRDA:161,31,0,1
BRDA:161,31,1,0
BRDA:171,32,0,28
BRDA:171,32,1,0
BRDA:172,33,0,28
BRDA:172,33,1,0
BRDA:177,34,0,1
BRDA:177,34,1,27
BRF:73
BRH:58
end_of_record
TN:
SF:src/server.js
FN:12,(anonymous_0)
FN:22,(anonymous_1)
FN:31,(anonymous_2)
FN:37,(anonymous_3)
FN:48,(anonymous_4)
FN:57,(anonymous_5)
FN:77,(anonymous_6)
FN:83,(anonymous_7)
FN:110,(anonymous_8)
FN:132,(anonymous_9)
FN:145,(anonymous_10)
FN:153,(anonymous_11)
FN:171,(anonymous_12)
FN:186,(anonymous_13)
FN:255,(anonymous_14)
FN:273,(anonymous_15)
FN:290,(anonymous_16)
FN:298,(anonymous_17)
FN:304,(anonymous_18)
FN:305,(anonymous_19)
FNF:20
FNH:0
FNDA:0,(anonymous_0)
FNDA:0,(anonymous_1)
FNDA:0,(anonymous_2)
FNDA:0,(anonymous_3)
FNDA:0,(anonymous_4)
FNDA:0,(anonymous_5)
FNDA:0,(anonymous_6)
FNDA:0,(anonymous_7)
FNDA:0,(anonymous_8)
FNDA:0,(anonymous_9)
FNDA:0,(anonymous_10)
FNDA:0,(anonymous_11)
FNDA:0,(anonymous_12)
FNDA:0,(anonymous_13)
FNDA:0,(anonymous_14)
FNDA:0,(anonymous_15)
FNDA:0,(anonymous_16)
FNDA:0,(anonymous_17)
FNDA:0,(anonymous_18)
FNDA:0,(anonymous_19)
DA:1,0
DA:2,0
DA:3,0
DA:4,0
DA:5,0
DA:6,0
DA:7,0
DA:10,0
DA:12,0
DA:13,0
DA:14,0
DA:15,0
DA:16,0
DA:17,0
DA:18,0
DA:21,0
DA:22,0
DA:23,0
DA:24,0
DA:27,0
DA:31,0
DA:32,0
DA:33,0
DA:37,0
DA:38,0
DA:39,0
DA:40,0
DA:41,0
DA:42,0
DA:43,0
DA:44,0
DA:47,0
DA:48,0
DA:49,0
DA:50,0
DA:53,0
DA:57,0
DA:58,0
DA:59,0
DA:63,0
DA:66,0
DA:70,0
DA:74,0
DA:77,0
DA:78,0
DA:79,0
DA:83,0
DA:84,0
DA:86,0
DA:87,0
DA:88,0
DA:94,0
DA:98,0
DA:101,0
DA:111,0
DA:112,0
DA:123,0
DA:133,0
DA:134,0
DA:145,0
DA:146,0
DA:153,0
DA:154,0
DA:155,0
DA:156,0
DA:161,0
DA:162,0
DA:171,0
DA:172,0
DA:173,0
DA:174,0
DA:176,0
DA:177,0
DA:186,0
DA:187,0
DA:188,0
DA:191,0
DA:192,0
DA:199,0
DA:200,0
DA:207,0
DA:208,0
DA:215,0
DA:216,0
DA:217,0
DA:218,0
DA:223,0
DA:224,0
DA:229,0
DA:230,0
DA:231,0
DA:238,0
DA:239,0
DA:242,0
DA:243,0
DA:245,0
DA:246,0
DA:255,0
DA:257,0
DA:258,0
DA:259,0
DA:265,0
DA:266,0
DA:273,0
DA:274,0
DA:275,0
DA:276,0
DA:277,0
DA:278,0
DA:279,0
DA:280,0
DA:281,0
DA:282,0
DA:283,0
DA:284,0
DA:285,0
DA:286,0
DA:290,0
DA:291,0
DA:292,0
DA:293,0
DA:294,0
DA:296,0
DA:298,0
DA:299,0
DA:300,0
DA:304,0
DA:305,0
LF:128
LH:0
BRDA:21,0,0,0
BRDA:21,0,1,0
BRDA:47,1,0,0
BRDA:47,1,1,0
BRDA:86,2,0,0
BRDA:86,2,1,0
BRDA:86,3,0,0
BRDA:86,3,1,0
BRDA:165,4,0,0
BRDA:165,4,1,0
BRDA:165,5,0,0
BRDA:165,5,1,0
BRDA:180,6,0,0
BRDA:180,6,1,0
BRDA:180,7,0,0
BRDA:180,7,1,0
BRDA:191,8,0,0
BRDA:191,8,1,0
BRDA:191,9,0,0
BRDA:191,9,1,0
BRDA:199,10,0,0
BRDA:199,10,1,0
BRDA:199,11,0,0
BRDA:199,11,1,0
BRDA:199,11,2,0
BRDA:207,12,0,0
BRDA:207,12,1,0
BRDA:217,13,0,0
BRDA:217,13,1,0
BRDA:217,14,0,0
BRDA:217,14,1,0
BRDA:223,15,0,0
BRDA:223,15,1,0
BRDA:223,16,0,0
BRDA:223,16,1,0
BRDA:223,16,2,0
BRDA:229,17,0,0
BRDA:229,17,1,0
BRDA:230,18,0,0
BRDA:230,18,1,0
BRDA:230,19,0,0
BRDA:230,19,1,0
BRDA:230,19,2,0
BRDA:238,20,0,0
BRDA:238,20,1,0
BRDA:249,21,0,0
BRDA:249,21,1,0
BRDA:249,22,0,0
BRDA:249,22,1,0
BRDA:257,23,0,0
BRDA:257,23,1,0
BRF:51
BRH:0
end_of_record
